<!DOCTYPE html PUBLIC "-//W3C//DTD XHTML 1.1//EN" "http://www.w3.org/TR/xhtml11/DTD/xhtml11.dtd">
<html xmlns="http://www.w3.org/1999/xhtml">
<head>
<meta http-equiv="content-type" content="text/html; charset=UTF-8"/>
<title>TestNG Report</title>
<style type="text/css">table {margin-bottom:10px;border-collapse:collapse;empty-cells:show}th,td {border:1px solid #009;padding:.25em .5em}th {vertical-align:bottom}td {vertical-align:top}table a {font-weight:bold}.stripe td {background-color: #E6EBF9}.num {text-align:right}.passedodd td {background-color: #3F3}.passedeven td {background-color: #0A0}.skippedodd td {background-color: #DDD}.skippedeven td {background-color: #CCC}.failedodd td,.attn {background-color: #F33}.failedeven td,.stripe .attn {background-color: #D00}.stacktrace {white-space:pre;font-family:monospace}.totop {font-size:85%;text-align:center;border-bottom:2px solid #000}.invisible {display:none}</style>
</head>
<body>
<table>
<tr><th>Test</th><th># Passed</th><th># Skipped</th><th># Failed</th><th>Time (ms)</th><th>Included Groups</th><th>Excluded Groups</th></tr>
<tr><th colspan="7">Gurukula Regression Automation Suite</th></tr>
<tr><td><a href="#t0">Full Regression Test</a></td><td class="num">69</td><td class="num">0</td><td class="num attn">13</td><td class="num">334,520</td><td></td><td></td></tr>
</table>
<table id='summary'><thead><tr><th>Class</th><th>Method</th><th>Start</th><th>Time (ms)</th></tr></thead><tbody><tr><th colspan="4">Gurukula Regression Automation Suite</th></tr></tbody><tbody id="t0"><tr><th colspan="4">Full Regression Test &#8212; failed</th></tr><tr class="failedeven"><td rowspan="7">com.gurukula.tests.AccountTest</td><td><a href="#m0">M3_TS01_Verify_user_settings_change</a></td><td rowspan="1">1531186923386</td><td rowspan="1">2796</td></tr><tr class="failedeven"><td><a href="#m1">M3_TS02_Verify_Change_user_password</a></td><td rowspan="1">1531186926532</td><td rowspan="1">5795</td></tr><tr class="failedeven"><td><a href="#m2">M3_TS03_VerifyPasswordStrength_ChangePwdScreen</a></td><td rowspan="3">1531186952302</td><td rowspan="3">1820</td></tr><tr class="failedeven"><td><a href="#m3">M3_TS03_VerifyPasswordStrength_ChangePwdScreen</a></td></tr><tr class="failedeven"><td><a href="#m4">M3_TS03_VerifyPasswordStrength_ChangePwdScreen</a></td></tr><tr class="failedeven"><td><a href="#m5">M3_TS04_VerifySettings_EmailFieldErrors</a></td><td rowspan="1">1531186958460</td><td rowspan="1">1682</td></tr><tr class="failedeven"><td><a href="#m6">M3_TS05_Verify_Invalidate_Session</a></td><td rowspan="1">1531186960430</td><td rowspan="1">1693</td></tr><tr class="failedodd"><td rowspan="2">com.gurukula.tests.LoginTest</td><td><a href="#m7">M1_TS04_Verify_Reset_your_password</a></td><td rowspan="2">1531186869897</td><td rowspan="2">2209</td></tr><tr class="failedodd"><td><a href="#m8">M1_TS04_Verify_Reset_your_password</a></td></tr><tr class="failedeven"><td rowspan="4">com.gurukula.tests.RegistrationTest</td><td><a href="#m9">M2_TS01_Verify_NewUser_Registration</a></td><td rowspan="1">1531186876315</td><td rowspan="1">7909</td></tr><tr class="failedeven"><td><a href="#m10">M2_TS03_Registeration_ErrorMessageVerification</a></td><td rowspan="3">1531186904958</td><td rowspan="3">1400</td></tr><tr class="failedeven"><td><a href="#m11">M2_TS03_Registeration_ErrorMessageVerification</a></td></tr><tr class="failedeven"><td><a href="#m12">M2_TS03_Registeration_ErrorMessageVerification</a></td></tr><tr><th colspan="4">Full Regression Test &#8212; passed</th></tr><tr class="passedeven"><td rowspan="13">com.gurukula.tests.AccountTest</td><td><a href="#m13">M3_TS03_VerifyPasswordStrength_ChangePwdScreen</a></td><td rowspan="10">1531186932671</td><td rowspan="10">1267</td></tr><tr class="passedeven"><td><a href="#m14">M3_TS03_VerifyPasswordStrength_ChangePwdScreen</a></td></tr><tr class="passedeven"><td><a href="#m15">M3_TS03_VerifyPasswordStrength_ChangePwdScreen</a></td></tr><tr class="passedeven"><td><a href="#m16">M3_TS03_VerifyPasswordStrength_ChangePwdScreen</a></td></tr><tr class="passedeven"><td><a href="#m17">M3_TS03_VerifyPasswordStrength_ChangePwdScreen</a></td></tr><tr class="passedeven"><td><a href="#m18">M3_TS03_VerifyPasswordStrength_ChangePwdScreen</a></td></tr><tr class="passedeven"><td><a href="#m19">M3_TS03_VerifyPasswordStrength_ChangePwdScreen</a></td></tr><tr class="passedeven"><td><a href="#m20">M3_TS03_VerifyPasswordStrength_ChangePwdScreen</a></td></tr><tr class="passedeven"><td><a href="#m21">M3_TS03_VerifyPasswordStrength_ChangePwdScreen</a></td></tr><tr class="passedeven"><td><a href="#m22">M3_TS03_VerifyPasswordStrength_ChangePwdScreen</a></td></tr><tr class="passedeven"><td><a href="#m23">M3_TS04_VerifySettings_EmailFieldErrors</a></td><td rowspan="3">1531186955797</td><td rowspan="3">1100</td></tr><tr class="passedeven"><td><a href="#m24">M3_TS04_VerifySettings_EmailFieldErrors</a></td></tr><tr class="passedeven"><td><a href="#m25">M3_TS04_VerifySettings_EmailFieldErrors</a></td></tr><tr class="passedodd"><td rowspan="16">com.gurukula.tests.BranchTest</td><td><a href="#m26">M4_TS01_Create_newBranch</a></td><td rowspan="5">1531186971857</td><td rowspan="5">3993</td></tr><tr class="passedodd"><td><a href="#m27">M4_TS01_Create_newBranch</a></td></tr><tr class="passedodd"><td><a href="#m28">M4_TS01_Create_newBranch</a></td></tr><tr class="passedodd"><td><a href="#m29">M4_TS01_Create_newBranch</a></td></tr><tr class="passedodd"><td><a href="#m30">M4_TS01_Create_newBranch</a></td></tr><tr class="passedodd"><td><a href="#m31">M4_TS02_Verify_BranchCreationError_Message_Handling</a></td><td rowspan="8">1531186990973</td><td rowspan="8">2918</td></tr><tr class="passedodd"><td><a href="#m32">M4_TS02_Verify_BranchCreationError_Message_Handling</a></td></tr><tr class="passedodd"><td><a href="#m33">M4_TS02_Verify_BranchCreationError_Message_Handling</a></td></tr><tr class="passedodd"><td><a href="#m34">M4_TS02_Verify_BranchCreationError_Message_Handling</a></td></tr><tr class="passedodd"><td><a href="#m35">M4_TS02_Verify_BranchCreationError_Message_Handling</a></td></tr><tr class="passedodd"><td><a href="#m36">M4_TS02_Verify_BranchCreationError_Message_Handling</a></td></tr><tr class="passedodd"><td><a href="#m37">M4_TS02_Verify_BranchCreationError_Message_Handling</a></td></tr><tr class="passedodd"><td><a href="#m38">M4_TS02_Verify_BranchCreationError_Message_Handling</a></td></tr><tr class="passedodd"><td><a href="#m39">M4_TS03_Verify_BranchEdit</a></td><td rowspan="1">1531187015305</td><td rowspan="1">7134</td></tr><tr class="passedodd"><td><a href="#m40">M4_TS04_Verify_BranchDelete</a></td><td rowspan="1">1531187022783</td><td rowspan="1">6400</td></tr><tr class="passedodd"><td><a href="#m41">M4_TS05_Verify_BranchView</a></td><td rowspan="1">1531187029568</td><td rowspan="1">5091</td></tr><tr class="passedeven"><td rowspan="10">com.gurukula.tests.LoginTest</td><td><a href="#m42">M1_TS01_Login_VerifyApplicationIsUp</a></td><td rowspan="1">1531186851121</td><td rowspan="1">68</td></tr><tr class="passedeven"><td><a href="#m43">M1_TS02_VerifyLogin</a></td><td rowspan="1">1531186851700</td><td rowspan="1">3019</td></tr><tr class="passedeven"><td><a href="#m44">M1_TS03_VerifyInvalidLogin</a></td><td rowspan="4">1531186855047</td><td rowspan="4">2804</td></tr><tr class="passedeven"><td><a href="#m45">M1_TS03_VerifyInvalidLogin</a></td></tr><tr class="passedeven"><td><a href="#m46">M1_TS03_VerifyInvalidLogin</a></td></tr><tr class="passedeven"><td><a href="#m47">M1_TS03_VerifyInvalidLogin</a></td></tr><tr class="passedeven"><td><a href="#m48">M1_TS04_Verify_Reset_your_password</a></td><td rowspan="4">1531186866352</td><td rowspan="4">1180</td></tr><tr class="passedeven"><td><a href="#m49">M1_TS04_Verify_Reset_your_password</a></td></tr><tr class="passedeven"><td><a href="#m50">M1_TS04_Verify_Reset_your_password</a></td></tr><tr class="passedeven"><td><a href="#m51">M1_TS04_Verify_Reset_your_password</a></td></tr><tr class="passedodd"><td rowspan="18">com.gurukula.tests.RegistrationTest</td><td><a href="#m52">M2_TS02_VerifyPasswordStrength</a></td><td rowspan="4">1531186894621</td><td rowspan="4">2305</td></tr><tr class="passedodd"><td><a href="#m53">M2_TS02_VerifyPasswordStrength</a></td></tr><tr class="passedodd"><td><a href="#m54">M2_TS02_VerifyPasswordStrength</a></td></tr><tr class="passedodd"><td><a href="#m55">M2_TS02_VerifyPasswordStrength</a></td></tr><tr class="passedodd"><td><a href="#m56">M2_TS03_Registeration_ErrorMessageVerification</a></td><td rowspan="13">1531186899810</td><td rowspan="13">1300</td></tr><tr class="passedodd"><td><a href="#m57">M2_TS03_Registeration_ErrorMessageVerification</a></td></tr><tr class="passedodd"><td><a href="#m58">M2_TS03_Registeration_ErrorMessageVerification</a></td></tr><tr class="passedodd"><td><a href="#m59">M2_TS03_Registeration_ErrorMessageVerification</a></td></tr><tr class="passedodd"><td><a href="#m60">M2_TS03_Registeration_ErrorMessageVerification</a></td></tr><tr class="passedodd"><td><a href="#m61">M2_TS03_Registeration_ErrorMessageVerification</a></td></tr><tr class="passedodd"><td><a href="#m62">M2_TS03_Registeration_ErrorMessageVerification</a></td></tr><tr class="passedodd"><td><a href="#m63">M2_TS03_Registeration_ErrorMessageVerification</a></td></tr><tr class="passedodd"><td><a href="#m64">M2_TS03_Registeration_ErrorMessageVerification</a></td></tr><tr class="passedodd"><td><a href="#m65">M2_TS03_Registeration_ErrorMessageVerification</a></td></tr><tr class="passedodd"><td><a href="#m66">M2_TS03_Registeration_ErrorMessageVerification</a></td></tr><tr class="passedodd"><td><a href="#m67">M2_TS03_Registeration_ErrorMessageVerification</a></td></tr><tr class="passedodd"><td><a href="#m68">M2_TS03_Registeration_ErrorMessageVerification</a></td></tr><tr class="passedodd"><td><a href="#m69">M2_TS04_VerifyRegistrationEnable</a></td><td rowspan="1">1531186920641</td><td rowspan="1">2462</td></tr><tr class="passedeven"><td rowspan="12">com.gurukula.tests.StaffTest</td><td><a href="#m70">M5_TS01_Create_new_staff</a></td><td rowspan="6">1531187034951</td><td rowspan="6">6188</td></tr><tr class="passedeven"><td><a href="#m71">M5_TS01_Create_new_staff</a></td></tr><tr class="passedeven"><td><a href="#m72">M5_TS01_Create_new_staff</a></td></tr><tr class="passedeven"><td><a href="#m73">M5_TS01_Create_new_staff</a></td></tr><tr class="passedeven"><td><a href="#m74">M5_TS01_Create_new_staff</a></td></tr><tr class="passedeven"><td><a href="#m75">M5_TS01_Create_new_staff</a></td></tr><tr class="passedeven"><td><a href="#m76">M5_TS02_Verify_StaffCreationError_Message_Handling</a></td><td rowspan="3">1531187073836</td><td rowspan="3">2941</td></tr><tr class="passedeven"><td><a href="#m77">M5_TS02_Verify_StaffCreationError_Message_Handling</a></td></tr><tr class="passedeven"><td><a href="#m78">M5_TS02_Verify_StaffCreationError_Message_Handling</a></td></tr><tr class="passedeven"><td><a href="#m79">M5_TS03_Verify_StaffEdit</a></td><td rowspan="1">1531187079872</td><td rowspan="1">7702</td></tr><tr class="passedeven"><td><a href="#m80">M5_TS04_Verify_StaffDelete</a></td><td rowspan="1">1531187087966</td><td rowspan="1">7706</td></tr><tr class="passedeven"><td><a href="#m81">M5_TS05_Verify_StaffView</a></td><td rowspan="1">1531187096000</td><td rowspan="1">5137</td></tr></tbody>
</table>
<h2>Full Regression Test</h2><h3 id="m0">com.gurukula.tests.AccountTest#M3_TS01_Verify_user_settings_change</h3><table class="result"><tr><th>Exception</th></tr><tr><td><div class="stacktrace">java.lang.AssertionError: expected [Sucess!] but found [An error has occurred!]
	at com.gurukula.tests.AccountTest.M3_TS01_Verify_user_settings_change(AccountTest.java:60)
... Removed 31 stack frames</div></td></tr></table><p class="totop"><a href="#summary">back to summary</a></p>
<h3 id="m1">com.gurukula.tests.AccountTest#M3_TS02_Verify_Change_user_password</h3><table class="result"><tr><th>Exception</th></tr><tr><td><div class="stacktrace">java.lang.AssertionError: expected [Sucess!] but found [An error has occurred!]
	at com.gurukula.tests.AccountTest.M3_TS02_Verify_Change_user_password(AccountTest.java:81)
... Removed 31 stack frames</div></td></tr></table><p class="totop"><a href="#summary">back to summary</a></p>
<h3 id="m2">com.gurukula.tests.AccountTest#M3_TS03_VerifyPasswordStrength_ChangePwdScreen</h3><table class="result"><tr class="param"><th>Parameter #1</th><th>Parameter #2</th><th>Parameter #3</th><th>Parameter #4</th></tr><tr class="param stripe"><td>13</td><td>12345</td><td>45678</td><td>The password and its confirmation do not match!</td></tr><tr><th colspan="4">Messages</th></tr><tr><td colspan="4"><div class="messages">Click Passwords sub-menu -><br/>Verification of Password Mismatch Error Message -></div></td></tr><tr><th colspan="4">Exception</th></tr><tr><td colspan="4"><div class="stacktrace">java.lang.AssertionError: expected [The password and its confirmation do not match!] but found [Password for [admin]
The password and its confirmation do not match!
New password
Password strength:
New password confirmation
Save
Copyright Â© 2015. All rights reserved]
	at com.gurukula.tests.AccountTest.M3_TS03_VerifyPasswordStrength_ChangePwdScreen(AccountTest.java:158)
... Removed 31 stack frames</div></td></tr></table><p class="totop"><a href="#summary">back to summary</a></p>
<h3 id="m3">com.gurukula.tests.AccountTest#M3_TS03_VerifyPasswordStrength_ChangePwdScreen</h3><table class="result"><tr class="param"><th>Parameter #1</th><th>Parameter #2</th><th>Parameter #3</th><th>Parameter #4</th></tr><tr class="param stripe"><td>12</td><td></td><td>12345$</td><td>Password should begin with a alphabet and should contain a number and a special character.</td></tr><tr><th colspan="4">Messages</th></tr><tr><td colspan="4"><div class="messages">Click Passwords sub-menu -><br/>Verification of Confirm Password Error Message -></div></td></tr><tr><th colspan="4">Exception</th></tr><tr><td colspan="4"><div class="stacktrace">java.lang.AssertionError: expected [Password should begin with a alphabet and should contain a number and a special character.] but found []
	at com.gurukula.tests.AccountTest.M3_TS03_VerifyPasswordStrength_ChangePwdScreen(AccountTest.java:151)
... Removed 31 stack frames</div></td></tr></table><p class="totop"><a href="#summary">back to summary</a></p>
<h3 id="m4">com.gurukula.tests.AccountTest#M3_TS03_VerifyPasswordStrength_ChangePwdScreen</h3><table class="result"><tr class="param"><th>Parameter #1</th><th>Parameter #2</th><th>Parameter #3</th><th>Parameter #4</th></tr><tr class="param stripe"><td>8</td><td>12345$</td><td></td><td>Password should begin with a alphabet and should contain a number and a special character.</td></tr><tr><th colspan="4">Messages</th></tr><tr><td colspan="4"><div class="messages">Click Passwords sub-menu -><br/>Verification of Password Error Message -></div></td></tr><tr><th colspan="4">Exception</th></tr><tr><td colspan="4"><div class="stacktrace">java.lang.AssertionError: expected [Password should begin with a alphabet and should contain a number and a special character.] but found []
	at com.gurukula.tests.AccountTest.M3_TS03_VerifyPasswordStrength_ChangePwdScreen(AccountTest.java:127)
... Removed 31 stack frames</div></td></tr></table><p class="totop"><a href="#summary">back to summary</a></p>
<h3 id="m5">com.gurukula.tests.AccountTest#M3_TS04_VerifySettings_EmailFieldErrors</h3><table class="result"><tr class="param"><th>Parameter #1</th><th>Parameter #2</th><th>Parameter #3</th></tr><tr class="param stripe"><td>4</td><td>email1234567890123456789012345678901234567812@com</td><td>Your e-mail cannot be longer than 50 characters.</td></tr><tr><th colspan="3">Messages</th></tr><tr><td colspan="3"><div class="messages">Click Settings sub-menu -><br/>Verification of Email Error Message -></div></td></tr><tr><th colspan="3">Exception</th></tr><tr><td colspan="3"><div class="stacktrace">java.lang.AssertionError: expected [Your e-mail cannot be longer than 50 characters.] but found []
	at com.gurukula.tests.AccountTest.M3_TS04_VerifySettings_EmailFieldErrors(AccountTest.java:188)
... Removed 31 stack frames</div></td></tr></table><p class="totop"><a href="#summary">back to summary</a></p>
<h3 id="m6">com.gurukula.tests.AccountTest#M3_TS05_Verify_Invalidate_Session</h3><table class="result"><tr><th>Exception</th></tr><tr><td><div class="stacktrace">org.openqa.selenium.StaleElementReferenceException: stale element reference: element is not attached to the page document
  (Session info: chrome=67.0.3396.99)
  (Driver info: chromedriver=2.40.565498 (ea082db3280dd6843ebfb08a625e3eb905c4f5ab),platform=Windows NT 10.0.16299 x86_64) (WARNING: The server did not provide any stacktrace information)
Command duration or timeout: 0 milliseconds
For documentation on this error, please visit: http://seleniumhq.org/exceptions/stale_element_reference.html
Build info: version: &apos;3.13.0&apos;, revision: &apos;2f0d292&apos;, time: &apos;2018-06-25T15:24:21.231Z&apos;
System info: host: &apos;M5-L-5194G16&apos;, ip: &apos;172.31.9.133&apos;, os.name: &apos;Windows 10&apos;, os.arch: &apos;amd64&apos;, os.version: &apos;10.0&apos;, java.version: &apos;1.8.0_161&apos;
Driver info: org.openqa.selenium.chrome.ChromeDriver
Capabilities {acceptInsecureCerts: false, acceptSslCerts: false, applicationCacheEnabled: false, browserConnectionEnabled: false, browserName: chrome, chrome: {chromedriverVersion: 2.40.565498 (ea082db3280dd6..., userDataDir: C:\Users\NITISH~1.CHO\AppDa...}, cssSelectorsEnabled: true, databaseEnabled: false, handlesAlerts: true, hasTouchScreen: false, javascriptEnabled: true, locationContextEnabled: true, mobileEmulationEnabled: false, nativeEvents: true, networkConnectionEnabled: false, pageLoadStrategy: normal, platform: XP, platformName: XP, rotatable: false, setWindowRect: true, takesHeapSnapshot: true, takesScreenshot: true, unexpectedAlertBehaviour: , unhandledPromptBehavior: , version: 67.0.3396.99, webStorageEnabled: true}
Session ID: 3ddf396466a672e3b5e00e550f965fb3
	at org.openqa.selenium.remote.ErrorHandler.createThrowable(ErrorHandler.java:214)
	at org.openqa.selenium.remote.ErrorHandler.throwIfResponseFailed(ErrorHandler.java:166)
	at org.openqa.selenium.remote.http.JsonHttpResponseCodec.reconstructValue(JsonHttpResponseCodec.java:40)
	at org.openqa.selenium.remote.http.AbstractHttpResponseCodec.decode(AbstractHttpResponseCodec.java:80)
	at org.openqa.selenium.remote.http.AbstractHttpResponseCodec.decode(AbstractHttpResponseCodec.java:44)
	at org.openqa.selenium.remote.HttpCommandExecutor.execute(HttpCommandExecutor.java:158)
	at org.openqa.selenium.remote.service.DriverCommandExecutor.execute(DriverCommandExecutor.java:83)
	at org.openqa.selenium.remote.RemoteWebDriver.execute(RemoteWebDriver.java:548)
	at org.openqa.selenium.remote.RemoteWebElement.execute(RemoteWebElement.java:276)
	at org.openqa.selenium.remote.RemoteWebElement.getText(RemoteWebElement.java:160)
	at org.openqa.selenium.support.pagefactory.internal.LocatingElementHandler.invoke(LocatingElementHandler.java:51)
	at com.sun.proxy.$Proxy11.getText(Unknown Source)
	at com.gurukula.pages.BasicPage.getPageHeader(BasicPage.java:74)
	at com.gurukula.tests.AccountTest.M3_TS05_Verify_Invalidate_Session(AccountTest.java:203)
... Removed 32 stack frames</div></td></tr></table><p class="totop"><a href="#summary">back to summary</a></p>
<h3 id="m7">com.gurukula.tests.LoginTest#M1_TS04_Verify_Reset_your_password</h3><table class="result"><tr class="param"><th>Parameter #1</th><th>Parameter #2</th><th>Parameter #3</th></tr><tr class="param stripe"><td>4</td><td>email1234567890123456789012345678901234567812@com</td><td>Your e-mail cannot be longer than 50 characters.</td></tr><tr><th colspan="3">Messages</th></tr><tr><td colspan="3"><div class="messages">TC04_Verify Reset your password functionality<br/>Verification of Confirm Password Error Message -></div></td></tr><tr><th colspan="3">Exception</th></tr><tr><td colspan="3"><div class="stacktrace">java.lang.AssertionError: expected [Your e-mail cannot be longer than 50 characters.] but found []
	at com.gurukula.tests.LoginTest.M1_TS04_Verify_Reset_your_password(LoginTest.java:100)
... Removed 31 stack frames</div></td></tr></table><p class="totop"><a href="#summary">back to summary</a></p>
<h3 id="m8">com.gurukula.tests.LoginTest#M1_TS04_Verify_Reset_your_password</h3><table class="result"><tr class="param"><th>Parameter #1</th><th>Parameter #2</th><th>Parameter #3</th></tr><tr class="param stripe"><td>6</td><td>admin@localhost</td><td>Success!</td></tr><tr><th colspan="3">Messages</th></tr><tr><td colspan="3"><div class="messages">TC04_Verify Reset your password functionality</div></td></tr><tr><th colspan="3">Exception</th></tr><tr><td colspan="3"><div class="stacktrace">java.lang.AssertionError: expected [Success!] but found []
	at com.gurukula.tests.LoginTest.M1_TS04_Verify_Reset_your_password(LoginTest.java:110)
... Removed 31 stack frames</div></td></tr></table><p class="totop"><a href="#summary">back to summary</a></p>
<h3 id="m9">com.gurukula.tests.RegistrationTest#M2_TS01_Verify_NewUser_Registration</h3><table class="result"><tr class="param"><th>Parameter #1</th><th>Parameter #2</th><th>Parameter #3</th><th>Parameter #4</th></tr><tr class="param stripe"><td>nitish</td><td>nitish@opentrash.com</td><td>Test@2018!!!!!</td><td>Test@2018!!!!!</td></tr><tr><th colspan="4">Messages</th></tr><tr><td colspan="4"><div class="messages">Click Register a new account link -><br/>Enter Login Name [nitish] -><br/>Enter Email [nitish@opentrash.com] -><br/>Enter Password [Test@2018!!!!!] -><br/>Enter Confirm Password [Test@2018!!!!!] -><br/>Click Register Button -><br/>Verify Success Message</div></td></tr><tr><th colspan="4">Exception</th></tr><tr><td colspan="4"><div class="stacktrace">java.lang.AssertionError: expected [Registration Success!] but found [Registration failed!]
	at com.gurukula.tests.RegistrationTest.M2_TS01_Verify_NewUser_Registration(RegistrationTest.java:51)
... Removed 31 stack frames</div></td></tr></table><p class="totop"><a href="#summary">back to summary</a></p>
<h3 id="m10">com.gurukula.tests.RegistrationTest#M2_TS03_Registeration_ErrorMessageVerification</h3><table class="result"><tr class="param"><th>Parameter #1</th><th>Parameter #2</th><th>Parameter #3</th><th>Parameter #4</th><th>Parameter #5</th><th>Parameter #6</th></tr><tr class="param stripe"><td>7</td><td>user</td><td>email1234567890123456789012345678901234567812@com</td><td></td><td></td><td>Your e-mail cannot be longer than 50 characters.</td></tr><tr><th colspan="6">Messages</th></tr><tr><td colspan="6"><div class="messages">Click Register a new account link -><br/>Verification of Email Error Message -></div></td></tr><tr><th colspan="6">Exception</th></tr><tr><td colspan="6"><div class="stacktrace">java.lang.AssertionError: expected [Your e-mail cannot be longer than 50 characters.] but found []
	at com.gurukula.tests.RegistrationTest.M2_TS03_Registeration_ErrorMessageVerification(RegistrationTest.java:102)
... Removed 31 stack frames</div></td></tr></table><p class="totop"><a href="#summary">back to summary</a></p>
<h3 id="m11">com.gurukula.tests.RegistrationTest#M2_TS03_Registeration_ErrorMessageVerification</h3><table class="result"><tr class="param"><th>Parameter #1</th><th>Parameter #2</th><th>Parameter #3</th><th>Parameter #4</th><th>Parameter #5</th><th>Parameter #6</th></tr><tr class="param stripe"><td>15</td><td>user</td><td>a@a</td><td></td><td>12345$</td><td>Password should begin with a alphabet and should contain a number and a special character.</td></tr><tr><th colspan="6">Messages</th></tr><tr><td colspan="6"><div class="messages">Click Register a new account link -><br/>Verification of Confirm Password Error Message -></div></td></tr><tr><th colspan="6">Exception</th></tr><tr><td colspan="6"><div class="stacktrace">java.lang.AssertionError: expected [Password should begin with a alphabet and should contain a number and a special character.] but found []
	at com.gurukula.tests.RegistrationTest.M2_TS03_Registeration_ErrorMessageVerification(RegistrationTest.java:137)
... Removed 31 stack frames</div></td></tr></table><p class="totop"><a href="#summary">back to summary</a></p>
<h3 id="m12">com.gurukula.tests.RegistrationTest#M2_TS03_Registeration_ErrorMessageVerification</h3><table class="result"><tr class="param"><th>Parameter #1</th><th>Parameter #2</th><th>Parameter #3</th><th>Parameter #4</th><th>Parameter #5</th><th>Parameter #6</th></tr><tr class="param stripe"><td>11</td><td>user</td><td>a@abc.com</td><td>12345$</td><td></td><td>Password should begin with a alphabet and should contain a number and a special character.</td></tr><tr><th colspan="6">Messages</th></tr><tr><td colspan="6"><div class="messages">Click Register a new account link -><br/>Verification of Password Error Message -></div></td></tr><tr><th colspan="6">Exception</th></tr><tr><td colspan="6"><div class="stacktrace">java.lang.AssertionError: expected [Password should begin with a alphabet and should contain a number and a special character.] but found []
	at com.gurukula.tests.RegistrationTest.M2_TS03_Registeration_ErrorMessageVerification(RegistrationTest.java:119)
... Removed 31 stack frames</div></td></tr></table><p class="totop"><a href="#summary">back to summary</a></p>
<h3 id="m13">com.gurukula.tests.AccountTest#M3_TS03_VerifyPasswordStrength_ChangePwdScreen</h3><table class="result"><tr class="param"><th>Parameter #1</th><th>Parameter #2</th><th>Parameter #3</th><th>Parameter #4</th></tr><tr class="param stripe"><td>1</td><td>Test@2018!!!!!</td><td></td><td>Very Strong</td></tr><tr><th colspan="4">Messages</th></tr><tr><td colspan="4"><div class="messages">Click Passwords sub-menu -></div></td></tr></table><p class="totop"><a href="#summary">back to summary</a></p>
<h3 id="m14">com.gurukula.tests.AccountTest#M3_TS03_VerifyPasswordStrength_ChangePwdScreen</h3><table class="result"><tr class="param"><th>Parameter #1</th><th>Parameter #2</th><th>Parameter #3</th><th>Parameter #4</th></tr><tr class="param stripe"><td>9</td><td></td><td>112345</td><td>Your confirmation password is required.</td></tr><tr><th colspan="4">Messages</th></tr><tr><td colspan="4"><div class="messages">Click Passwords sub-menu -><br/>Verification of Confirm Password Error Message Your confirmation password is required.-></div></td></tr></table><p class="totop"><a href="#summary">back to summary</a></p>
<h3 id="m15">com.gurukula.tests.AccountTest#M3_TS03_VerifyPasswordStrength_ChangePwdScreen</h3><table class="result"><tr class="param"><th>Parameter #1</th><th>Parameter #2</th><th>Parameter #3</th><th>Parameter #4</th></tr><tr class="param stripe"><td>7</td><td>password1234567890password1234567890password1234567</td><td></td><td>Your password cannot be longer than 50 characters.</td></tr><tr><th colspan="4">Messages</th></tr><tr><td colspan="4"><div class="messages">Click Passwords sub-menu -><br/>Verification of Password Error Message Your password cannot be longer than 50 characters.-></div></td></tr></table><p class="totop"><a href="#summary">back to summary</a></p>
<h3 id="m16">com.gurukula.tests.AccountTest#M3_TS03_VerifyPasswordStrength_ChangePwdScreen</h3><table class="result"><tr class="param"><th>Parameter #1</th><th>Parameter #2</th><th>Parameter #3</th><th>Parameter #4</th></tr><tr class="param stripe"><td>5</td><td>password</td><td></td><td>Your password is required.</td></tr><tr><th colspan="4">Messages</th></tr><tr><td colspan="4"><div class="messages">Click Passwords sub-menu -><br/>Verification of Password Error Message Your password is required.-></div></td></tr></table><p class="totop"><a href="#summary">back to summary</a></p>
<h3 id="m17">com.gurukula.tests.AccountTest#M3_TS03_VerifyPasswordStrength_ChangePwdScreen</h3><table class="result"><tr class="param"><th>Parameter #1</th><th>Parameter #2</th><th>Parameter #3</th><th>Parameter #4</th></tr><tr class="param stripe"><td>6</td><td>p</td><td></td><td>Your password is required to be at least 5 characters.</td></tr><tr><th colspan="4">Messages</th></tr><tr><td colspan="4"><div class="messages">Click Passwords sub-menu -><br/>Verification of Password Error Message Your password is required to be at least 5 characters.-></div></td></tr></table><p class="totop"><a href="#summary">back to summary</a></p>
<h3 id="m18">com.gurukula.tests.AccountTest#M3_TS03_VerifyPasswordStrength_ChangePwdScreen</h3><table class="result"><tr class="param"><th>Parameter #1</th><th>Parameter #2</th><th>Parameter #3</th><th>Parameter #4</th></tr><tr class="param stripe"><td>10</td><td></td><td>password1234567890password1234567890password1234567</td><td>Your confirmation password cannot be longer than 50 characters.</td></tr><tr><th colspan="4">Messages</th></tr><tr><td colspan="4"><div class="messages">Click Passwords sub-menu -><br/>Verification of Confirm Password Error Message Your confirmation password cannot be longer than 50 characters.-></div></td></tr></table><p class="totop"><a href="#summary">back to summary</a></p>
<h3 id="m19">com.gurukula.tests.AccountTest#M3_TS03_VerifyPasswordStrength_ChangePwdScreen</h3><table class="result"><tr class="param"><th>Parameter #1</th><th>Parameter #2</th><th>Parameter #3</th><th>Parameter #4</th></tr><tr class="param stripe"><td>2</td><td>Test@2018</td><td></td><td>Strong</td></tr><tr><th colspan="4">Messages</th></tr><tr><td colspan="4"><div class="messages">Click Passwords sub-menu -></div></td></tr></table><p class="totop"><a href="#summary">back to summary</a></p>
<h3 id="m20">com.gurukula.tests.AccountTest#M3_TS03_VerifyPasswordStrength_ChangePwdScreen</h3><table class="result"><tr class="param"><th>Parameter #1</th><th>Parameter #2</th><th>Parameter #3</th><th>Parameter #4</th></tr><tr class="param stripe"><td>4</td><td>12345abcde</td><td></td><td>Weak</td></tr><tr><th colspan="4">Messages</th></tr><tr><td colspan="4"><div class="messages">Click Passwords sub-menu -></div></td></tr></table><p class="totop"><a href="#summary">back to summary</a></p>
<h3 id="m21">com.gurukula.tests.AccountTest#M3_TS03_VerifyPasswordStrength_ChangePwdScreen</h3><table class="result"><tr class="param"><th>Parameter #1</th><th>Parameter #2</th><th>Parameter #3</th><th>Parameter #4</th></tr><tr class="param stripe"><td>3</td><td>12345</td><td></td><td>Very Weak</td></tr><tr><th colspan="4">Messages</th></tr><tr><td colspan="4"><div class="messages">Click Passwords sub-menu -></div></td></tr></table><p class="totop"><a href="#summary">back to summary</a></p>
<h3 id="m22">com.gurukula.tests.AccountTest#M3_TS03_VerifyPasswordStrength_ChangePwdScreen</h3><table class="result"><tr class="param"><th>Parameter #1</th><th>Parameter #2</th><th>Parameter #3</th><th>Parameter #4</th></tr><tr class="param stripe"><td>11</td><td></td><td>12</td><td>Your confirmation password is required to be at least 5 characters.</td></tr><tr><th colspan="4">Messages</th></tr><tr><td colspan="4"><div class="messages">Click Passwords sub-menu -><br/>Verification of Confirm Password Error Message Your confirmation password is required to be at least 5 characters.-></div></td></tr></table><p class="totop"><a href="#summary">back to summary</a></p>
<h3 id="m23">com.gurukula.tests.AccountTest#M3_TS04_VerifySettings_EmailFieldErrors</h3><table class="result"><tr class="param"><th>Parameter #1</th><th>Parameter #2</th><th>Parameter #3</th></tr><tr class="param stripe"><td>2</td><td>a@a.com</td><td>Your e-mail is required.</td></tr><tr><th colspan="3">Messages</th></tr><tr><td colspan="3"><div class="messages">Click Settings sub-menu -><br/>Verification of Email Error Message Your e-mail is required.-></div></td></tr></table><p class="totop"><a href="#summary">back to summary</a></p>
<h3 id="m24">com.gurukula.tests.AccountTest#M3_TS04_VerifySettings_EmailFieldErrors</h3><table class="result"><tr class="param"><th>Parameter #1</th><th>Parameter #2</th><th>Parameter #3</th></tr><tr class="param stripe"><td>3</td><td>a@a</td><td>Your e-mail is required to be at least 5 characters.</td></tr><tr><th colspan="3">Messages</th></tr><tr><td colspan="3"><div class="messages">Click Settings sub-menu -><br/>Verification of Email Error Message Your e-mail is required to be at least 5 characters.-></div></td></tr></table><p class="totop"><a href="#summary">back to summary</a></p>
<h3 id="m25">com.gurukula.tests.AccountTest#M3_TS04_VerifySettings_EmailFieldErrors</h3><table class="result"><tr class="param"><th>Parameter #1</th><th>Parameter #2</th><th>Parameter #3</th></tr><tr class="param stripe"><td>1</td><td>email</td><td>Your e-mail is invalid.</td></tr><tr><th colspan="3">Messages</th></tr><tr><td colspan="3"><div class="messages">Click Settings sub-menu -><br/>Verification of Email Error Message Your e-mail is invalid.-></div></td></tr></table><p class="totop"><a href="#summary">back to summary</a></p>
<h3 id="m26">com.gurukula.tests.BranchTest#M4_TS01_Create_newBranch</h3><table class="result"><tr class="param"><th>Parameter #1</th><th>Parameter #2</th></tr><tr class="param stripe"><td>C Programming</td><td>CP01</td></tr><tr><th colspan="2">Messages</th></tr><tr><td colspan="2"><div class="messages">Verification of Newly created Branch Name<br/>Verification of Newly created Branch Code</div></td></tr></table><p class="totop"><a href="#summary">back to summary</a></p>
<h3 id="m27">com.gurukula.tests.BranchTest#M4_TS01_Create_newBranch</h3><table class="result"><tr class="param"><th>Parameter #1</th><th>Parameter #2</th></tr><tr class="param stripe"><td>Python Programming</td><td>CP02</td></tr><tr><th colspan="2">Messages</th></tr><tr><td colspan="2"><div class="messages">Verification of Newly created Branch Name<br/>Verification of Newly created Branch Code</div></td></tr></table><p class="totop"><a href="#summary">back to summary</a></p>
<h3 id="m28">com.gurukula.tests.BranchTest#M4_TS01_Create_newBranch</h3><table class="result"><tr class="param"><th>Parameter #1</th><th>Parameter #2</th></tr><tr class="param stripe"><td>Computers</td><td>ITC01</td></tr><tr><th colspan="2">Messages</th></tr><tr><td colspan="2"><div class="messages">Verification of Newly created Branch Name<br/>Verification of Newly created Branch Code</div></td></tr></table><p class="totop"><a href="#summary">back to summary</a></p>
<h3 id="m29">com.gurukula.tests.BranchTest#M4_TS01_Create_newBranch</h3><table class="result"><tr class="param"><th>Parameter #1</th><th>Parameter #2</th></tr><tr class="param stripe"><td>Computer Networks</td><td>CN01</td></tr><tr><th colspan="2">Messages</th></tr><tr><td colspan="2"><div class="messages">Verification of Newly created Branch Name<br/>Verification of Newly created Branch Code</div></td></tr></table><p class="totop"><a href="#summary">back to summary</a></p>
<h3 id="m30">com.gurukula.tests.BranchTest#M4_TS01_Create_newBranch</h3><table class="result"><tr class="param"><th>Parameter #1</th><th>Parameter #2</th></tr><tr class="param stripe"><td>Java Programming</td><td>CP03</td></tr><tr><th colspan="2">Messages</th></tr><tr><td colspan="2"><div class="messages">Verification of Newly created Branch Name<br/>Verification of Newly created Branch Code</div></td></tr></table><p class="totop"><a href="#summary">back to summary</a></p>
<h3 id="m31">com.gurukula.tests.BranchTest#M4_TS02_Verify_BranchCreationError_Message_Handling</h3><table class="result"><tr class="param"><th>Parameter #1</th><th>Parameter #2</th><th>Parameter #3</th><th>Parameter #4</th></tr><tr class="param stripe"><td>3</td><td>BRANCHNAME BRANCHNAME</td><td>ITC01</td><td>This field cannot be longer than 20 characters.</td></tr><tr><th colspan="4">Messages</th></tr><tr><td colspan="4"><div class="messages">Verification of Branch Name Error Message This field cannot be longer than 20 characters.-></div></td></tr></table><p class="totop"><a href="#summary">back to summary</a></p>
<h3 id="m32">com.gurukula.tests.BranchTest#M4_TS02_Verify_BranchCreationError_Message_Handling</h3><table class="result"><tr class="param"><th>Parameter #1</th><th>Parameter #2</th><th>Parameter #3</th><th>Parameter #4</th></tr><tr class="param stripe"><td>7</td><td>BRANCHNAME</td><td>ITC01234567</td><td>This field cannot be longer than 10 characters.</td></tr><tr><th colspan="4">Messages</th></tr><tr><td colspan="4"><div class="messages">Verification of Branch Code Error Message This field cannot be longer than 10 characters.-></div></td></tr></table><p class="totop"><a href="#summary">back to summary</a></p>
<h3 id="m33">com.gurukula.tests.BranchTest#M4_TS02_Verify_BranchCreationError_Message_Handling</h3><table class="result"><tr class="param"><th>Parameter #1</th><th>Parameter #2</th><th>Parameter #3</th><th>Parameter #4</th></tr><tr class="param stripe"><td>2</td><td>Com</td><td>ITC01</td><td>This field is required to be at least 5 characters.</td></tr><tr><th colspan="4">Messages</th></tr><tr><td colspan="4"><div class="messages">Verification of Branch Name Error Message This field is required to be at least 5 characters.-></div></td></tr></table><p class="totop"><a href="#summary">back to summary</a></p>
<h3 id="m34">com.gurukula.tests.BranchTest#M4_TS02_Verify_BranchCreationError_Message_Handling</h3><table class="result"><tr class="param"><th>Parameter #1</th><th>Parameter #2</th><th>Parameter #3</th><th>Parameter #4</th></tr><tr class="param stripe"><td>1</td><td></td><td></td><td>This field is required.</td></tr><tr><th colspan="4">Messages</th></tr><tr><td colspan="4"><div class="messages">Verification of Branch Name Error Message This field is required.-></div></td></tr></table><p class="totop"><a href="#summary">back to summary</a></p>
<h3 id="m35">com.gurukula.tests.BranchTest#M4_TS02_Verify_BranchCreationError_Message_Handling</h3><table class="result"><tr class="param"><th>Parameter #1</th><th>Parameter #2</th><th>Parameter #3</th><th>Parameter #4</th></tr><tr class="param stripe"><td>8</td><td>BRANCHNAME</td><td>abcd01</td><td>This field should follow pattern ^[A-Z0-9]*$.</td></tr><tr><th colspan="4">Messages</th></tr><tr><td colspan="4"><div class="messages">Verification of Branch Code Error Message This field should follow pattern ^[A-Z0-9]*$.-></div></td></tr></table><p class="totop"><a href="#summary">back to summary</a></p>
<h3 id="m36">com.gurukula.tests.BranchTest#M4_TS02_Verify_BranchCreationError_Message_Handling</h3><table class="result"><tr class="param"><th>Parameter #1</th><th>Parameter #2</th><th>Parameter #3</th><th>Parameter #4</th></tr><tr class="param stripe"><td>6</td><td>BRANCHNAME</td><td>I</td><td>This field is required to be at least 2 characters.</td></tr><tr><th colspan="4">Messages</th></tr><tr><td colspan="4"><div class="messages">Verification of Branch Code Error Message This field is required to be at least 2 characters.-></div></td></tr></table><p class="totop"><a href="#summary">back to summary</a></p>
<h3 id="m37">com.gurukula.tests.BranchTest#M4_TS02_Verify_BranchCreationError_Message_Handling</h3><table class="result"><tr class="param"><th>Parameter #1</th><th>Parameter #2</th><th>Parameter #3</th><th>Parameter #4</th></tr><tr class="param stripe"><td>5</td><td></td><td></td><td>This field is required.</td></tr><tr><th colspan="4">Messages</th></tr><tr><td colspan="4"><div class="messages">Verification of Branch Code Error Message This field is required.-></div></td></tr></table><p class="totop"><a href="#summary">back to summary</a></p>
<h3 id="m38">com.gurukula.tests.BranchTest#M4_TS02_Verify_BranchCreationError_Message_Handling</h3><table class="result"><tr class="param"><th>Parameter #1</th><th>Parameter #2</th><th>Parameter #3</th><th>Parameter #4</th></tr><tr class="param stripe"><td>4</td><td>Branch124</td><td>ITC01</td><td>This field should follow pattern ^[a-zA-Z\s]*$.</td></tr><tr><th colspan="4">Messages</th></tr><tr><td colspan="4"><div class="messages">Verification of Branch Name Error Message This field should follow pattern ^[a-zA-Z\s]*$.-></div></td></tr></table><p class="totop"><a href="#summary">back to summary</a></p>
<h3 id="m39">com.gurukula.tests.BranchTest#M4_TS03_Verify_BranchEdit</h3><table class="result"><tr><th>Messages</th></tr><tr><td><div class="messages">Verification of Newly created Branch Name<br/>Verification of Newly created Branch Code<br/>Verification of recently Edited Branch Name<br/>Verification of Newly Edited Branch Code</div></td></tr></table><p class="totop"><a href="#summary">back to summary</a></p>
<h3 id="m40">com.gurukula.tests.BranchTest#M4_TS04_Verify_BranchDelete</h3><table class="result"><tr><th>Messages</th></tr><tr><td><div class="messages">Verification of Newly created Branch Name<br/>Verification of Newly created Branch Code<br/>Verification of recently deleted Branch Name<br/>Verification of Newly deleted Branch Code</div></td></tr></table><p class="totop"><a href="#summary">back to summary</a></p>
<h3 id="m41">com.gurukula.tests.BranchTest#M4_TS05_Verify_BranchView</h3><table class="result"><tr><th>Messages</th></tr><tr><td><div class="messages">Verification of Newly created Branch Name<br/>Verification of Newly created Branch Code<br/>Verification of recently created Branch Name<br/>Verification of Newly created Branch Code</div></td></tr></table><p class="totop"><a href="#summary">back to summary</a></p>
<h3 id="m42">com.gurukula.tests.LoginTest#M1_TS01_Login_VerifyApplicationIsUp</h3><table class="result"><tr><th>Messages</th></tr><tr><td><div class="messages">TC01_Verify Application is running</div></td></tr></table><p class="totop"><a href="#summary">back to summary</a></p>
<h3 id="m43">com.gurukula.tests.LoginTest#M1_TS02_VerifyLogin</h3><table class="result"><tr class="param"><th>Parameter #1</th><th>Parameter #2</th></tr><tr class="param stripe"><td>admin</td><td>admin</td></tr><tr><th colspan="2">Messages</th></tr><tr><td colspan="2"><div class="messages">Step 1 : Click Login Button<br/>Step 2 : Enter Username <admin><br/>Step 3 : Enter Password <admin><br/>Step 4 : Click Authenticate Button<br/>Step 5 : Verify Login should be sucessful
<br/>Step 6 : Logout user</div></td></tr></table><p class="totop"><a href="#summary">back to summary</a></p>
<h3 id="m44">com.gurukula.tests.LoginTest#M1_TS03_VerifyInvalidLogin</h3><table class="result"><tr class="param"><th>Parameter #1</th><th>Parameter #2</th></tr><tr class="param stripe"><td> </td><td> </td></tr></table><p class="totop"><a href="#summary">back to summary</a></p>
<h3 id="m45">com.gurukula.tests.LoginTest#M1_TS03_VerifyInvalidLogin</h3><table class="result"><tr class="param"><th>Parameter #1</th><th>Parameter #2</th></tr><tr class="param stripe"><td>Tom</td><td>123456</td></tr></table><p class="totop"><a href="#summary">back to summary</a></p>
<h3 id="m46">com.gurukula.tests.LoginTest#M1_TS03_VerifyInvalidLogin</h3><table class="result"><tr class="param"><th>Parameter #1</th><th>Parameter #2</th></tr><tr class="param stripe"><td>user</td><td>admin</td></tr></table><p class="totop"><a href="#summary">back to summary</a></p>
<h3 id="m47">com.gurukula.tests.LoginTest#M1_TS03_VerifyInvalidLogin</h3><table class="result"><tr class="param"><th>Parameter #1</th><th>Parameter #2</th></tr><tr class="param stripe"><td>admin</td><td>123456</td></tr></table><p class="totop"><a href="#summary">back to summary</a></p>
<h3 id="m48">com.gurukula.tests.LoginTest#M1_TS04_Verify_Reset_your_password</h3><table class="result"><tr class="param"><th>Parameter #1</th><th>Parameter #2</th><th>Parameter #3</th></tr><tr class="param stripe"><td>2</td><td>a@a.com</td><td>Your e-mail is required.</td></tr><tr><th colspan="3">Messages</th></tr><tr><td colspan="3"><div class="messages">TC04_Verify Reset your password functionality<br/>Verification of Confirm Password Error Message Your e-mail is required.-></div></td></tr></table><p class="totop"><a href="#summary">back to summary</a></p>
<h3 id="m49">com.gurukula.tests.LoginTest#M1_TS04_Verify_Reset_your_password</h3><table class="result"><tr class="param"><th>Parameter #1</th><th>Parameter #2</th><th>Parameter #3</th></tr><tr class="param stripe"><td>5</td><td>admin@localhost.com</td><td>E-Mail address isn&apos;t registered!</td></tr><tr><th colspan="3">Messages</th></tr><tr><td colspan="3"><div class="messages">TC04_Verify Reset your password functionality</div></td></tr></table><p class="totop"><a href="#summary">back to summary</a></p>
<h3 id="m50">com.gurukula.tests.LoginTest#M1_TS04_Verify_Reset_your_password</h3><table class="result"><tr class="param"><th>Parameter #1</th><th>Parameter #2</th><th>Parameter #3</th></tr><tr class="param stripe"><td>1</td><td>email</td><td>Your e-mail is invalid.</td></tr><tr><th colspan="3">Messages</th></tr><tr><td colspan="3"><div class="messages">TC04_Verify Reset your password functionality<br/>Verification of Confirm Password Error Message Your e-mail is invalid.-></div></td></tr></table><p class="totop"><a href="#summary">back to summary</a></p>
<h3 id="m51">com.gurukula.tests.LoginTest#M1_TS04_Verify_Reset_your_password</h3><table class="result"><tr class="param"><th>Parameter #1</th><th>Parameter #2</th><th>Parameter #3</th></tr><tr class="param stripe"><td>3</td><td>a@a</td><td>Your e-mail is required to be at least 5 characters.</td></tr><tr><th colspan="3">Messages</th></tr><tr><td colspan="3"><div class="messages">TC04_Verify Reset your password functionality<br/>Verification of Confirm Password Error Message Your e-mail is required to be at least 5 characters.-></div></td></tr></table><p class="totop"><a href="#summary">back to summary</a></p>
<h3 id="m52">com.gurukula.tests.RegistrationTest#M2_TS02_VerifyPasswordStrength</h3><table class="result"><tr class="param"><th>Parameter #1</th><th>Parameter #2</th><th>Parameter #3</th><th>Parameter #4</th><th>Parameter #5</th></tr><tr class="param stripe"><td>nitish</td><td>nitish@opentrash.com</td><td>12345abcde</td><td></td><td>Weak</td></tr><tr><th colspan="5">Messages</th></tr><tr><td colspan="5"><div class="messages">Click Register a new account link -><br/>Enter Login Name [nitish] -><br/>Enter Email [nitish@opentrash.com] -><br/>Enter Password [12345abcde] -><br/>Enter Confirm Password [] -></div></td></tr></table><p class="totop"><a href="#summary">back to summary</a></p>
<h3 id="m53">com.gurukula.tests.RegistrationTest#M2_TS02_VerifyPasswordStrength</h3><table class="result"><tr class="param"><th>Parameter #1</th><th>Parameter #2</th><th>Parameter #3</th><th>Parameter #4</th><th>Parameter #5</th></tr><tr class="param stripe"><td>nitish</td><td>nitish@opentrash.com</td><td>Test@2018!!!!!</td><td></td><td>Very Strong</td></tr><tr><th colspan="5">Messages</th></tr><tr><td colspan="5"><div class="messages">Click Register a new account link -><br/>Enter Login Name [nitish] -><br/>Enter Email [nitish@opentrash.com] -><br/>Enter Password [Test@2018!!!!!] -><br/>Enter Confirm Password [] -></div></td></tr></table><p class="totop"><a href="#summary">back to summary</a></p>
<h3 id="m54">com.gurukula.tests.RegistrationTest#M2_TS02_VerifyPasswordStrength</h3><table class="result"><tr class="param"><th>Parameter #1</th><th>Parameter #2</th><th>Parameter #3</th><th>Parameter #4</th><th>Parameter #5</th></tr><tr class="param stripe"><td>nitish</td><td>nitish@opentrash.com</td><td>Test@2018</td><td></td><td>Strong</td></tr><tr><th colspan="5">Messages</th></tr><tr><td colspan="5"><div class="messages">Click Register a new account link -><br/>Enter Login Name [nitish] -><br/>Enter Email [nitish@opentrash.com] -><br/>Enter Password [Test@2018] -><br/>Enter Confirm Password [] -></div></td></tr></table><p class="totop"><a href="#summary">back to summary</a></p>
<h3 id="m55">com.gurukula.tests.RegistrationTest#M2_TS02_VerifyPasswordStrength</h3><table class="result"><tr class="param"><th>Parameter #1</th><th>Parameter #2</th><th>Parameter #3</th><th>Parameter #4</th><th>Parameter #5</th></tr><tr class="param stripe"><td>nitish</td><td>nitish@opentrash.com</td><td>12345</td><td></td><td>Very Weak</td></tr><tr><th colspan="5">Messages</th></tr><tr><td colspan="5"><div class="messages">Click Register a new account link -><br/>Enter Login Name [nitish] -><br/>Enter Email [nitish@opentrash.com] -><br/>Enter Password [12345] -><br/>Enter Confirm Password [] -></div></td></tr></table><p class="totop"><a href="#summary">back to summary</a></p>
<h3 id="m56">com.gurukula.tests.RegistrationTest#M2_TS03_Registeration_ErrorMessageVerification</h3><table class="result"><tr class="param"><th>Parameter #1</th><th>Parameter #2</th><th>Parameter #3</th><th>Parameter #4</th><th>Parameter #5</th><th>Parameter #6</th></tr><tr class="param stripe"><td>3</td><td>a123456789012345678901234567890123456789012345678901</td><td></td><td></td><td></td><td>Your login cannot be longer than 50 characters.</td></tr><tr><th colspan="6">Messages</th></tr><tr><td colspan="6"><div class="messages">Click Register a new account link -><br/>Verification of Login Error Message Your login cannot be longer than 50 characters.-></div></td></tr></table><p class="totop"><a href="#summary">back to summary</a></p>
<h3 id="m57">com.gurukula.tests.RegistrationTest#M2_TS03_Registeration_ErrorMessageVerification</h3><table class="result"><tr class="param"><th>Parameter #1</th><th>Parameter #2</th><th>Parameter #3</th><th>Parameter #4</th><th>Parameter #5</th><th>Parameter #6</th></tr><tr class="param stripe"><td>2</td><td>A123</td><td>email</td><td>password</td><td>confirmpass</td><td>Your login can only contain lower-case letters and digits.</td></tr><tr><th colspan="6">Messages</th></tr><tr><td colspan="6"><div class="messages">Click Register a new account link -><br/>Verification of Login Error Message Your login can only contain lower-case letters and digits.-></div></td></tr></table><p class="totop"><a href="#summary">back to summary</a></p>
<h3 id="m58">com.gurukula.tests.RegistrationTest#M2_TS03_Registeration_ErrorMessageVerification</h3><table class="result"><tr class="param"><th>Parameter #1</th><th>Parameter #2</th><th>Parameter #3</th><th>Parameter #4</th><th>Parameter #5</th><th>Parameter #6</th></tr><tr class="param stripe"><td>9</td><td>user</td><td>a@abc.com</td><td>p</td><td></td><td>Your password is required to be at least 5 characters.</td></tr><tr><th colspan="6">Messages</th></tr><tr><td colspan="6"><div class="messages">Click Register a new account link -><br/>Verification of Password Error Message Your password is required to be at least 5 characters.-></div></td></tr></table><p class="totop"><a href="#summary">back to summary</a></p>
<h3 id="m59">com.gurukula.tests.RegistrationTest#M2_TS03_Registeration_ErrorMessageVerification</h3><table class="result"><tr class="param"><th>Parameter #1</th><th>Parameter #2</th><th>Parameter #3</th><th>Parameter #4</th><th>Parameter #5</th><th>Parameter #6</th></tr><tr class="param stripe"><td>13</td><td>user</td><td>a@a</td><td></td><td>password1234567890password1234567890password1234567</td><td>Your confirmation password cannot be longer than 50 characters.</td></tr><tr><th colspan="6">Messages</th></tr><tr><td colspan="6"><div class="messages">Click Register a new account link -><br/>Verification of Confirm Password Error Message Your confirmation password cannot be longer than 50 characters.-></div></td></tr></table><p class="totop"><a href="#summary">back to summary</a></p>
<h3 id="m60">com.gurukula.tests.RegistrationTest#M2_TS03_Registeration_ErrorMessageVerification</h3><table class="result"><tr class="param"><th>Parameter #1</th><th>Parameter #2</th><th>Parameter #3</th><th>Parameter #4</th><th>Parameter #5</th><th>Parameter #6</th></tr><tr class="param stripe"><td>14</td><td>user</td><td>a@a</td><td></td><td>12</td><td>Your confirmation password is required to be at least 5 characters.</td></tr><tr><th colspan="6">Messages</th></tr><tr><td colspan="6"><div class="messages">Click Register a new account link -><br/>Verification of Confirm Password Error Message Your confirmation password is required to be at least 5 characters.-></div></td></tr></table><p class="totop"><a href="#summary">back to summary</a></p>
<h3 id="m61">com.gurukula.tests.RegistrationTest#M2_TS03_Registeration_ErrorMessageVerification</h3><table class="result"><tr class="param"><th>Parameter #1</th><th>Parameter #2</th><th>Parameter #3</th><th>Parameter #4</th><th>Parameter #5</th><th>Parameter #6</th></tr><tr class="param stripe"><td>1</td><td>A</td><td>email</td><td>password</td><td>confirmpass</td><td>Your login is required.</td></tr><tr><th colspan="6">Messages</th></tr><tr><td colspan="6"><div class="messages">Click Register a new account link -><br/>Verification of Login Error Message Your login is required.-></div></td></tr></table><p class="totop"><a href="#summary">back to summary</a></p>
<h3 id="m62">com.gurukula.tests.RegistrationTest#M2_TS03_Registeration_ErrorMessageVerification</h3><table class="result"><tr class="param"><th>Parameter #1</th><th>Parameter #2</th><th>Parameter #3</th><th>Parameter #4</th><th>Parameter #5</th><th>Parameter #6</th></tr><tr class="param stripe"><td>4</td><td>user</td><td>email</td><td></td><td></td><td>Your e-mail is invalid.</td></tr><tr><th colspan="6">Messages</th></tr><tr><td colspan="6"><div class="messages">Click Register a new account link -><br/>Verification of Email Error Message Your e-mail is invalid.-></div></td></tr></table><p class="totop"><a href="#summary">back to summary</a></p>
<h3 id="m63">com.gurukula.tests.RegistrationTest#M2_TS03_Registeration_ErrorMessageVerification</h3><table class="result"><tr class="param"><th>Parameter #1</th><th>Parameter #2</th><th>Parameter #3</th><th>Parameter #4</th><th>Parameter #5</th><th>Parameter #6</th></tr><tr class="param stripe"><td>10</td><td>user</td><td>a@abc.com</td><td>password1234567890password1234567890password1234567</td><td></td><td>Your password cannot be longer than 50 characters.</td></tr><tr><th colspan="6">Messages</th></tr><tr><td colspan="6"><div class="messages">Click Register a new account link -><br/>Verification of Password Error Message Your password cannot be longer than 50 characters.-></div></td></tr></table><p class="totop"><a href="#summary">back to summary</a></p>
<h3 id="m64">com.gurukula.tests.RegistrationTest#M2_TS03_Registeration_ErrorMessageVerification</h3><table class="result"><tr class="param"><th>Parameter #1</th><th>Parameter #2</th><th>Parameter #3</th><th>Parameter #4</th><th>Parameter #5</th><th>Parameter #6</th></tr><tr class="param stripe"><td>16</td><td>user</td><td>a@a.com</td><td>12345</td><td>45678</td><td>The password and its confirmation do not match!</td></tr><tr><th colspan="6">Messages</th></tr><tr><td colspan="6"><div class="messages">Click Register a new account link -><br/>Enter Login Name [user] -><br/>Enter Email [a@a.com] -><br/>Enter Password [12345] -><br/>Enter Confirm Password [45678] -><br/>Verification of Password Mismatch Error Message -></div></td></tr></table><p class="totop"><a href="#summary">back to summary</a></p>
<h3 id="m65">com.gurukula.tests.RegistrationTest#M2_TS03_Registeration_ErrorMessageVerification</h3><table class="result"><tr class="param"><th>Parameter #1</th><th>Parameter #2</th><th>Parameter #3</th><th>Parameter #4</th><th>Parameter #5</th><th>Parameter #6</th></tr><tr class="param stripe"><td>8</td><td>user</td><td>a@abc.com</td><td>password</td><td></td><td>Your password is required.</td></tr><tr><th colspan="6">Messages</th></tr><tr><td colspan="6"><div class="messages">Click Register a new account link -><br/>Verification of Password Error Message Your password is required.-></div></td></tr></table><p class="totop"><a href="#summary">back to summary</a></p>
<h3 id="m66">com.gurukula.tests.RegistrationTest#M2_TS03_Registeration_ErrorMessageVerification</h3><table class="result"><tr class="param"><th>Parameter #1</th><th>Parameter #2</th><th>Parameter #3</th><th>Parameter #4</th><th>Parameter #5</th><th>Parameter #6</th></tr><tr class="param stripe"><td>12</td><td>user</td><td>a@a</td><td></td><td>112345</td><td>Your confirmation password is required.</td></tr><tr><th colspan="6">Messages</th></tr><tr><td colspan="6"><div class="messages">Click Register a new account link -><br/>Verification of Confirm Password Error Message Your confirmation password is required.-></div></td></tr></table><p class="totop"><a href="#summary">back to summary</a></p>
<h3 id="m67">com.gurukula.tests.RegistrationTest#M2_TS03_Registeration_ErrorMessageVerification</h3><table class="result"><tr class="param"><th>Parameter #1</th><th>Parameter #2</th><th>Parameter #3</th><th>Parameter #4</th><th>Parameter #5</th><th>Parameter #6</th></tr><tr class="param stripe"><td>5</td><td>user</td><td>a@a.com</td><td></td><td></td><td>Your e-mail is required.</td></tr><tr><th colspan="6">Messages</th></tr><tr><td colspan="6"><div class="messages">Click Register a new account link -><br/>Verification of Email Error Message Your e-mail is required.-></div></td></tr></table><p class="totop"><a href="#summary">back to summary</a></p>
<h3 id="m68">com.gurukula.tests.RegistrationTest#M2_TS03_Registeration_ErrorMessageVerification</h3><table class="result"><tr class="param"><th>Parameter #1</th><th>Parameter #2</th><th>Parameter #3</th><th>Parameter #4</th><th>Parameter #5</th><th>Parameter #6</th></tr><tr class="param stripe"><td>6</td><td>user</td><td>a@a</td><td></td><td></td><td>Your e-mail is required to be at least 5 characters.</td></tr><tr><th colspan="6">Messages</th></tr><tr><td colspan="6"><div class="messages">Click Register a new account link -><br/>Verification of Email Error Message Your e-mail is required to be at least 5 characters.-></div></td></tr></table><p class="totop"><a href="#summary">back to summary</a></p>
<h3 id="m69">com.gurukula.tests.RegistrationTest#M2_TS04_VerifyRegistrationEnable</h3><table class="result"><tr><th class="invisible"/></tr></table><p class="totop"><a href="#summary">back to summary</a></p>
<h3 id="m70">com.gurukula.tests.StaffTest#M5_TS01_Create_new_staff</h3><table class="result"><tr class="param"><th>Parameter #1</th><th>Parameter #2</th></tr><tr class="param stripe"><td>Mr Adam Smith</td><td>Computers</td></tr><tr><th colspan="2">Messages</th></tr><tr><td colspan="2"><div class="messages">Verification of Newly created Staff Name<br/>Verification of Newly created Branch Names</div></td></tr></table><p class="totop"><a href="#summary">back to summary</a></p>
<h3 id="m71">com.gurukula.tests.StaffTest#M5_TS01_Create_new_staff</h3><table class="result"><tr class="param"><th>Parameter #1</th><th>Parameter #2</th></tr><tr class="param stripe"><td>Mr Richard Stamm</td><td>Java Programming</td></tr><tr><th colspan="2">Messages</th></tr><tr><td colspan="2"><div class="messages">Verification of Newly created Staff Name<br/>Verification of Newly created Branch Names</div></td></tr></table><p class="totop"><a href="#summary">back to summary</a></p>
<h3 id="m72">com.gurukula.tests.StaffTest#M5_TS01_Create_new_staff</h3><table class="result"><tr class="param"><th>Parameter #1</th><th>Parameter #2</th></tr><tr class="param stripe"><td>Prof Stefan Ring</td><td>Computer Networks</td></tr><tr><th colspan="2">Messages</th></tr><tr><td colspan="2"><div class="messages">Verification of Newly created Staff Name<br/>Verification of Newly created Branch Names</div></td></tr></table><p class="totop"><a href="#summary">back to summary</a></p>
<h3 id="m73">com.gurukula.tests.StaffTest#M5_TS01_Create_new_staff</h3><table class="result"><tr class="param"><th>Parameter #1</th><th>Parameter #2</th></tr><tr class="param stripe"><td>Dr Peter Kokes</td><td>Python Programming</td></tr><tr><th colspan="2">Messages</th></tr><tr><td colspan="2"><div class="messages">Verification of Newly created Staff Name<br/>Verification of Newly created Branch Names</div></td></tr></table><p class="totop"><a href="#summary">back to summary</a></p>
<h3 id="m74">com.gurukula.tests.StaffTest#M5_TS01_Create_new_staff</h3><table class="result"><tr class="param"><th>Parameter #1</th><th>Parameter #2</th></tr><tr class="param stripe"><td>Mr Empty</td><td></td></tr><tr><th colspan="2">Messages</th></tr><tr><td colspan="2"><div class="messages">Verification of Newly created Staff Name<br/>Verification of Newly created Branch Names</div></td></tr></table><p class="totop"><a href="#summary">back to summary</a></p>
<h3 id="m75">com.gurukula.tests.StaffTest#M5_TS01_Create_new_staff</h3><table class="result"><tr class="param"><th>Parameter #1</th><th>Parameter #2</th></tr><tr class="param stripe"><td>Mrs Elizabeth Sen</td><td>Computer Networks</td></tr><tr><th colspan="2">Messages</th></tr><tr><td colspan="2"><div class="messages">Verification of Newly created Staff Name<br/>Verification of Newly created Branch Names</div></td></tr></table><p class="totop"><a href="#summary">back to summary</a></p>
<h3 id="m76">com.gurukula.tests.StaffTest#M5_TS02_Verify_StaffCreationError_Message_Handling</h3><table class="result"><tr class="param"><th>Parameter #1</th><th>Parameter #2</th><th>Parameter #3</th></tr><tr class="param stripe"><td>2</td><td>ProfessorName ProfessorName ProfessorName Professor</td><td>This field cannot be longer than 50 characters.</td></tr><tr><th colspan="3">Messages</th></tr><tr><td colspan="3"><div class="messages">Verification of Branch Name Error Message This field cannot be longer than 50 characters.-></div></td></tr></table><p class="totop"><a href="#summary">back to summary</a></p>
<h3 id="m77">com.gurukula.tests.StaffTest#M5_TS02_Verify_StaffCreationError_Message_Handling</h3><table class="result"><tr class="param"><th>Parameter #1</th><th>Parameter #2</th><th>Parameter #3</th></tr><tr class="param stripe"><td>1</td><td>name</td><td>This field is required.</td></tr><tr><th colspan="3">Messages</th></tr><tr><td colspan="3"><div class="messages">Verification of Branch Name Error Message This field is required.-></div></td></tr></table><p class="totop"><a href="#summary">back to summary</a></p>
<h3 id="m78">com.gurukula.tests.StaffTest#M5_TS02_Verify_StaffCreationError_Message_Handling</h3><table class="result"><tr class="param"><th>Parameter #1</th><th>Parameter #2</th><th>Parameter #3</th></tr><tr class="param stripe"><td>3</td><td>Prof Adam1235</td><td>This field should follow pattern ^[a-zA-Z\s]*$.</td></tr><tr><th colspan="3">Messages</th></tr><tr><td colspan="3"><div class="messages">Verification of Branch Name Error Message This field should follow pattern ^[a-zA-Z\s]*$.-></div></td></tr></table><p class="totop"><a href="#summary">back to summary</a></p>
<h3 id="m79">com.gurukula.tests.StaffTest#M5_TS03_Verify_StaffEdit</h3><table class="result"><tr><th>Messages</th></tr><tr><td><div class="messages">Verification of Newly created Staff Name<br/>Verification of Newly created Branch Names<br/>Verification of recently Edited Staff Name<br/>Verification of Newly Edited Branch Code</div></td></tr></table><p class="totop"><a href="#summary">back to summary</a></p>
<h3 id="m80">com.gurukula.tests.StaffTest#M5_TS04_Verify_StaffDelete</h3><table class="result"><tr><th>Messages</th></tr><tr><td><div class="messages">Verification of Newly created Staff Name<br/>Verification of Newly created Branch Names<br/>Verification of recently deleted Staff Name<br/>Verification of recently deleted Branch Code</div></td></tr></table><p class="totop"><a href="#summary">back to summary</a></p>
<h3 id="m81">com.gurukula.tests.StaffTest#M5_TS05_Verify_StaffView</h3><table class="result"><tr><th>Messages</th></tr><tr><td><div class="messages">Verification of Newly created Staff Name<br/>Verification of Newly created Branch Names<br/>Verification of recently created Staff Name<br/>Verification of Newly created Branch Name</div></td></tr></table><p class="totop"><a href="#summary">back to summary</a></p>
</body>
</html>
