<!DOCTYPE html>

<html>
  <head>
  <meta charset='utf-8'>
  <title>TestNG reports</title>

    <link type="text/css" href="testng-reports.css" rel="stylesheet" />
    <script type="text/javascript" src="jquery-1.7.1.min.js"></script>
    <script type="text/javascript" src="testng-reports.js"></script>
    <script type="text/javascript" src="https://www.google.com/jsapi"></script>
    <script type='text/javascript'>
      google.load('visualization', '1', {packages:['table']});
      google.setOnLoadCallback(drawTable);
      var suiteTableInitFunctions = new Array();
      var suiteTableData = new Array();
    </script>
    <!--
      <script type="text/javascript" src="jquery-ui/js/jquery-ui-1.8.16.custom.min.js"></script>
     -->
  </head>

  <body>
    <div class="top-banner-root">
      <span class="top-banner-title-font">Test results</span>
      <br/>
      <span class="top-banner-font-1">1 suite, 13 failed tests</span>
    </div> <!-- top-banner-root -->
    <div class="navigator-root">
      <div class="navigator-suite-header">
        <span>All suites</span>
        <a href="#" class="collapse-all-link" title="Collapse/expand all the suites">
          <img class="collapse-all-icon" src="collapseall.gif">
          </img> <!-- collapse-all-icon -->
        </a> <!-- collapse-all-link -->
      </div> <!-- navigator-suite-header -->
      <div class="suite">
        <div class="rounded-window">
          <div class="suite-header light-rounded-window-top">
            <a href="#" class="navigator-link" panel-name="suite-Gurukula_Regression_Automation_Suite">
              <span class="suite-name border-failed">Gurukula Regression Automation Suite</span>
            </a> <!-- navigator-link -->
          </div> <!-- suite-header light-rounded-window-top -->
          <div class="navigator-suite-content">
            <div class="suite-section-title">
              <span>Info</span>
            </div> <!-- suite-section-title -->
            <div class="suite-section-content">
              <ul>
                <li>
                  <a href="#" class="navigator-link " panel-name="test-xml-Gurukula_Regression_Automation_Suite">
                    <span>C:\SNow\Regression.xml</span>
                  </a> <!-- navigator-link  -->
                </li>
                <li>
                  <a href="#" class="navigator-link " panel-name="testlist-Gurukula_Regression_Automation_Suite">
                    <span class="test-stats">1 test</span>
                  </a> <!-- navigator-link  -->
                </li>
                <li>
                  <a href="#" class="navigator-link " panel-name="group-Gurukula_Regression_Automation_Suite">
                    <span>0 groups</span>
                  </a> <!-- navigator-link  -->
                </li>
                <li>
                  <a href="#" class="navigator-link " panel-name="times-Gurukula_Regression_Automation_Suite">
                    <span>Times</span>
                  </a> <!-- navigator-link  -->
                </li>
                <li>
                  <a href="#" class="navigator-link " panel-name="reporter-Gurukula_Regression_Automation_Suite">
                    <span>Reporter output</span>
                  </a> <!-- navigator-link  -->
                </li>
                <li>
                  <a href="#" class="navigator-link " panel-name="ignored-methods-Gurukula_Regression_Automation_Suite">
                    <span>Ignored methods</span>
                  </a> <!-- navigator-link  -->
                </li>
                <li>
                  <a href="#" class="navigator-link " panel-name="chronological-Gurukula_Regression_Automation_Suite">
                    <span>Chronological view</span>
                  </a> <!-- navigator-link  -->
                </li>
              </ul>
            </div> <!-- suite-section-content -->
            <div class="result-section">
              <div class="suite-section-title">
                <span>Results</span>
              </div> <!-- suite-section-title -->
              <div class="suite-section-content">
                <ul>
                  <li>
                    <span class="method-stats">82 methods, 13 failed,   69 passed</span>
                  </li>
                  <li>
                    <span class="method-list-title failed">Failed methods</span>
                    <span class="show-or-hide-methods failed">
                      <a href="#" panel-name="suite-Gurukula_Regression_Automation_Suite" class="hide-methods failed suite-Gurukula_Regression_Automation_Suite"> (hide)</a> <!-- hide-methods failed suite-Gurukula_Regression_Automation_Suite -->
                      <a href="#" panel-name="suite-Gurukula_Regression_Automation_Suite" class="show-methods failed suite-Gurukula_Regression_Automation_Suite"> (show)</a> <!-- show-methods failed suite-Gurukula_Regression_Automation_Suite -->
                    </span>
                    <div class="method-list-content failed suite-Gurukula_Regression_Automation_Suite">
                      <span>
                        <img width="3%" src="failed.png"/>
                        <a href="#" class="method navigator-link" panel-name="suite-Gurukula_Regression_Automation_Suite" title="com.gurukula.tests.LoginTest" hash-for-method="M1_TS04_Verify_Reset_your_password(4, email1234567890123456789012345678901234567812@com, Your e-mail cannot be longer than 50 character...)">M1_TS04_Verify_Reset_your_password(4, email1234567890123456789012345678901234567812@com, Your e-mail cannot be longer than 50 character...)</a> <!-- method navigator-link -->
                      </span>
                      <br/>
                      <span>
                        <img width="3%" src="failed.png"/>
                        <a href="#" class="method navigator-link" panel-name="suite-Gurukula_Regression_Automation_Suite" title="com.gurukula.tests.LoginTest" hash-for-method="M1_TS04_Verify_Reset_your_password(6, admin@localhost, Success!)">M1_TS04_Verify_Reset_your_password(6, admin@localhost, Success!)</a> <!-- method navigator-link -->
                      </span>
                      <br/>
                      <span>
                        <img width="3%" src="failed.png"/>
                        <a href="#" class="method navigator-link" panel-name="suite-Gurukula_Regression_Automation_Suite" title="com.gurukula.tests.RegistrationTest" hash-for-method="M2_TS01_Verify_NewUser_Registration(nitish, nitish@opentrash.com, Test@2018!!!!!, Test@2018!!!!!)">M2_TS01_Verify_NewUser_Registration(nitish, nitish@opentrash.com, Test@2018!!!!!, Test@2018!!!!!)</a> <!-- method navigator-link -->
                      </span>
                      <br/>
                      <span>
                        <img width="3%" src="failed.png"/>
                        <a href="#" class="method navigator-link" panel-name="suite-Gurukula_Regression_Automation_Suite" title="com.gurukula.tests.RegistrationTest" hash-for-method="M2_TS03_Registeration_ErrorMessageVerification(7, user, email1234567890123456789012345678901234567812@com, , , Your e-mail cannot be longer than 50...)">M2_TS03_Registeration_ErrorMessageVerification(7, user, email1234567890123456789012345678901234567812@com, , , Your e-mail cannot be longer than 50...)</a> <!-- method navigator-link -->
                      </span>
                      <br/>
                      <span>
                        <img width="3%" src="failed.png"/>
                        <a href="#" class="method navigator-link" panel-name="suite-Gurukula_Regression_Automation_Suite" title="com.gurukula.tests.RegistrationTest" hash-for-method="M2_TS03_Registeration_ErrorMessageVerification(15, user, a@a, , 12345$, Password should begin with a alphabet and should contain a number and a spe...)">M2_TS03_Registeration_ErrorMessageVerification(15, user, a@a, , 12345$, Password should begin with a alphabet and should contain a number and a spe...)</a> <!-- method navigator-link -->
                      </span>
                      <br/>
                      <span>
                        <img width="3%" src="failed.png"/>
                        <a href="#" class="method navigator-link" panel-name="suite-Gurukula_Regression_Automation_Suite" title="com.gurukula.tests.RegistrationTest" hash-for-method="M2_TS03_Registeration_ErrorMessageVerification(11, user, a@abc.com, 12345$, , Password should begin with a alphabet and should contain a number and...)">M2_TS03_Registeration_ErrorMessageVerification(11, user, a@abc.com, 12345$, , Password should begin with a alphabet and should contain a number and...)</a> <!-- method navigator-link -->
                      </span>
                      <br/>
                      <span>
                        <img width="3%" src="failed.png"/>
                        <a href="#" class="method navigator-link" panel-name="suite-Gurukula_Regression_Automation_Suite" title="com.gurukula.tests.AccountTest" hash-for-method="M3_TS01_Verify_user_settings_change">M3_TS01_Verify_user_settings_change</a> <!-- method navigator-link -->
                      </span>
                      <br/>
                      <span>
                        <img width="3%" src="failed.png"/>
                        <a href="#" class="method navigator-link" panel-name="suite-Gurukula_Regression_Automation_Suite" title="com.gurukula.tests.AccountTest" hash-for-method="M3_TS02_Verify_Change_user_password">M3_TS02_Verify_Change_user_password</a> <!-- method navigator-link -->
                      </span>
                      <br/>
                      <span>
                        <img width="3%" src="failed.png"/>
                        <a href="#" class="method navigator-link" panel-name="suite-Gurukula_Regression_Automation_Suite" title="com.gurukula.tests.AccountTest" hash-for-method="M3_TS03_VerifyPasswordStrength_ChangePwdScreen(13, 12345, 45678, The password and its confirmation do not match!)">M3_TS03_VerifyPasswordStrength_ChangePwdScreen(13, 12345, 45678, The password and its confirmation do not match!)</a> <!-- method navigator-link -->
                      </span>
                      <br/>
                      <span>
                        <img width="3%" src="failed.png"/>
                        <a href="#" class="method navigator-link" panel-name="suite-Gurukula_Regression_Automation_Suite" title="com.gurukula.tests.AccountTest" hash-for-method="M3_TS03_VerifyPasswordStrength_ChangePwdScreen(12, , 12345$, Password should begin with a alphabet and should contain a number and a special charac...)">M3_TS03_VerifyPasswordStrength_ChangePwdScreen(12, , 12345$, Password should begin with a alphabet and should contain a number and a special charac...)</a> <!-- method navigator-link -->
                      </span>
                      <br/>
                      <span>
                        <img width="3%" src="failed.png"/>
                        <a href="#" class="method navigator-link" panel-name="suite-Gurukula_Regression_Automation_Suite" title="com.gurukula.tests.AccountTest" hash-for-method="M3_TS03_VerifyPasswordStrength_ChangePwdScreen(8, 12345$, , Password should begin with a alphabet and should contain a number and a special charact...)">M3_TS03_VerifyPasswordStrength_ChangePwdScreen(8, 12345$, , Password should begin with a alphabet and should contain a number and a special charact...)</a> <!-- method navigator-link -->
                      </span>
                      <br/>
                      <span>
                        <img width="3%" src="failed.png"/>
                        <a href="#" class="method navigator-link" panel-name="suite-Gurukula_Regression_Automation_Suite" title="com.gurukula.tests.AccountTest" hash-for-method="M3_TS04_VerifySettings_EmailFieldErrors(4, email1234567890123456789012345678901234567812@com, Your e-mail cannot be longer than 50 character...)">M3_TS04_VerifySettings_EmailFieldErrors(4, email1234567890123456789012345678901234567812@com, Your e-mail cannot be longer than 50 character...)</a> <!-- method navigator-link -->
                      </span>
                      <br/>
                      <span>
                        <img width="3%" src="failed.png"/>
                        <a href="#" class="method navigator-link" panel-name="suite-Gurukula_Regression_Automation_Suite" title="com.gurukula.tests.AccountTest" hash-for-method="M3_TS05_Verify_Invalidate_Session">M3_TS05_Verify_Invalidate_Session</a> <!-- method navigator-link -->
                      </span>
                      <br/>
                    </div> <!-- method-list-content failed suite-Gurukula_Regression_Automation_Suite -->
                  </li>
                  <li>
                    <span class="method-list-title passed">Passed methods</span>
                    <span class="show-or-hide-methods passed">
                      <a href="#" panel-name="suite-Gurukula_Regression_Automation_Suite" class="hide-methods passed suite-Gurukula_Regression_Automation_Suite"> (hide)</a> <!-- hide-methods passed suite-Gurukula_Regression_Automation_Suite -->
                      <a href="#" panel-name="suite-Gurukula_Regression_Automation_Suite" class="show-methods passed suite-Gurukula_Regression_Automation_Suite"> (show)</a> <!-- show-methods passed suite-Gurukula_Regression_Automation_Suite -->
                    </span>
                    <div class="method-list-content passed suite-Gurukula_Regression_Automation_Suite">
                      <span>
                        <img width="3%" src="passed.png"/>
                        <a href="#" class="method navigator-link" panel-name="suite-Gurukula_Regression_Automation_Suite" title="com.gurukula.tests.LoginTest" hash-for-method="M1_TS01_Login_VerifyApplicationIsUp">M1_TS01_Login_VerifyApplicationIsUp</a> <!-- method navigator-link -->
                      </span>
                      <br/>
                      <span>
                        <img width="3%" src="passed.png"/>
                        <a href="#" class="method navigator-link" panel-name="suite-Gurukula_Regression_Automation_Suite" title="com.gurukula.tests.LoginTest" hash-for-method="M1_TS02_VerifyLogin(admin, admin)">M1_TS02_VerifyLogin(admin, admin)</a> <!-- method navigator-link -->
                      </span>
                      <br/>
                      <span>
                        <img width="3%" src="passed.png"/>
                        <a href="#" class="method navigator-link" panel-name="suite-Gurukula_Regression_Automation_Suite" title="com.gurukula.tests.LoginTest" hash-for-method="M1_TS03_VerifyInvalidLogin( ,  )">M1_TS03_VerifyInvalidLogin( ,  )</a> <!-- method navigator-link -->
                      </span>
                      <br/>
                      <span>
                        <img width="3%" src="passed.png"/>
                        <a href="#" class="method navigator-link" panel-name="suite-Gurukula_Regression_Automation_Suite" title="com.gurukula.tests.LoginTest" hash-for-method="M1_TS03_VerifyInvalidLogin(Tom, 123456)">M1_TS03_VerifyInvalidLogin(Tom, 123456)</a> <!-- method navigator-link -->
                      </span>
                      <br/>
                      <span>
                        <img width="3%" src="passed.png"/>
                        <a href="#" class="method navigator-link" panel-name="suite-Gurukula_Regression_Automation_Suite" title="com.gurukula.tests.LoginTest" hash-for-method="M1_TS03_VerifyInvalidLogin(user, admin)">M1_TS03_VerifyInvalidLogin(user, admin)</a> <!-- method navigator-link -->
                      </span>
                      <br/>
                      <span>
                        <img width="3%" src="passed.png"/>
                        <a href="#" class="method navigator-link" panel-name="suite-Gurukula_Regression_Automation_Suite" title="com.gurukula.tests.LoginTest" hash-for-method="M1_TS03_VerifyInvalidLogin(admin, 123456)">M1_TS03_VerifyInvalidLogin(admin, 123456)</a> <!-- method navigator-link -->
                      </span>
                      <br/>
                      <span>
                        <img width="3%" src="passed.png"/>
                        <a href="#" class="method navigator-link" panel-name="suite-Gurukula_Regression_Automation_Suite" title="com.gurukula.tests.LoginTest" hash-for-method="M1_TS04_Verify_Reset_your_password(2, a@a.com, Your e-mail is required.)">M1_TS04_Verify_Reset_your_password(2, a@a.com, Your e-mail is required.)</a> <!-- method navigator-link -->
                      </span>
                      <br/>
                      <span>
                        <img width="3%" src="passed.png"/>
                        <a href="#" class="method navigator-link" panel-name="suite-Gurukula_Regression_Automation_Suite" title="com.gurukula.tests.LoginTest" hash-for-method="M1_TS04_Verify_Reset_your_password(5, admin@localhost.com, E-Mail address isn&#039;t registered!)">M1_TS04_Verify_Reset_your_password(5, admin@localhost.com, E-Mail address isn't registered!)</a> <!-- method navigator-link -->
                      </span>
                      <br/>
                      <span>
                        <img width="3%" src="passed.png"/>
                        <a href="#" class="method navigator-link" panel-name="suite-Gurukula_Regression_Automation_Suite" title="com.gurukula.tests.LoginTest" hash-for-method="M1_TS04_Verify_Reset_your_password(1, email, Your e-mail is invalid.)">M1_TS04_Verify_Reset_your_password(1, email, Your e-mail is invalid.)</a> <!-- method navigator-link -->
                      </span>
                      <br/>
                      <span>
                        <img width="3%" src="passed.png"/>
                        <a href="#" class="method navigator-link" panel-name="suite-Gurukula_Regression_Automation_Suite" title="com.gurukula.tests.LoginTest" hash-for-method="M1_TS04_Verify_Reset_your_password(3, a@a, Your e-mail is required to be at least 5 characters.)">M1_TS04_Verify_Reset_your_password(3, a@a, Your e-mail is required to be at least 5 characters.)</a> <!-- method navigator-link -->
                      </span>
                      <br/>
                      <span>
                        <img width="3%" src="passed.png"/>
                        <a href="#" class="method navigator-link" panel-name="suite-Gurukula_Regression_Automation_Suite" title="com.gurukula.tests.RegistrationTest" hash-for-method="M2_TS02_VerifyPasswordStrength(nitish, nitish@opentrash.com, 12345abcde, , Weak)">M2_TS02_VerifyPasswordStrength(nitish, nitish@opentrash.com, 12345abcde, , Weak)</a> <!-- method navigator-link -->
                      </span>
                      <br/>
                      <span>
                        <img width="3%" src="passed.png"/>
                        <a href="#" class="method navigator-link" panel-name="suite-Gurukula_Regression_Automation_Suite" title="com.gurukula.tests.RegistrationTest" hash-for-method="M2_TS02_VerifyPasswordStrength(nitish, nitish@opentrash.com, Test@2018!!!!!, , Very Strong)">M2_TS02_VerifyPasswordStrength(nitish, nitish@opentrash.com, Test@2018!!!!!, , Very Strong)</a> <!-- method navigator-link -->
                      </span>
                      <br/>
                      <span>
                        <img width="3%" src="passed.png"/>
                        <a href="#" class="method navigator-link" panel-name="suite-Gurukula_Regression_Automation_Suite" title="com.gurukula.tests.RegistrationTest" hash-for-method="M2_TS02_VerifyPasswordStrength(nitish, nitish@opentrash.com, Test@2018, , Strong)">M2_TS02_VerifyPasswordStrength(nitish, nitish@opentrash.com, Test@2018, , Strong)</a> <!-- method navigator-link -->
                      </span>
                      <br/>
                      <span>
                        <img width="3%" src="passed.png"/>
                        <a href="#" class="method navigator-link" panel-name="suite-Gurukula_Regression_Automation_Suite" title="com.gurukula.tests.RegistrationTest" hash-for-method="M2_TS02_VerifyPasswordStrength(nitish, nitish@opentrash.com, 12345, , Very Weak)">M2_TS02_VerifyPasswordStrength(nitish, nitish@opentrash.com, 12345, , Very Weak)</a> <!-- method navigator-link -->
                      </span>
                      <br/>
                      <span>
                        <img width="3%" src="passed.png"/>
                        <a href="#" class="method navigator-link" panel-name="suite-Gurukula_Regression_Automation_Suite" title="com.gurukula.tests.RegistrationTest" hash-for-method="M2_TS03_Registeration_ErrorMessageVerification(3, a123456789012345678901234567890123456789012345678901, , , , Your login cannot be longer than 50 c...)">M2_TS03_Registeration_ErrorMessageVerification(3, a123456789012345678901234567890123456789012345678901, , , , Your login cannot be longer than 50 c...)</a> <!-- method navigator-link -->
                      </span>
                      <br/>
                      <span>
                        <img width="3%" src="passed.png"/>
                        <a href="#" class="method navigator-link" panel-name="suite-Gurukula_Regression_Automation_Suite" title="com.gurukula.tests.RegistrationTest" hash-for-method="M2_TS03_Registeration_ErrorMessageVerification(2, A123, email, password, confirmpass, Your login can only contain lower-case letters and digits.)">M2_TS03_Registeration_ErrorMessageVerification(2, A123, email, password, confirmpass, Your login can only contain lower-case letters and digits.)</a> <!-- method navigator-link -->
                      </span>
                      <br/>
                      <span>
                        <img width="3%" src="passed.png"/>
                        <a href="#" class="method navigator-link" panel-name="suite-Gurukula_Regression_Automation_Suite" title="com.gurukula.tests.RegistrationTest" hash-for-method="M2_TS03_Registeration_ErrorMessageVerification(9, user, a@abc.com, p, , Your password is required to be at least 5 characters.)">M2_TS03_Registeration_ErrorMessageVerification(9, user, a@abc.com, p, , Your password is required to be at least 5 characters.)</a> <!-- method navigator-link -->
                      </span>
                      <br/>
                      <span>
                        <img width="3%" src="passed.png"/>
                        <a href="#" class="method navigator-link" panel-name="suite-Gurukula_Regression_Automation_Suite" title="com.gurukula.tests.RegistrationTest" hash-for-method="M2_TS03_Registeration_ErrorMessageVerification(13, user, a@a, , password1234567890password1234567890password1234567, Your confirmation password can...)">M2_TS03_Registeration_ErrorMessageVerification(13, user, a@a, , password1234567890password1234567890password1234567, Your confirmation password can...)</a> <!-- method navigator-link -->
                      </span>
                      <br/>
                      <span>
                        <img width="3%" src="passed.png"/>
                        <a href="#" class="method navigator-link" panel-name="suite-Gurukula_Regression_Automation_Suite" title="com.gurukula.tests.RegistrationTest" hash-for-method="M2_TS03_Registeration_ErrorMessageVerification(14, user, a@a, , 12, Your confirmation password is required to be at least 5 characters.)">M2_TS03_Registeration_ErrorMessageVerification(14, user, a@a, , 12, Your confirmation password is required to be at least 5 characters.)</a> <!-- method navigator-link -->
                      </span>
                      <br/>
                      <span>
                        <img width="3%" src="passed.png"/>
                        <a href="#" class="method navigator-link" panel-name="suite-Gurukula_Regression_Automation_Suite" title="com.gurukula.tests.RegistrationTest" hash-for-method="M2_TS03_Registeration_ErrorMessageVerification(1, A, email, password, confirmpass, Your login is required.)">M2_TS03_Registeration_ErrorMessageVerification(1, A, email, password, confirmpass, Your login is required.)</a> <!-- method navigator-link -->
                      </span>
                      <br/>
                      <span>
                        <img width="3%" src="passed.png"/>
                        <a href="#" class="method navigator-link" panel-name="suite-Gurukula_Regression_Automation_Suite" title="com.gurukula.tests.RegistrationTest" hash-for-method="M2_TS03_Registeration_ErrorMessageVerification(4, user, email, , , Your e-mail is invalid.)">M2_TS03_Registeration_ErrorMessageVerification(4, user, email, , , Your e-mail is invalid.)</a> <!-- method navigator-link -->
                      </span>
                      <br/>
                      <span>
                        <img width="3%" src="passed.png"/>
                        <a href="#" class="method navigator-link" panel-name="suite-Gurukula_Regression_Automation_Suite" title="com.gurukula.tests.RegistrationTest" hash-for-method="M2_TS03_Registeration_ErrorMessageVerification(10, user, a@abc.com, password1234567890password1234567890password1234567, , Your password cannot be ...)">M2_TS03_Registeration_ErrorMessageVerification(10, user, a@abc.com, password1234567890password1234567890password1234567, , Your password cannot be ...)</a> <!-- method navigator-link -->
                      </span>
                      <br/>
                      <span>
                        <img width="3%" src="passed.png"/>
                        <a href="#" class="method navigator-link" panel-name="suite-Gurukula_Regression_Automation_Suite" title="com.gurukula.tests.RegistrationTest" hash-for-method="M2_TS03_Registeration_ErrorMessageVerification(16, user, a@a.com, 12345, 45678, The password and its confirmation do not match!)">M2_TS03_Registeration_ErrorMessageVerification(16, user, a@a.com, 12345, 45678, The password and its confirmation do not match!)</a> <!-- method navigator-link -->
                      </span>
                      <br/>
                      <span>
                        <img width="3%" src="passed.png"/>
                        <a href="#" class="method navigator-link" panel-name="suite-Gurukula_Regression_Automation_Suite" title="com.gurukula.tests.RegistrationTest" hash-for-method="M2_TS03_Registeration_ErrorMessageVerification(8, user, a@abc.com, password, , Your password is required.)">M2_TS03_Registeration_ErrorMessageVerification(8, user, a@abc.com, password, , Your password is required.)</a> <!-- method navigator-link -->
                      </span>
                      <br/>
                      <span>
                        <img width="3%" src="passed.png"/>
                        <a href="#" class="method navigator-link" panel-name="suite-Gurukula_Regression_Automation_Suite" title="com.gurukula.tests.RegistrationTest" hash-for-method="M2_TS03_Registeration_ErrorMessageVerification(12, user, a@a, , 112345, Your confirmation password is required.)">M2_TS03_Registeration_ErrorMessageVerification(12, user, a@a, , 112345, Your confirmation password is required.)</a> <!-- method navigator-link -->
                      </span>
                      <br/>
                      <span>
                        <img width="3%" src="passed.png"/>
                        <a href="#" class="method navigator-link" panel-name="suite-Gurukula_Regression_Automation_Suite" title="com.gurukula.tests.RegistrationTest" hash-for-method="M2_TS03_Registeration_ErrorMessageVerification(5, user, a@a.com, , , Your e-mail is required.)">M2_TS03_Registeration_ErrorMessageVerification(5, user, a@a.com, , , Your e-mail is required.)</a> <!-- method navigator-link -->
                      </span>
                      <br/>
                      <span>
                        <img width="3%" src="passed.png"/>
                        <a href="#" class="method navigator-link" panel-name="suite-Gurukula_Regression_Automation_Suite" title="com.gurukula.tests.RegistrationTest" hash-for-method="M2_TS03_Registeration_ErrorMessageVerification(6, user, a@a, , , Your e-mail is required to be at least 5 characters.)">M2_TS03_Registeration_ErrorMessageVerification(6, user, a@a, , , Your e-mail is required to be at least 5 characters.)</a> <!-- method navigator-link -->
                      </span>
                      <br/>
                      <span>
                        <img width="3%" src="passed.png"/>
                        <a href="#" class="method navigator-link" panel-name="suite-Gurukula_Regression_Automation_Suite" title="com.gurukula.tests.RegistrationTest" hash-for-method="M2_TS04_VerifyRegistrationEnable">M2_TS04_VerifyRegistrationEnable</a> <!-- method navigator-link -->
                      </span>
                      <br/>
                      <span>
                        <img width="3%" src="passed.png"/>
                        <a href="#" class="method navigator-link" panel-name="suite-Gurukula_Regression_Automation_Suite" title="com.gurukula.tests.AccountTest" hash-for-method="M3_TS03_VerifyPasswordStrength_ChangePwdScreen(1, Test@2018!!!!!, , Very Strong)">M3_TS03_VerifyPasswordStrength_ChangePwdScreen(1, Test@2018!!!!!, , Very Strong)</a> <!-- method navigator-link -->
                      </span>
                      <br/>
                      <span>
                        <img width="3%" src="passed.png"/>
                        <a href="#" class="method navigator-link" panel-name="suite-Gurukula_Regression_Automation_Suite" title="com.gurukula.tests.AccountTest" hash-for-method="M3_TS03_VerifyPasswordStrength_ChangePwdScreen(9, , 112345, Your confirmation password is required.)">M3_TS03_VerifyPasswordStrength_ChangePwdScreen(9, , 112345, Your confirmation password is required.)</a> <!-- method navigator-link -->
                      </span>
                      <br/>
                      <span>
                        <img width="3%" src="passed.png"/>
                        <a href="#" class="method navigator-link" panel-name="suite-Gurukula_Regression_Automation_Suite" title="com.gurukula.tests.AccountTest" hash-for-method="M3_TS03_VerifyPasswordStrength_ChangePwdScreen(7, password1234567890password1234567890password1234567, , Your password cannot be longer than 50 cha...)">M3_TS03_VerifyPasswordStrength_ChangePwdScreen(7, password1234567890password1234567890password1234567, , Your password cannot be longer than 50 cha...)</a> <!-- method navigator-link -->
                      </span>
                      <br/>
                      <span>
                        <img width="3%" src="passed.png"/>
                        <a href="#" class="method navigator-link" panel-name="suite-Gurukula_Regression_Automation_Suite" title="com.gurukula.tests.AccountTest" hash-for-method="M3_TS03_VerifyPasswordStrength_ChangePwdScreen(5, password, , Your password is required.)">M3_TS03_VerifyPasswordStrength_ChangePwdScreen(5, password, , Your password is required.)</a> <!-- method navigator-link -->
                      </span>
                      <br/>
                      <span>
                        <img width="3%" src="passed.png"/>
                        <a href="#" class="method navigator-link" panel-name="suite-Gurukula_Regression_Automation_Suite" title="com.gurukula.tests.AccountTest" hash-for-method="M3_TS03_VerifyPasswordStrength_ChangePwdScreen(6, p, , Your password is required to be at least 5 characters.)">M3_TS03_VerifyPasswordStrength_ChangePwdScreen(6, p, , Your password is required to be at least 5 characters.)</a> <!-- method navigator-link -->
                      </span>
                      <br/>
                      <span>
                        <img width="3%" src="passed.png"/>
                        <a href="#" class="method navigator-link" panel-name="suite-Gurukula_Regression_Automation_Suite" title="com.gurukula.tests.AccountTest" hash-for-method="M3_TS03_VerifyPasswordStrength_ChangePwdScreen(10, , password1234567890password1234567890password1234567, Your confirmation password cannot be long...)">M3_TS03_VerifyPasswordStrength_ChangePwdScreen(10, , password1234567890password1234567890password1234567, Your confirmation password cannot be long...)</a> <!-- method navigator-link -->
                      </span>
                      <br/>
                      <span>
                        <img width="3%" src="passed.png"/>
                        <a href="#" class="method navigator-link" panel-name="suite-Gurukula_Regression_Automation_Suite" title="com.gurukula.tests.AccountTest" hash-for-method="M3_TS03_VerifyPasswordStrength_ChangePwdScreen(2, Test@2018, , Strong)">M3_TS03_VerifyPasswordStrength_ChangePwdScreen(2, Test@2018, , Strong)</a> <!-- method navigator-link -->
                      </span>
                      <br/>
                      <span>
                        <img width="3%" src="passed.png"/>
                        <a href="#" class="method navigator-link" panel-name="suite-Gurukula_Regression_Automation_Suite" title="com.gurukula.tests.AccountTest" hash-for-method="M3_TS03_VerifyPasswordStrength_ChangePwdScreen(4, 12345abcde, , Weak)">M3_TS03_VerifyPasswordStrength_ChangePwdScreen(4, 12345abcde, , Weak)</a> <!-- method navigator-link -->
                      </span>
                      <br/>
                      <span>
                        <img width="3%" src="passed.png"/>
                        <a href="#" class="method navigator-link" panel-name="suite-Gurukula_Regression_Automation_Suite" title="com.gurukula.tests.AccountTest" hash-for-method="M3_TS03_VerifyPasswordStrength_ChangePwdScreen(3, 12345, , Very Weak)">M3_TS03_VerifyPasswordStrength_ChangePwdScreen(3, 12345, , Very Weak)</a> <!-- method navigator-link -->
                      </span>
                      <br/>
                      <span>
                        <img width="3%" src="passed.png"/>
                        <a href="#" class="method navigator-link" panel-name="suite-Gurukula_Regression_Automation_Suite" title="com.gurukula.tests.AccountTest" hash-for-method="M3_TS03_VerifyPasswordStrength_ChangePwdScreen(11, , 12, Your confirmation password is required to be at least 5 characters.)">M3_TS03_VerifyPasswordStrength_ChangePwdScreen(11, , 12, Your confirmation password is required to be at least 5 characters.)</a> <!-- method navigator-link -->
                      </span>
                      <br/>
                      <span>
                        <img width="3%" src="passed.png"/>
                        <a href="#" class="method navigator-link" panel-name="suite-Gurukula_Regression_Automation_Suite" title="com.gurukula.tests.AccountTest" hash-for-method="M3_TS04_VerifySettings_EmailFieldErrors(2, a@a.com, Your e-mail is required.)">M3_TS04_VerifySettings_EmailFieldErrors(2, a@a.com, Your e-mail is required.)</a> <!-- method navigator-link -->
                      </span>
                      <br/>
                      <span>
                        <img width="3%" src="passed.png"/>
                        <a href="#" class="method navigator-link" panel-name="suite-Gurukula_Regression_Automation_Suite" title="com.gurukula.tests.AccountTest" hash-for-method="M3_TS04_VerifySettings_EmailFieldErrors(3, a@a, Your e-mail is required to be at least 5 characters.)">M3_TS04_VerifySettings_EmailFieldErrors(3, a@a, Your e-mail is required to be at least 5 characters.)</a> <!-- method navigator-link -->
                      </span>
                      <br/>
                      <span>
                        <img width="3%" src="passed.png"/>
                        <a href="#" class="method navigator-link" panel-name="suite-Gurukula_Regression_Automation_Suite" title="com.gurukula.tests.AccountTest" hash-for-method="M3_TS04_VerifySettings_EmailFieldErrors(1, email, Your e-mail is invalid.)">M3_TS04_VerifySettings_EmailFieldErrors(1, email, Your e-mail is invalid.)</a> <!-- method navigator-link -->
                      </span>
                      <br/>
                      <span>
                        <img width="3%" src="passed.png"/>
                        <a href="#" class="method navigator-link" panel-name="suite-Gurukula_Regression_Automation_Suite" title="com.gurukula.tests.BranchTest" hash-for-method="M4_TS01_Create_newBranch(C Programming, CP01)">M4_TS01_Create_newBranch(C Programming, CP01)</a> <!-- method navigator-link -->
                      </span>
                      <br/>
                      <span>
                        <img width="3%" src="passed.png"/>
                        <a href="#" class="method navigator-link" panel-name="suite-Gurukula_Regression_Automation_Suite" title="com.gurukula.tests.BranchTest" hash-for-method="M4_TS01_Create_newBranch(Python Programming, CP02)">M4_TS01_Create_newBranch(Python Programming, CP02)</a> <!-- method navigator-link -->
                      </span>
                      <br/>
                      <span>
                        <img width="3%" src="passed.png"/>
                        <a href="#" class="method navigator-link" panel-name="suite-Gurukula_Regression_Automation_Suite" title="com.gurukula.tests.BranchTest" hash-for-method="M4_TS01_Create_newBranch(Computers, ITC01)">M4_TS01_Create_newBranch(Computers, ITC01)</a> <!-- method navigator-link -->
                      </span>
                      <br/>
                      <span>
                        <img width="3%" src="passed.png"/>
                        <a href="#" class="method navigator-link" panel-name="suite-Gurukula_Regression_Automation_Suite" title="com.gurukula.tests.BranchTest" hash-for-method="M4_TS01_Create_newBranch(Computer Networks, CN01)">M4_TS01_Create_newBranch(Computer Networks, CN01)</a> <!-- method navigator-link -->
                      </span>
                      <br/>
                      <span>
                        <img width="3%" src="passed.png"/>
                        <a href="#" class="method navigator-link" panel-name="suite-Gurukula_Regression_Automation_Suite" title="com.gurukula.tests.BranchTest" hash-for-method="M4_TS01_Create_newBranch(Java Programming, CP03)">M4_TS01_Create_newBranch(Java Programming, CP03)</a> <!-- method navigator-link -->
                      </span>
                      <br/>
                      <span>
                        <img width="3%" src="passed.png"/>
                        <a href="#" class="method navigator-link" panel-name="suite-Gurukula_Regression_Automation_Suite" title="com.gurukula.tests.BranchTest" hash-for-method="M4_TS02_Verify_BranchCreationError_Message_Handling(3, BRANCHNAME BRANCHNAME, ITC01, This field cannot be longer than 20 characters.)">M4_TS02_Verify_BranchCreationError_Message_Handling(3, BRANCHNAME BRANCHNAME, ITC01, This field cannot be longer than 20 characters.)</a> <!-- method navigator-link -->
                      </span>
                      <br/>
                      <span>
                        <img width="3%" src="passed.png"/>
                        <a href="#" class="method navigator-link" panel-name="suite-Gurukula_Regression_Automation_Suite" title="com.gurukula.tests.BranchTest" hash-for-method="M4_TS02_Verify_BranchCreationError_Message_Handling(7, BRANCHNAME, ITC01234567, This field cannot be longer than 10 characters.)">M4_TS02_Verify_BranchCreationError_Message_Handling(7, BRANCHNAME, ITC01234567, This field cannot be longer than 10 characters.)</a> <!-- method navigator-link -->
                      </span>
                      <br/>
                      <span>
                        <img width="3%" src="passed.png"/>
                        <a href="#" class="method navigator-link" panel-name="suite-Gurukula_Regression_Automation_Suite" title="com.gurukula.tests.BranchTest" hash-for-method="M4_TS02_Verify_BranchCreationError_Message_Handling(2, Com, ITC01, This field is required to be at least 5 characters.)">M4_TS02_Verify_BranchCreationError_Message_Handling(2, Com, ITC01, This field is required to be at least 5 characters.)</a> <!-- method navigator-link -->
                      </span>
                      <br/>
                      <span>
                        <img width="3%" src="passed.png"/>
                        <a href="#" class="method navigator-link" panel-name="suite-Gurukula_Regression_Automation_Suite" title="com.gurukula.tests.BranchTest" hash-for-method="M4_TS02_Verify_BranchCreationError_Message_Handling(1, , , This field is required.)">M4_TS02_Verify_BranchCreationError_Message_Handling(1, , , This field is required.)</a> <!-- method navigator-link -->
                      </span>
                      <br/>
                      <span>
                        <img width="3%" src="passed.png"/>
                        <a href="#" class="method navigator-link" panel-name="suite-Gurukula_Regression_Automation_Suite" title="com.gurukula.tests.BranchTest" hash-for-method="M4_TS02_Verify_BranchCreationError_Message_Handling(8, BRANCHNAME, abcd01, This field should follow pattern ^[A-Z0-9]*$.)">M4_TS02_Verify_BranchCreationError_Message_Handling(8, BRANCHNAME, abcd01, This field should follow pattern ^[A-Z0-9]*$.)</a> <!-- method navigator-link -->
                      </span>
                      <br/>
                      <span>
                        <img width="3%" src="passed.png"/>
                        <a href="#" class="method navigator-link" panel-name="suite-Gurukula_Regression_Automation_Suite" title="com.gurukula.tests.BranchTest" hash-for-method="M4_TS02_Verify_BranchCreationError_Message_Handling(6, BRANCHNAME, I, This field is required to be at least 2 characters.)">M4_TS02_Verify_BranchCreationError_Message_Handling(6, BRANCHNAME, I, This field is required to be at least 2 characters.)</a> <!-- method navigator-link -->
                      </span>
                      <br/>
                      <span>
                        <img width="3%" src="passed.png"/>
                        <a href="#" class="method navigator-link" panel-name="suite-Gurukula_Regression_Automation_Suite" title="com.gurukula.tests.BranchTest" hash-for-method="M4_TS02_Verify_BranchCreationError_Message_Handling(5, , , This field is required.)">M4_TS02_Verify_BranchCreationError_Message_Handling(5, , , This field is required.)</a> <!-- method navigator-link -->
                      </span>
                      <br/>
                      <span>
                        <img width="3%" src="passed.png"/>
                        <a href="#" class="method navigator-link" panel-name="suite-Gurukula_Regression_Automation_Suite" title="com.gurukula.tests.BranchTest" hash-for-method="M4_TS02_Verify_BranchCreationError_Message_Handling(4, Branch124, ITC01, This field should follow pattern ^[a-zA-Z\s]*$.)">M4_TS02_Verify_BranchCreationError_Message_Handling(4, Branch124, ITC01, This field should follow pattern ^[a-zA-Z\s]*$.)</a> <!-- method navigator-link -->
                      </span>
                      <br/>
                      <span>
                        <img width="3%" src="passed.png"/>
                        <a href="#" class="method navigator-link" panel-name="suite-Gurukula_Regression_Automation_Suite" title="com.gurukula.tests.BranchTest" hash-for-method="M4_TS03_Verify_BranchEdit">M4_TS03_Verify_BranchEdit</a> <!-- method navigator-link -->
                      </span>
                      <br/>
                      <span>
                        <img width="3%" src="passed.png"/>
                        <a href="#" class="method navigator-link" panel-name="suite-Gurukula_Regression_Automation_Suite" title="com.gurukula.tests.BranchTest" hash-for-method="M4_TS04_Verify_BranchDelete">M4_TS04_Verify_BranchDelete</a> <!-- method navigator-link -->
                      </span>
                      <br/>
                      <span>
                        <img width="3%" src="passed.png"/>
                        <a href="#" class="method navigator-link" panel-name="suite-Gurukula_Regression_Automation_Suite" title="com.gurukula.tests.BranchTest" hash-for-method="M4_TS05_Verify_BranchView">M4_TS05_Verify_BranchView</a> <!-- method navigator-link -->
                      </span>
                      <br/>
                      <span>
                        <img width="3%" src="passed.png"/>
                        <a href="#" class="method navigator-link" panel-name="suite-Gurukula_Regression_Automation_Suite" title="com.gurukula.tests.StaffTest" hash-for-method="M5_TS01_Create_new_staff(Mr Adam Smith, Computers)">M5_TS01_Create_new_staff(Mr Adam Smith, Computers)</a> <!-- method navigator-link -->
                      </span>
                      <br/>
                      <span>
                        <img width="3%" src="passed.png"/>
                        <a href="#" class="method navigator-link" panel-name="suite-Gurukula_Regression_Automation_Suite" title="com.gurukula.tests.StaffTest" hash-for-method="M5_TS01_Create_new_staff(Mr Richard Stamm, Java Programming)">M5_TS01_Create_new_staff(Mr Richard Stamm, Java Programming)</a> <!-- method navigator-link -->
                      </span>
                      <br/>
                      <span>
                        <img width="3%" src="passed.png"/>
                        <a href="#" class="method navigator-link" panel-name="suite-Gurukula_Regression_Automation_Suite" title="com.gurukula.tests.StaffTest" hash-for-method="M5_TS01_Create_new_staff(Prof Stefan Ring, Computer Networks)">M5_TS01_Create_new_staff(Prof Stefan Ring, Computer Networks)</a> <!-- method navigator-link -->
                      </span>
                      <br/>
                      <span>
                        <img width="3%" src="passed.png"/>
                        <a href="#" class="method navigator-link" panel-name="suite-Gurukula_Regression_Automation_Suite" title="com.gurukula.tests.StaffTest" hash-for-method="M5_TS01_Create_new_staff(Dr Peter Kokes, Python Programming)">M5_TS01_Create_new_staff(Dr Peter Kokes, Python Programming)</a> <!-- method navigator-link -->
                      </span>
                      <br/>
                      <span>
                        <img width="3%" src="passed.png"/>
                        <a href="#" class="method navigator-link" panel-name="suite-Gurukula_Regression_Automation_Suite" title="com.gurukula.tests.StaffTest" hash-for-method="M5_TS01_Create_new_staff(Mr Empty, )">M5_TS01_Create_new_staff(Mr Empty, )</a> <!-- method navigator-link -->
                      </span>
                      <br/>
                      <span>
                        <img width="3%" src="passed.png"/>
                        <a href="#" class="method navigator-link" panel-name="suite-Gurukula_Regression_Automation_Suite" title="com.gurukula.tests.StaffTest" hash-for-method="M5_TS01_Create_new_staff(Mrs Elizabeth Sen, Computer Networks)">M5_TS01_Create_new_staff(Mrs Elizabeth Sen, Computer Networks)</a> <!-- method navigator-link -->
                      </span>
                      <br/>
                      <span>
                        <img width="3%" src="passed.png"/>
                        <a href="#" class="method navigator-link" panel-name="suite-Gurukula_Regression_Automation_Suite" title="com.gurukula.tests.StaffTest" hash-for-method="M5_TS02_Verify_StaffCreationError_Message_Handling(2, ProfessorName ProfessorName ProfessorName Professor, This field cannot be longer than 50 characte...)">M5_TS02_Verify_StaffCreationError_Message_Handling(2, ProfessorName ProfessorName ProfessorName Professor, This field cannot be longer than 50 characte...)</a> <!-- method navigator-link -->
                      </span>
                      <br/>
                      <span>
                        <img width="3%" src="passed.png"/>
                        <a href="#" class="method navigator-link" panel-name="suite-Gurukula_Regression_Automation_Suite" title="com.gurukula.tests.StaffTest" hash-for-method="M5_TS02_Verify_StaffCreationError_Message_Handling(1, name, This field is required.)">M5_TS02_Verify_StaffCreationError_Message_Handling(1, name, This field is required.)</a> <!-- method navigator-link -->
                      </span>
                      <br/>
                      <span>
                        <img width="3%" src="passed.png"/>
                        <a href="#" class="method navigator-link" panel-name="suite-Gurukula_Regression_Automation_Suite" title="com.gurukula.tests.StaffTest" hash-for-method="M5_TS02_Verify_StaffCreationError_Message_Handling(3, Prof Adam1235, This field should follow pattern ^[a-zA-Z\s]*$.)">M5_TS02_Verify_StaffCreationError_Message_Handling(3, Prof Adam1235, This field should follow pattern ^[a-zA-Z\s]*$.)</a> <!-- method navigator-link -->
                      </span>
                      <br/>
                      <span>
                        <img width="3%" src="passed.png"/>
                        <a href="#" class="method navigator-link" panel-name="suite-Gurukula_Regression_Automation_Suite" title="com.gurukula.tests.StaffTest" hash-for-method="M5_TS03_Verify_StaffEdit">M5_TS03_Verify_StaffEdit</a> <!-- method navigator-link -->
                      </span>
                      <br/>
                      <span>
                        <img width="3%" src="passed.png"/>
                        <a href="#" class="method navigator-link" panel-name="suite-Gurukula_Regression_Automation_Suite" title="com.gurukula.tests.StaffTest" hash-for-method="M5_TS04_Verify_StaffDelete">M5_TS04_Verify_StaffDelete</a> <!-- method navigator-link -->
                      </span>
                      <br/>
                      <span>
                        <img width="3%" src="passed.png"/>
                        <a href="#" class="method navigator-link" panel-name="suite-Gurukula_Regression_Automation_Suite" title="com.gurukula.tests.StaffTest" hash-for-method="M5_TS05_Verify_StaffView">M5_TS05_Verify_StaffView</a> <!-- method navigator-link -->
                      </span>
                      <br/>
                    </div> <!-- method-list-content passed suite-Gurukula_Regression_Automation_Suite -->
                  </li>
                </ul>
              </div> <!-- suite-section-content -->
            </div> <!-- result-section -->
          </div> <!-- navigator-suite-content -->
        </div> <!-- rounded-window -->
      </div> <!-- suite -->
    </div> <!-- navigator-root -->
    <div class="wrapper">
      <div class="main-panel-root">
        <div panel-name="suite-Gurukula_Regression_Automation_Suite" class="panel Gurukula_Regression_Automation_Suite">
          <div class="suite-Gurukula_Regression_Automation_Suite-class-failed">
            <div class="main-panel-header rounded-window-top">
              <img src="failed.png"/>
              <span class="class-name">com.gurukula.tests.AccountTest</span>
            </div> <!-- main-panel-header rounded-window-top -->
            <div class="main-panel-content rounded-window-bottom">
              <div class="method">
                <div class="method-content">
                  <a name="M3_TS01_Verify_user_settings_change">
                  </a> <!-- M3_TS01_Verify_user_settings_change -->
                  <span class="method-name">M3_TS01_Verify_user_settings_change</span>
                  <div class="stack-trace">java.lang.AssertionError: expected [Sucess!] but found [An error has occurred!]
	at com.gurukula.tests.AccountTest.M3_TS01_Verify_user_settings_change(AccountTest.java:60)
... Removed 31 stack frames
</div> <!-- stack-trace -->
                </div> <!-- method-content -->
              </div> <!-- method -->
              <div class="method">
                <div class="method-content">
                  <a name="M3_TS02_Verify_Change_user_password">
                  </a> <!-- M3_TS02_Verify_Change_user_password -->
                  <span class="method-name">M3_TS02_Verify_Change_user_password</span>
                  <div class="stack-trace">java.lang.AssertionError: expected [Sucess!] but found [An error has occurred!]
	at com.gurukula.tests.AccountTest.M3_TS02_Verify_Change_user_password(AccountTest.java:81)
... Removed 31 stack frames
</div> <!-- stack-trace -->
                </div> <!-- method-content -->
              </div> <!-- method -->
              <div class="method">
                <div class="method-content">
                  <a name="M3_TS03_VerifyPasswordStrength_ChangePwdScreen(13, 12345, 45678, The password and its confirmation do not match!)">
                  </a> <!-- M3_TS03_VerifyPasswordStrength_ChangePwdScreen(13, 12345, 45678, The password and its confirmation do not match!) -->
                  <span class="method-name">M3_TS03_VerifyPasswordStrength_ChangePwdScreen</span>
                  <span class="parameters">(13, 12345, 45678, The password and its confirmation do not match!)</span>
                  <div class="stack-trace">java.lang.AssertionError: expected [The password and its confirmation do not match!] but found [Password for [admin]
The password and its confirmation do not match!
New password
Password strength:
New password confirmation
Save
Copyright  2015. All rights reserved]
	at com.gurukula.tests.AccountTest.M3_TS03_VerifyPasswordStrength_ChangePwdScreen(AccountTest.java:158)
... Removed 31 stack frames
</div> <!-- stack-trace -->
                </div> <!-- method-content -->
              </div> <!-- method -->
              <div class="method">
                <div class="method-content">
                  <a name="M3_TS03_VerifyPasswordStrength_ChangePwdScreen(12, , 12345$, Password should begin with a alphabet and should contain a number and a special charac...)">
                  </a> <!-- M3_TS03_VerifyPasswordStrength_ChangePwdScreen(12, , 12345$, Password should begin with a alphabet and should contain a number and a special charac...) -->
                  <span class="method-name">M3_TS03_VerifyPasswordStrength_ChangePwdScreen</span>
                  <span class="parameters">(12, , 12345$, Password should begin with a alphabet and should contain a number and a special character.)</span>
                  <div class="stack-trace">java.lang.AssertionError: expected [Password should begin with a alphabet and should contain a number and a special character.] but found []
	at com.gurukula.tests.AccountTest.M3_TS03_VerifyPasswordStrength_ChangePwdScreen(AccountTest.java:151)
... Removed 31 stack frames
</div> <!-- stack-trace -->
                </div> <!-- method-content -->
              </div> <!-- method -->
              <div class="method">
                <div class="method-content">
                  <a name="M3_TS03_VerifyPasswordStrength_ChangePwdScreen(8, 12345$, , Password should begin with a alphabet and should contain a number and a special charact...)">
                  </a> <!-- M3_TS03_VerifyPasswordStrength_ChangePwdScreen(8, 12345$, , Password should begin with a alphabet and should contain a number and a special charact...) -->
                  <span class="method-name">M3_TS03_VerifyPasswordStrength_ChangePwdScreen</span>
                  <span class="parameters">(8, 12345$, , Password should begin with a alphabet and should contain a number and a special character.)</span>
                  <div class="stack-trace">java.lang.AssertionError: expected [Password should begin with a alphabet and should contain a number and a special character.] but found []
	at com.gurukula.tests.AccountTest.M3_TS03_VerifyPasswordStrength_ChangePwdScreen(AccountTest.java:127)
... Removed 31 stack frames
</div> <!-- stack-trace -->
                </div> <!-- method-content -->
              </div> <!-- method -->
              <div class="method">
                <div class="method-content">
                  <a name="M3_TS04_VerifySettings_EmailFieldErrors(4, email1234567890123456789012345678901234567812@com, Your e-mail cannot be longer than 50 character...)">
                  </a> <!-- M3_TS04_VerifySettings_EmailFieldErrors(4, email1234567890123456789012345678901234567812@com, Your e-mail cannot be longer than 50 character...) -->
                  <span class="method-name">M3_TS04_VerifySettings_EmailFieldErrors</span>
                  <span class="parameters">(4, email1234567890123456789012345678901234567812@com, Your e-mail cannot be longer than 50 characters.)</span>
                  <div class="stack-trace">java.lang.AssertionError: expected [Your e-mail cannot be longer than 50 characters.] but found []
	at com.gurukula.tests.AccountTest.M3_TS04_VerifySettings_EmailFieldErrors(AccountTest.java:188)
... Removed 31 stack frames
</div> <!-- stack-trace -->
                </div> <!-- method-content -->
              </div> <!-- method -->
              <div class="method">
                <div class="method-content">
                  <a name="M3_TS05_Verify_Invalidate_Session">
                  </a> <!-- M3_TS05_Verify_Invalidate_Session -->
                  <span class="method-name">M3_TS05_Verify_Invalidate_Session</span>
                  <div class="stack-trace">org.openqa.selenium.StaleElementReferenceException: stale element reference: element is not attached to the page document
  (Session info: chrome=67.0.3396.99)
  (Driver info: chromedriver=2.40.565498 (ea082db3280dd6843ebfb08a625e3eb905c4f5ab),platform=Windows NT 10.0.16299 x86_64) (WARNING: The server did not provide any stacktrace information)
Command duration or timeout: 0 milliseconds
For documentation on this error, please visit: http://seleniumhq.org/exceptions/stale_element_reference.html
Build info: version: &apos;3.13.0&apos;, revision: &apos;2f0d292&apos;, time: &apos;2018-06-25T15:24:21.231Z&apos;
System info: host: &apos;M5-L-5194G16&apos;, ip: &apos;172.31.9.133&apos;, os.name: &apos;Windows 10&apos;, os.arch: &apos;amd64&apos;, os.version: &apos;10.0&apos;, java.version: &apos;1.8.0_161&apos;
Driver info: org.openqa.selenium.chrome.ChromeDriver
Capabilities {acceptInsecureCerts: false, acceptSslCerts: false, applicationCacheEnabled: false, browserConnectionEnabled: false, browserName: chrome, chrome: {chromedriverVersion: 2.40.565498 (ea082db3280dd6..., userDataDir: C:\Users\NITISH~1.CHO\AppDa...}, cssSelectorsEnabled: true, databaseEnabled: false, handlesAlerts: true, hasTouchScreen: false, javascriptEnabled: true, locationContextEnabled: true, mobileEmulationEnabled: false, nativeEvents: true, networkConnectionEnabled: false, pageLoadStrategy: normal, platform: XP, platformName: XP, rotatable: false, setWindowRect: true, takesHeapSnapshot: true, takesScreenshot: true, unexpectedAlertBehaviour: , unhandledPromptBehavior: , version: 67.0.3396.99, webStorageEnabled: true}
Session ID: 3ddf396466a672e3b5e00e550f965fb3
	at org.openqa.selenium.remote.ErrorHandler.createThrowable(ErrorHandler.java:214)
	at org.openqa.selenium.remote.ErrorHandler.throwIfResponseFailed(ErrorHandler.java:166)
	at org.openqa.selenium.remote.http.JsonHttpResponseCodec.reconstructValue(JsonHttpResponseCodec.java:40)
	at org.openqa.selenium.remote.http.AbstractHttpResponseCodec.decode(AbstractHttpResponseCodec.java:80)
	at org.openqa.selenium.remote.http.AbstractHttpResponseCodec.decode(AbstractHttpResponseCodec.java:44)
	at org.openqa.selenium.remote.HttpCommandExecutor.execute(HttpCommandExecutor.java:158)
	at org.openqa.selenium.remote.service.DriverCommandExecutor.execute(DriverCommandExecutor.java:83)
	at org.openqa.selenium.remote.RemoteWebDriver.execute(RemoteWebDriver.java:548)
	at org.openqa.selenium.remote.RemoteWebElement.execute(RemoteWebElement.java:276)
	at org.openqa.selenium.remote.RemoteWebElement.getText(RemoteWebElement.java:160)
	at org.openqa.selenium.support.pagefactory.internal.LocatingElementHandler.invoke(LocatingElementHandler.java:51)
	at com.sun.proxy.$Proxy11.getText(Unknown Source)
	at com.gurukula.pages.BasicPage.getPageHeader(BasicPage.java:74)
	at com.gurukula.tests.AccountTest.M3_TS05_Verify_Invalidate_Session(AccountTest.java:203)
... Removed 32 stack frames
</div> <!-- stack-trace -->
                </div> <!-- method-content -->
              </div> <!-- method -->
            </div> <!-- main-panel-content rounded-window-bottom -->
          </div> <!-- suite-Gurukula_Regression_Automation_Suite-class-failed -->
          <div class="suite-Gurukula_Regression_Automation_Suite-class-failed">
            <div class="main-panel-header rounded-window-top">
              <img src="failed.png"/>
              <span class="class-name">com.gurukula.tests.RegistrationTest</span>
            </div> <!-- main-panel-header rounded-window-top -->
            <div class="main-panel-content rounded-window-bottom">
              <div class="method">
                <div class="method-content">
                  <a name="M2_TS01_Verify_NewUser_Registration(nitish, nitish@opentrash.com, Test@2018!!!!!, Test@2018!!!!!)">
                  </a> <!-- M2_TS01_Verify_NewUser_Registration(nitish, nitish@opentrash.com, Test@2018!!!!!, Test@2018!!!!!) -->
                  <span class="method-name">M2_TS01_Verify_NewUser_Registration</span>
                  <span class="parameters">(nitish, nitish@opentrash.com, Test@2018!!!!!, Test@2018!!!!!)</span>
                  <div class="stack-trace">java.lang.AssertionError: expected [Registration Success!] but found [Registration failed!]
	at com.gurukula.tests.RegistrationTest.M2_TS01_Verify_NewUser_Registration(RegistrationTest.java:51)
... Removed 31 stack frames
</div> <!-- stack-trace -->
                </div> <!-- method-content -->
              </div> <!-- method -->
              <div class="method">
                <div class="method-content">
                  <a name="M2_TS03_Registeration_ErrorMessageVerification(7, user, email1234567890123456789012345678901234567812@com, , , Your e-mail cannot be longer than 50...)">
                  </a> <!-- M2_TS03_Registeration_ErrorMessageVerification(7, user, email1234567890123456789012345678901234567812@com, , , Your e-mail cannot be longer than 50...) -->
                  <span class="method-name">M2_TS03_Registeration_ErrorMessageVerification</span>
                  <span class="parameters">(7, user, email1234567890123456789012345678901234567812@com, , , Your e-mail cannot be longer than 50 characters.)</span>
                  <div class="stack-trace">java.lang.AssertionError: expected [Your e-mail cannot be longer than 50 characters.] but found []
	at com.gurukula.tests.RegistrationTest.M2_TS03_Registeration_ErrorMessageVerification(RegistrationTest.java:102)
... Removed 31 stack frames
</div> <!-- stack-trace -->
                </div> <!-- method-content -->
              </div> <!-- method -->
              <div class="method">
                <div class="method-content">
                  <a name="M2_TS03_Registeration_ErrorMessageVerification(15, user, a@a, , 12345$, Password should begin with a alphabet and should contain a number and a spe...)">
                  </a> <!-- M2_TS03_Registeration_ErrorMessageVerification(15, user, a@a, , 12345$, Password should begin with a alphabet and should contain a number and a spe...) -->
                  <span class="method-name">M2_TS03_Registeration_ErrorMessageVerification</span>
                  <span class="parameters">(15, user, a@a, , 12345$, Password should begin with a alphabet and should contain a number and a special character.)</span>
                  <div class="stack-trace">java.lang.AssertionError: expected [Password should begin with a alphabet and should contain a number and a special character.] but found []
	at com.gurukula.tests.RegistrationTest.M2_TS03_Registeration_ErrorMessageVerification(RegistrationTest.java:137)
... Removed 31 stack frames
</div> <!-- stack-trace -->
                </div> <!-- method-content -->
              </div> <!-- method -->
              <div class="method">
                <div class="method-content">
                  <a name="M2_TS03_Registeration_ErrorMessageVerification(11, user, a@abc.com, 12345$, , Password should begin with a alphabet and should contain a number and...)">
                  </a> <!-- M2_TS03_Registeration_ErrorMessageVerification(11, user, a@abc.com, 12345$, , Password should begin with a alphabet and should contain a number and...) -->
                  <span class="method-name">M2_TS03_Registeration_ErrorMessageVerification</span>
                  <span class="parameters">(11, user, a@abc.com, 12345$, , Password should begin with a alphabet and should contain a number and a special character.)</span>
                  <div class="stack-trace">java.lang.AssertionError: expected [Password should begin with a alphabet and should contain a number and a special character.] but found []
	at com.gurukula.tests.RegistrationTest.M2_TS03_Registeration_ErrorMessageVerification(RegistrationTest.java:119)
... Removed 31 stack frames
</div> <!-- stack-trace -->
                </div> <!-- method-content -->
              </div> <!-- method -->
            </div> <!-- main-panel-content rounded-window-bottom -->
          </div> <!-- suite-Gurukula_Regression_Automation_Suite-class-failed -->
          <div class="suite-Gurukula_Regression_Automation_Suite-class-failed">
            <div class="main-panel-header rounded-window-top">
              <img src="failed.png"/>
              <span class="class-name">com.gurukula.tests.LoginTest</span>
            </div> <!-- main-panel-header rounded-window-top -->
            <div class="main-panel-content rounded-window-bottom">
              <div class="method">
                <div class="method-content">
                  <a name="M1_TS04_Verify_Reset_your_password(4, email1234567890123456789012345678901234567812@com, Your e-mail cannot be longer than 50 character...)">
                  </a> <!-- M1_TS04_Verify_Reset_your_password(4, email1234567890123456789012345678901234567812@com, Your e-mail cannot be longer than 50 character...) -->
                  <span class="method-name">M1_TS04_Verify_Reset_your_password</span>
                  <span class="parameters">(4, email1234567890123456789012345678901234567812@com, Your e-mail cannot be longer than 50 characters.)</span>
                  <div class="stack-trace">java.lang.AssertionError: expected [Your e-mail cannot be longer than 50 characters.] but found []
	at com.gurukula.tests.LoginTest.M1_TS04_Verify_Reset_your_password(LoginTest.java:100)
... Removed 31 stack frames
</div> <!-- stack-trace -->
                </div> <!-- method-content -->
              </div> <!-- method -->
              <div class="method">
                <div class="method-content">
                  <a name="M1_TS04_Verify_Reset_your_password(6, admin@localhost, Success!)">
                  </a> <!-- M1_TS04_Verify_Reset_your_password(6, admin@localhost, Success!) -->
                  <span class="method-name">M1_TS04_Verify_Reset_your_password</span>
                  <span class="parameters">(6, admin@localhost, Success!)</span>
                  <div class="stack-trace">java.lang.AssertionError: expected [Success!] but found []
	at com.gurukula.tests.LoginTest.M1_TS04_Verify_Reset_your_password(LoginTest.java:110)
... Removed 31 stack frames
</div> <!-- stack-trace -->
                </div> <!-- method-content -->
              </div> <!-- method -->
            </div> <!-- main-panel-content rounded-window-bottom -->
          </div> <!-- suite-Gurukula_Regression_Automation_Suite-class-failed -->
          <div class="suite-Gurukula_Regression_Automation_Suite-class-passed">
            <div class="main-panel-header rounded-window-top">
              <img src="passed.png"/>
              <span class="class-name">com.gurukula.tests.AccountTest</span>
            </div> <!-- main-panel-header rounded-window-top -->
            <div class="main-panel-content rounded-window-bottom">
              <div class="method">
                <div class="method-content">
                  <a name="M3_TS03_VerifyPasswordStrength_ChangePwdScreen(1, Test@2018!!!!!, , Very Strong)">
                  </a> <!-- M3_TS03_VerifyPasswordStrength_ChangePwdScreen(1, Test@2018!!!!!, , Very Strong) -->
                  <span class="method-name">M3_TS03_VerifyPasswordStrength_ChangePwdScreen</span>
                  <span class="parameters">(1, Test@2018!!!!!, , Very Strong)</span>
                </div> <!-- method-content -->
              </div> <!-- method -->
              <div class="method">
                <div class="method-content">
                  <a name="M3_TS03_VerifyPasswordStrength_ChangePwdScreen(9, , 112345, Your confirmation password is required.)">
                  </a> <!-- M3_TS03_VerifyPasswordStrength_ChangePwdScreen(9, , 112345, Your confirmation password is required.) -->
                  <span class="method-name">M3_TS03_VerifyPasswordStrength_ChangePwdScreen</span>
                  <span class="parameters">(9, , 112345, Your confirmation password is required.)</span>
                </div> <!-- method-content -->
              </div> <!-- method -->
              <div class="method">
                <div class="method-content">
                  <a name="M3_TS03_VerifyPasswordStrength_ChangePwdScreen(7, password1234567890password1234567890password1234567, , Your password cannot be longer than 50 cha...)">
                  </a> <!-- M3_TS03_VerifyPasswordStrength_ChangePwdScreen(7, password1234567890password1234567890password1234567, , Your password cannot be longer than 50 cha...) -->
                  <span class="method-name">M3_TS03_VerifyPasswordStrength_ChangePwdScreen</span>
                  <span class="parameters">(7, password1234567890password1234567890password1234567, , Your password cannot be longer than 50 characters.)</span>
                </div> <!-- method-content -->
              </div> <!-- method -->
              <div class="method">
                <div class="method-content">
                  <a name="M3_TS03_VerifyPasswordStrength_ChangePwdScreen(5, password, , Your password is required.)">
                  </a> <!-- M3_TS03_VerifyPasswordStrength_ChangePwdScreen(5, password, , Your password is required.) -->
                  <span class="method-name">M3_TS03_VerifyPasswordStrength_ChangePwdScreen</span>
                  <span class="parameters">(5, password, , Your password is required.)</span>
                </div> <!-- method-content -->
              </div> <!-- method -->
              <div class="method">
                <div class="method-content">
                  <a name="M3_TS03_VerifyPasswordStrength_ChangePwdScreen(6, p, , Your password is required to be at least 5 characters.)">
                  </a> <!-- M3_TS03_VerifyPasswordStrength_ChangePwdScreen(6, p, , Your password is required to be at least 5 characters.) -->
                  <span class="method-name">M3_TS03_VerifyPasswordStrength_ChangePwdScreen</span>
                  <span class="parameters">(6, p, , Your password is required to be at least 5 characters.)</span>
                </div> <!-- method-content -->
              </div> <!-- method -->
              <div class="method">
                <div class="method-content">
                  <a name="M3_TS03_VerifyPasswordStrength_ChangePwdScreen(10, , password1234567890password1234567890password1234567, Your confirmation password cannot be long...)">
                  </a> <!-- M3_TS03_VerifyPasswordStrength_ChangePwdScreen(10, , password1234567890password1234567890password1234567, Your confirmation password cannot be long...) -->
                  <span class="method-name">M3_TS03_VerifyPasswordStrength_ChangePwdScreen</span>
                  <span class="parameters">(10, , password1234567890password1234567890password1234567, Your confirmation password cannot be longer than 50 characters.)</span>
                </div> <!-- method-content -->
              </div> <!-- method -->
              <div class="method">
                <div class="method-content">
                  <a name="M3_TS03_VerifyPasswordStrength_ChangePwdScreen(2, Test@2018, , Strong)">
                  </a> <!-- M3_TS03_VerifyPasswordStrength_ChangePwdScreen(2, Test@2018, , Strong) -->
                  <span class="method-name">M3_TS03_VerifyPasswordStrength_ChangePwdScreen</span>
                  <span class="parameters">(2, Test@2018, , Strong)</span>
                </div> <!-- method-content -->
              </div> <!-- method -->
              <div class="method">
                <div class="method-content">
                  <a name="M3_TS03_VerifyPasswordStrength_ChangePwdScreen(4, 12345abcde, , Weak)">
                  </a> <!-- M3_TS03_VerifyPasswordStrength_ChangePwdScreen(4, 12345abcde, , Weak) -->
                  <span class="method-name">M3_TS03_VerifyPasswordStrength_ChangePwdScreen</span>
                  <span class="parameters">(4, 12345abcde, , Weak)</span>
                </div> <!-- method-content -->
              </div> <!-- method -->
              <div class="method">
                <div class="method-content">
                  <a name="M3_TS03_VerifyPasswordStrength_ChangePwdScreen(3, 12345, , Very Weak)">
                  </a> <!-- M3_TS03_VerifyPasswordStrength_ChangePwdScreen(3, 12345, , Very Weak) -->
                  <span class="method-name">M3_TS03_VerifyPasswordStrength_ChangePwdScreen</span>
                  <span class="parameters">(3, 12345, , Very Weak)</span>
                </div> <!-- method-content -->
              </div> <!-- method -->
              <div class="method">
                <div class="method-content">
                  <a name="M3_TS03_VerifyPasswordStrength_ChangePwdScreen(11, , 12, Your confirmation password is required to be at least 5 characters.)">
                  </a> <!-- M3_TS03_VerifyPasswordStrength_ChangePwdScreen(11, , 12, Your confirmation password is required to be at least 5 characters.) -->
                  <span class="method-name">M3_TS03_VerifyPasswordStrength_ChangePwdScreen</span>
                  <span class="parameters">(11, , 12, Your confirmation password is required to be at least 5 characters.)</span>
                </div> <!-- method-content -->
              </div> <!-- method -->
              <div class="method">
                <div class="method-content">
                  <a name="M3_TS04_VerifySettings_EmailFieldErrors(2, a@a.com, Your e-mail is required.)">
                  </a> <!-- M3_TS04_VerifySettings_EmailFieldErrors(2, a@a.com, Your e-mail is required.) -->
                  <span class="method-name">M3_TS04_VerifySettings_EmailFieldErrors</span>
                  <span class="parameters">(2, a@a.com, Your e-mail is required.)</span>
                </div> <!-- method-content -->
              </div> <!-- method -->
              <div class="method">
                <div class="method-content">
                  <a name="M3_TS04_VerifySettings_EmailFieldErrors(3, a@a, Your e-mail is required to be at least 5 characters.)">
                  </a> <!-- M3_TS04_VerifySettings_EmailFieldErrors(3, a@a, Your e-mail is required to be at least 5 characters.) -->
                  <span class="method-name">M3_TS04_VerifySettings_EmailFieldErrors</span>
                  <span class="parameters">(3, a@a, Your e-mail is required to be at least 5 characters.)</span>
                </div> <!-- method-content -->
              </div> <!-- method -->
              <div class="method">
                <div class="method-content">
                  <a name="M3_TS04_VerifySettings_EmailFieldErrors(1, email, Your e-mail is invalid.)">
                  </a> <!-- M3_TS04_VerifySettings_EmailFieldErrors(1, email, Your e-mail is invalid.) -->
                  <span class="method-name">M3_TS04_VerifySettings_EmailFieldErrors</span>
                  <span class="parameters">(1, email, Your e-mail is invalid.)</span>
                </div> <!-- method-content -->
              </div> <!-- method -->
            </div> <!-- main-panel-content rounded-window-bottom -->
          </div> <!-- suite-Gurukula_Regression_Automation_Suite-class-passed -->
          <div class="suite-Gurukula_Regression_Automation_Suite-class-passed">
            <div class="main-panel-header rounded-window-top">
              <img src="passed.png"/>
              <span class="class-name">com.gurukula.tests.RegistrationTest</span>
            </div> <!-- main-panel-header rounded-window-top -->
            <div class="main-panel-content rounded-window-bottom">
              <div class="method">
                <div class="method-content">
                  <a name="M2_TS02_VerifyPasswordStrength(nitish, nitish@opentrash.com, 12345abcde, , Weak)">
                  </a> <!-- M2_TS02_VerifyPasswordStrength(nitish, nitish@opentrash.com, 12345abcde, , Weak) -->
                  <span class="method-name">M2_TS02_VerifyPasswordStrength</span>
                  <span class="parameters">(nitish, nitish@opentrash.com, 12345abcde, , Weak)</span>
                </div> <!-- method-content -->
              </div> <!-- method -->
              <div class="method">
                <div class="method-content">
                  <a name="M2_TS02_VerifyPasswordStrength(nitish, nitish@opentrash.com, Test@2018!!!!!, , Very Strong)">
                  </a> <!-- M2_TS02_VerifyPasswordStrength(nitish, nitish@opentrash.com, Test@2018!!!!!, , Very Strong) -->
                  <span class="method-name">M2_TS02_VerifyPasswordStrength</span>
                  <span class="parameters">(nitish, nitish@opentrash.com, Test@2018!!!!!, , Very Strong)</span>
                </div> <!-- method-content -->
              </div> <!-- method -->
              <div class="method">
                <div class="method-content">
                  <a name="M2_TS02_VerifyPasswordStrength(nitish, nitish@opentrash.com, Test@2018, , Strong)">
                  </a> <!-- M2_TS02_VerifyPasswordStrength(nitish, nitish@opentrash.com, Test@2018, , Strong) -->
                  <span class="method-name">M2_TS02_VerifyPasswordStrength</span>
                  <span class="parameters">(nitish, nitish@opentrash.com, Test@2018, , Strong)</span>
                </div> <!-- method-content -->
              </div> <!-- method -->
              <div class="method">
                <div class="method-content">
                  <a name="M2_TS02_VerifyPasswordStrength(nitish, nitish@opentrash.com, 12345, , Very Weak)">
                  </a> <!-- M2_TS02_VerifyPasswordStrength(nitish, nitish@opentrash.com, 12345, , Very Weak) -->
                  <span class="method-name">M2_TS02_VerifyPasswordStrength</span>
                  <span class="parameters">(nitish, nitish@opentrash.com, 12345, , Very Weak)</span>
                </div> <!-- method-content -->
              </div> <!-- method -->
              <div class="method">
                <div class="method-content">
                  <a name="M2_TS03_Registeration_ErrorMessageVerification(3, a123456789012345678901234567890123456789012345678901, , , , Your login cannot be longer than 50 c...)">
                  </a> <!-- M2_TS03_Registeration_ErrorMessageVerification(3, a123456789012345678901234567890123456789012345678901, , , , Your login cannot be longer than 50 c...) -->
                  <span class="method-name">M2_TS03_Registeration_ErrorMessageVerification</span>
                  <span class="parameters">(3, a123456789012345678901234567890123456789012345678901, , , , Your login cannot be longer than 50 characters.)</span>
                </div> <!-- method-content -->
              </div> <!-- method -->
              <div class="method">
                <div class="method-content">
                  <a name="M2_TS03_Registeration_ErrorMessageVerification(2, A123, email, password, confirmpass, Your login can only contain lower-case letters and digits.)">
                  </a> <!-- M2_TS03_Registeration_ErrorMessageVerification(2, A123, email, password, confirmpass, Your login can only contain lower-case letters and digits.) -->
                  <span class="method-name">M2_TS03_Registeration_ErrorMessageVerification</span>
                  <span class="parameters">(2, A123, email, password, confirmpass, Your login can only contain lower-case letters and digits.)</span>
                </div> <!-- method-content -->
              </div> <!-- method -->
              <div class="method">
                <div class="method-content">
                  <a name="M2_TS03_Registeration_ErrorMessageVerification(9, user, a@abc.com, p, , Your password is required to be at least 5 characters.)">
                  </a> <!-- M2_TS03_Registeration_ErrorMessageVerification(9, user, a@abc.com, p, , Your password is required to be at least 5 characters.) -->
                  <span class="method-name">M2_TS03_Registeration_ErrorMessageVerification</span>
                  <span class="parameters">(9, user, a@abc.com, p, , Your password is required to be at least 5 characters.)</span>
                </div> <!-- method-content -->
              </div> <!-- method -->
              <div class="method">
                <div class="method-content">
                  <a name="M2_TS03_Registeration_ErrorMessageVerification(13, user, a@a, , password1234567890password1234567890password1234567, Your confirmation password can...)">
                  </a> <!-- M2_TS03_Registeration_ErrorMessageVerification(13, user, a@a, , password1234567890password1234567890password1234567, Your confirmation password can...) -->
                  <span class="method-name">M2_TS03_Registeration_ErrorMessageVerification</span>
                  <span class="parameters">(13, user, a@a, , password1234567890password1234567890password1234567, Your confirmation password cannot be longer than 50 characters.)</span>
                </div> <!-- method-content -->
              </div> <!-- method -->
              <div class="method">
                <div class="method-content">
                  <a name="M2_TS03_Registeration_ErrorMessageVerification(14, user, a@a, , 12, Your confirmation password is required to be at least 5 characters.)">
                  </a> <!-- M2_TS03_Registeration_ErrorMessageVerification(14, user, a@a, , 12, Your confirmation password is required to be at least 5 characters.) -->
                  <span class="method-name">M2_TS03_Registeration_ErrorMessageVerification</span>
                  <span class="parameters">(14, user, a@a, , 12, Your confirmation password is required to be at least 5 characters.)</span>
                </div> <!-- method-content -->
              </div> <!-- method -->
              <div class="method">
                <div class="method-content">
                  <a name="M2_TS03_Registeration_ErrorMessageVerification(1, A, email, password, confirmpass, Your login is required.)">
                  </a> <!-- M2_TS03_Registeration_ErrorMessageVerification(1, A, email, password, confirmpass, Your login is required.) -->
                  <span class="method-name">M2_TS03_Registeration_ErrorMessageVerification</span>
                  <span class="parameters">(1, A, email, password, confirmpass, Your login is required.)</span>
                </div> <!-- method-content -->
              </div> <!-- method -->
              <div class="method">
                <div class="method-content">
                  <a name="M2_TS03_Registeration_ErrorMessageVerification(4, user, email, , , Your e-mail is invalid.)">
                  </a> <!-- M2_TS03_Registeration_ErrorMessageVerification(4, user, email, , , Your e-mail is invalid.) -->
                  <span class="method-name">M2_TS03_Registeration_ErrorMessageVerification</span>
                  <span class="parameters">(4, user, email, , , Your e-mail is invalid.)</span>
                </div> <!-- method-content -->
              </div> <!-- method -->
              <div class="method">
                <div class="method-content">
                  <a name="M2_TS03_Registeration_ErrorMessageVerification(10, user, a@abc.com, password1234567890password1234567890password1234567, , Your password cannot be ...)">
                  </a> <!-- M2_TS03_Registeration_ErrorMessageVerification(10, user, a@abc.com, password1234567890password1234567890password1234567, , Your password cannot be ...) -->
                  <span class="method-name">M2_TS03_Registeration_ErrorMessageVerification</span>
                  <span class="parameters">(10, user, a@abc.com, password1234567890password1234567890password1234567, , Your password cannot be longer than 50 characters.)</span>
                </div> <!-- method-content -->
              </div> <!-- method -->
              <div class="method">
                <div class="method-content">
                  <a name="M2_TS03_Registeration_ErrorMessageVerification(16, user, a@a.com, 12345, 45678, The password and its confirmation do not match!)">
                  </a> <!-- M2_TS03_Registeration_ErrorMessageVerification(16, user, a@a.com, 12345, 45678, The password and its confirmation do not match!) -->
                  <span class="method-name">M2_TS03_Registeration_ErrorMessageVerification</span>
                  <span class="parameters">(16, user, a@a.com, 12345, 45678, The password and its confirmation do not match!)</span>
                </div> <!-- method-content -->
              </div> <!-- method -->
              <div class="method">
                <div class="method-content">
                  <a name="M2_TS03_Registeration_ErrorMessageVerification(8, user, a@abc.com, password, , Your password is required.)">
                  </a> <!-- M2_TS03_Registeration_ErrorMessageVerification(8, user, a@abc.com, password, , Your password is required.) -->
                  <span class="method-name">M2_TS03_Registeration_ErrorMessageVerification</span>
                  <span class="parameters">(8, user, a@abc.com, password, , Your password is required.)</span>
                </div> <!-- method-content -->
              </div> <!-- method -->
              <div class="method">
                <div class="method-content">
                  <a name="M2_TS03_Registeration_ErrorMessageVerification(12, user, a@a, , 112345, Your confirmation password is required.)">
                  </a> <!-- M2_TS03_Registeration_ErrorMessageVerification(12, user, a@a, , 112345, Your confirmation password is required.) -->
                  <span class="method-name">M2_TS03_Registeration_ErrorMessageVerification</span>
                  <span class="parameters">(12, user, a@a, , 112345, Your confirmation password is required.)</span>
                </div> <!-- method-content -->
              </div> <!-- method -->
              <div class="method">
                <div class="method-content">
                  <a name="M2_TS03_Registeration_ErrorMessageVerification(5, user, a@a.com, , , Your e-mail is required.)">
                  </a> <!-- M2_TS03_Registeration_ErrorMessageVerification(5, user, a@a.com, , , Your e-mail is required.) -->
                  <span class="method-name">M2_TS03_Registeration_ErrorMessageVerification</span>
                  <span class="parameters">(5, user, a@a.com, , , Your e-mail is required.)</span>
                </div> <!-- method-content -->
              </div> <!-- method -->
              <div class="method">
                <div class="method-content">
                  <a name="M2_TS03_Registeration_ErrorMessageVerification(6, user, a@a, , , Your e-mail is required to be at least 5 characters.)">
                  </a> <!-- M2_TS03_Registeration_ErrorMessageVerification(6, user, a@a, , , Your e-mail is required to be at least 5 characters.) -->
                  <span class="method-name">M2_TS03_Registeration_ErrorMessageVerification</span>
                  <span class="parameters">(6, user, a@a, , , Your e-mail is required to be at least 5 characters.)</span>
                </div> <!-- method-content -->
              </div> <!-- method -->
              <div class="method">
                <div class="method-content">
                  <a name="M2_TS04_VerifyRegistrationEnable">
                  </a> <!-- M2_TS04_VerifyRegistrationEnable -->
                  <span class="method-name">M2_TS04_VerifyRegistrationEnable</span>
                </div> <!-- method-content -->
              </div> <!-- method -->
            </div> <!-- main-panel-content rounded-window-bottom -->
          </div> <!-- suite-Gurukula_Regression_Automation_Suite-class-passed -->
          <div class="suite-Gurukula_Regression_Automation_Suite-class-passed">
            <div class="main-panel-header rounded-window-top">
              <img src="passed.png"/>
              <span class="class-name">com.gurukula.tests.LoginTest</span>
            </div> <!-- main-panel-header rounded-window-top -->
            <div class="main-panel-content rounded-window-bottom">
              <div class="method">
                <div class="method-content">
                  <a name="M1_TS01_Login_VerifyApplicationIsUp">
                  </a> <!-- M1_TS01_Login_VerifyApplicationIsUp -->
                  <span class="method-name">M1_TS01_Login_VerifyApplicationIsUp</span>
                </div> <!-- method-content -->
              </div> <!-- method -->
              <div class="method">
                <div class="method-content">
                  <a name="M1_TS02_VerifyLogin(admin, admin)">
                  </a> <!-- M1_TS02_VerifyLogin(admin, admin) -->
                  <span class="method-name">M1_TS02_VerifyLogin</span>
                  <span class="parameters">(admin, admin)</span>
                </div> <!-- method-content -->
              </div> <!-- method -->
              <div class="method">
                <div class="method-content">
                  <a name="M1_TS03_VerifyInvalidLogin( ,  )">
                  </a> <!-- M1_TS03_VerifyInvalidLogin( ,  ) -->
                  <span class="method-name">M1_TS03_VerifyInvalidLogin</span>
                  <span class="parameters">( ,  )</span>
                </div> <!-- method-content -->
              </div> <!-- method -->
              <div class="method">
                <div class="method-content">
                  <a name="M1_TS03_VerifyInvalidLogin(Tom, 123456)">
                  </a> <!-- M1_TS03_VerifyInvalidLogin(Tom, 123456) -->
                  <span class="method-name">M1_TS03_VerifyInvalidLogin</span>
                  <span class="parameters">(Tom, 123456)</span>
                </div> <!-- method-content -->
              </div> <!-- method -->
              <div class="method">
                <div class="method-content">
                  <a name="M1_TS03_VerifyInvalidLogin(user, admin)">
                  </a> <!-- M1_TS03_VerifyInvalidLogin(user, admin) -->
                  <span class="method-name">M1_TS03_VerifyInvalidLogin</span>
                  <span class="parameters">(user, admin)</span>
                </div> <!-- method-content -->
              </div> <!-- method -->
              <div class="method">
                <div class="method-content">
                  <a name="M1_TS03_VerifyInvalidLogin(admin, 123456)">
                  </a> <!-- M1_TS03_VerifyInvalidLogin(admin, 123456) -->
                  <span class="method-name">M1_TS03_VerifyInvalidLogin</span>
                  <span class="parameters">(admin, 123456)</span>
                </div> <!-- method-content -->
              </div> <!-- method -->
              <div class="method">
                <div class="method-content">
                  <a name="M1_TS04_Verify_Reset_your_password(2, a@a.com, Your e-mail is required.)">
                  </a> <!-- M1_TS04_Verify_Reset_your_password(2, a@a.com, Your e-mail is required.) -->
                  <span class="method-name">M1_TS04_Verify_Reset_your_password</span>
                  <span class="parameters">(2, a@a.com, Your e-mail is required.)</span>
                </div> <!-- method-content -->
              </div> <!-- method -->
              <div class="method">
                <div class="method-content">
                  <a name="M1_TS04_Verify_Reset_your_password(5, admin@localhost.com, E-Mail address isn&#039;t registered!)">
                  </a> <!-- M1_TS04_Verify_Reset_your_password(5, admin@localhost.com, E-Mail address isn't registered!) -->
                  <span class="method-name">M1_TS04_Verify_Reset_your_password</span>
                  <span class="parameters">(5, admin@localhost.com, E-Mail address isn't registered!)</span>
                </div> <!-- method-content -->
              </div> <!-- method -->
              <div class="method">
                <div class="method-content">
                  <a name="M1_TS04_Verify_Reset_your_password(1, email, Your e-mail is invalid.)">
                  </a> <!-- M1_TS04_Verify_Reset_your_password(1, email, Your e-mail is invalid.) -->
                  <span class="method-name">M1_TS04_Verify_Reset_your_password</span>
                  <span class="parameters">(1, email, Your e-mail is invalid.)</span>
                </div> <!-- method-content -->
              </div> <!-- method -->
              <div class="method">
                <div class="method-content">
                  <a name="M1_TS04_Verify_Reset_your_password(3, a@a, Your e-mail is required to be at least 5 characters.)">
                  </a> <!-- M1_TS04_Verify_Reset_your_password(3, a@a, Your e-mail is required to be at least 5 characters.) -->
                  <span class="method-name">M1_TS04_Verify_Reset_your_password</span>
                  <span class="parameters">(3, a@a, Your e-mail is required to be at least 5 characters.)</span>
                </div> <!-- method-content -->
              </div> <!-- method -->
            </div> <!-- main-panel-content rounded-window-bottom -->
          </div> <!-- suite-Gurukula_Regression_Automation_Suite-class-passed -->
          <div class="suite-Gurukula_Regression_Automation_Suite-class-passed">
            <div class="main-panel-header rounded-window-top">
              <img src="passed.png"/>
              <span class="class-name">com.gurukula.tests.BranchTest</span>
            </div> <!-- main-panel-header rounded-window-top -->
            <div class="main-panel-content rounded-window-bottom">
              <div class="method">
                <div class="method-content">
                  <a name="M4_TS01_Create_newBranch(C Programming, CP01)">
                  </a> <!-- M4_TS01_Create_newBranch(C Programming, CP01) -->
                  <span class="method-name">M4_TS01_Create_newBranch</span>
                  <span class="parameters">(C Programming, CP01)</span>
                </div> <!-- method-content -->
              </div> <!-- method -->
              <div class="method">
                <div class="method-content">
                  <a name="M4_TS01_Create_newBranch(Python Programming, CP02)">
                  </a> <!-- M4_TS01_Create_newBranch(Python Programming, CP02) -->
                  <span class="method-name">M4_TS01_Create_newBranch</span>
                  <span class="parameters">(Python Programming, CP02)</span>
                </div> <!-- method-content -->
              </div> <!-- method -->
              <div class="method">
                <div class="method-content">
                  <a name="M4_TS01_Create_newBranch(Computers, ITC01)">
                  </a> <!-- M4_TS01_Create_newBranch(Computers, ITC01) -->
                  <span class="method-name">M4_TS01_Create_newBranch</span>
                  <span class="parameters">(Computers, ITC01)</span>
                </div> <!-- method-content -->
              </div> <!-- method -->
              <div class="method">
                <div class="method-content">
                  <a name="M4_TS01_Create_newBranch(Computer Networks, CN01)">
                  </a> <!-- M4_TS01_Create_newBranch(Computer Networks, CN01) -->
                  <span class="method-name">M4_TS01_Create_newBranch</span>
                  <span class="parameters">(Computer Networks, CN01)</span>
                </div> <!-- method-content -->
              </div> <!-- method -->
              <div class="method">
                <div class="method-content">
                  <a name="M4_TS01_Create_newBranch(Java Programming, CP03)">
                  </a> <!-- M4_TS01_Create_newBranch(Java Programming, CP03) -->
                  <span class="method-name">M4_TS01_Create_newBranch</span>
                  <span class="parameters">(Java Programming, CP03)</span>
                </div> <!-- method-content -->
              </div> <!-- method -->
              <div class="method">
                <div class="method-content">
                  <a name="M4_TS02_Verify_BranchCreationError_Message_Handling(3, BRANCHNAME BRANCHNAME, ITC01, This field cannot be longer than 20 characters.)">
                  </a> <!-- M4_TS02_Verify_BranchCreationError_Message_Handling(3, BRANCHNAME BRANCHNAME, ITC01, This field cannot be longer than 20 characters.) -->
                  <span class="method-name">M4_TS02_Verify_BranchCreationError_Message_Handling</span>
                  <span class="parameters">(3, BRANCHNAME BRANCHNAME, ITC01, This field cannot be longer than 20 characters.)</span>
                </div> <!-- method-content -->
              </div> <!-- method -->
              <div class="method">
                <div class="method-content">
                  <a name="M4_TS02_Verify_BranchCreationError_Message_Handling(7, BRANCHNAME, ITC01234567, This field cannot be longer than 10 characters.)">
                  </a> <!-- M4_TS02_Verify_BranchCreationError_Message_Handling(7, BRANCHNAME, ITC01234567, This field cannot be longer than 10 characters.) -->
                  <span class="method-name">M4_TS02_Verify_BranchCreationError_Message_Handling</span>
                  <span class="parameters">(7, BRANCHNAME, ITC01234567, This field cannot be longer than 10 characters.)</span>
                </div> <!-- method-content -->
              </div> <!-- method -->
              <div class="method">
                <div class="method-content">
                  <a name="M4_TS02_Verify_BranchCreationError_Message_Handling(2, Com, ITC01, This field is required to be at least 5 characters.)">
                  </a> <!-- M4_TS02_Verify_BranchCreationError_Message_Handling(2, Com, ITC01, This field is required to be at least 5 characters.) -->
                  <span class="method-name">M4_TS02_Verify_BranchCreationError_Message_Handling</span>
                  <span class="parameters">(2, Com, ITC01, This field is required to be at least 5 characters.)</span>
                </div> <!-- method-content -->
              </div> <!-- method -->
              <div class="method">
                <div class="method-content">
                  <a name="M4_TS02_Verify_BranchCreationError_Message_Handling(1, , , This field is required.)">
                  </a> <!-- M4_TS02_Verify_BranchCreationError_Message_Handling(1, , , This field is required.) -->
                  <span class="method-name">M4_TS02_Verify_BranchCreationError_Message_Handling</span>
                  <span class="parameters">(1, , , This field is required.)</span>
                </div> <!-- method-content -->
              </div> <!-- method -->
              <div class="method">
                <div class="method-content">
                  <a name="M4_TS02_Verify_BranchCreationError_Message_Handling(8, BRANCHNAME, abcd01, This field should follow pattern ^[A-Z0-9]*$.)">
                  </a> <!-- M4_TS02_Verify_BranchCreationError_Message_Handling(8, BRANCHNAME, abcd01, This field should follow pattern ^[A-Z0-9]*$.) -->
                  <span class="method-name">M4_TS02_Verify_BranchCreationError_Message_Handling</span>
                  <span class="parameters">(8, BRANCHNAME, abcd01, This field should follow pattern ^[A-Z0-9]*$.)</span>
                </div> <!-- method-content -->
              </div> <!-- method -->
              <div class="method">
                <div class="method-content">
                  <a name="M4_TS02_Verify_BranchCreationError_Message_Handling(6, BRANCHNAME, I, This field is required to be at least 2 characters.)">
                  </a> <!-- M4_TS02_Verify_BranchCreationError_Message_Handling(6, BRANCHNAME, I, This field is required to be at least 2 characters.) -->
                  <span class="method-name">M4_TS02_Verify_BranchCreationError_Message_Handling</span>
                  <span class="parameters">(6, BRANCHNAME, I, This field is required to be at least 2 characters.)</span>
                </div> <!-- method-content -->
              </div> <!-- method -->
              <div class="method">
                <div class="method-content">
                  <a name="M4_TS02_Verify_BranchCreationError_Message_Handling(5, , , This field is required.)">
                  </a> <!-- M4_TS02_Verify_BranchCreationError_Message_Handling(5, , , This field is required.) -->
                  <span class="method-name">M4_TS02_Verify_BranchCreationError_Message_Handling</span>
                  <span class="parameters">(5, , , This field is required.)</span>
                </div> <!-- method-content -->
              </div> <!-- method -->
              <div class="method">
                <div class="method-content">
                  <a name="M4_TS02_Verify_BranchCreationError_Message_Handling(4, Branch124, ITC01, This field should follow pattern ^[a-zA-Z\s]*$.)">
                  </a> <!-- M4_TS02_Verify_BranchCreationError_Message_Handling(4, Branch124, ITC01, This field should follow pattern ^[a-zA-Z\s]*$.) -->
                  <span class="method-name">M4_TS02_Verify_BranchCreationError_Message_Handling</span>
                  <span class="parameters">(4, Branch124, ITC01, This field should follow pattern ^[a-zA-Z\s]*$.)</span>
                </div> <!-- method-content -->
              </div> <!-- method -->
              <div class="method">
                <div class="method-content">
                  <a name="M4_TS03_Verify_BranchEdit">
                  </a> <!-- M4_TS03_Verify_BranchEdit -->
                  <span class="method-name">M4_TS03_Verify_BranchEdit</span>
                </div> <!-- method-content -->
              </div> <!-- method -->
              <div class="method">
                <div class="method-content">
                  <a name="M4_TS04_Verify_BranchDelete">
                  </a> <!-- M4_TS04_Verify_BranchDelete -->
                  <span class="method-name">M4_TS04_Verify_BranchDelete</span>
                </div> <!-- method-content -->
              </div> <!-- method -->
              <div class="method">
                <div class="method-content">
                  <a name="M4_TS05_Verify_BranchView">
                  </a> <!-- M4_TS05_Verify_BranchView -->
                  <span class="method-name">M4_TS05_Verify_BranchView</span>
                </div> <!-- method-content -->
              </div> <!-- method -->
            </div> <!-- main-panel-content rounded-window-bottom -->
          </div> <!-- suite-Gurukula_Regression_Automation_Suite-class-passed -->
          <div class="suite-Gurukula_Regression_Automation_Suite-class-passed">
            <div class="main-panel-header rounded-window-top">
              <img src="passed.png"/>
              <span class="class-name">com.gurukula.tests.StaffTest</span>
            </div> <!-- main-panel-header rounded-window-top -->
            <div class="main-panel-content rounded-window-bottom">
              <div class="method">
                <div class="method-content">
                  <a name="M5_TS01_Create_new_staff(Mr Adam Smith, Computers)">
                  </a> <!-- M5_TS01_Create_new_staff(Mr Adam Smith, Computers) -->
                  <span class="method-name">M5_TS01_Create_new_staff</span>
                  <span class="parameters">(Mr Adam Smith, Computers)</span>
                </div> <!-- method-content -->
              </div> <!-- method -->
              <div class="method">
                <div class="method-content">
                  <a name="M5_TS01_Create_new_staff(Mr Richard Stamm, Java Programming)">
                  </a> <!-- M5_TS01_Create_new_staff(Mr Richard Stamm, Java Programming) -->
                  <span class="method-name">M5_TS01_Create_new_staff</span>
                  <span class="parameters">(Mr Richard Stamm, Java Programming)</span>
                </div> <!-- method-content -->
              </div> <!-- method -->
              <div class="method">
                <div class="method-content">
                  <a name="M5_TS01_Create_new_staff(Prof Stefan Ring, Computer Networks)">
                  </a> <!-- M5_TS01_Create_new_staff(Prof Stefan Ring, Computer Networks) -->
                  <span class="method-name">M5_TS01_Create_new_staff</span>
                  <span class="parameters">(Prof Stefan Ring, Computer Networks)</span>
                </div> <!-- method-content -->
              </div> <!-- method -->
              <div class="method">
                <div class="method-content">
                  <a name="M5_TS01_Create_new_staff(Dr Peter Kokes, Python Programming)">
                  </a> <!-- M5_TS01_Create_new_staff(Dr Peter Kokes, Python Programming) -->
                  <span class="method-name">M5_TS01_Create_new_staff</span>
                  <span class="parameters">(Dr Peter Kokes, Python Programming)</span>
                </div> <!-- method-content -->
              </div> <!-- method -->
              <div class="method">
                <div class="method-content">
                  <a name="M5_TS01_Create_new_staff(Mr Empty, )">
                  </a> <!-- M5_TS01_Create_new_staff(Mr Empty, ) -->
                  <span class="method-name">M5_TS01_Create_new_staff</span>
                  <span class="parameters">(Mr Empty, )</span>
                </div> <!-- method-content -->
              </div> <!-- method -->
              <div class="method">
                <div class="method-content">
                  <a name="M5_TS01_Create_new_staff(Mrs Elizabeth Sen, Computer Networks)">
                  </a> <!-- M5_TS01_Create_new_staff(Mrs Elizabeth Sen, Computer Networks) -->
                  <span class="method-name">M5_TS01_Create_new_staff</span>
                  <span class="parameters">(Mrs Elizabeth Sen, Computer Networks)</span>
                </div> <!-- method-content -->
              </div> <!-- method -->
              <div class="method">
                <div class="method-content">
                  <a name="M5_TS02_Verify_StaffCreationError_Message_Handling(2, ProfessorName ProfessorName ProfessorName Professor, This field cannot be longer than 50 characte...)">
                  </a> <!-- M5_TS02_Verify_StaffCreationError_Message_Handling(2, ProfessorName ProfessorName ProfessorName Professor, This field cannot be longer than 50 characte...) -->
                  <span class="method-name">M5_TS02_Verify_StaffCreationError_Message_Handling</span>
                  <span class="parameters">(2, ProfessorName ProfessorName ProfessorName Professor, This field cannot be longer than 50 characters.)</span>
                </div> <!-- method-content -->
              </div> <!-- method -->
              <div class="method">
                <div class="method-content">
                  <a name="M5_TS02_Verify_StaffCreationError_Message_Handling(1, name, This field is required.)">
                  </a> <!-- M5_TS02_Verify_StaffCreationError_Message_Handling(1, name, This field is required.) -->
                  <span class="method-name">M5_TS02_Verify_StaffCreationError_Message_Handling</span>
                  <span class="parameters">(1, name, This field is required.)</span>
                </div> <!-- method-content -->
              </div> <!-- method -->
              <div class="method">
                <div class="method-content">
                  <a name="M5_TS02_Verify_StaffCreationError_Message_Handling(3, Prof Adam1235, This field should follow pattern ^[a-zA-Z\s]*$.)">
                  </a> <!-- M5_TS02_Verify_StaffCreationError_Message_Handling(3, Prof Adam1235, This field should follow pattern ^[a-zA-Z\s]*$.) -->
                  <span class="method-name">M5_TS02_Verify_StaffCreationError_Message_Handling</span>
                  <span class="parameters">(3, Prof Adam1235, This field should follow pattern ^[a-zA-Z\s]*$.)</span>
                </div> <!-- method-content -->
              </div> <!-- method -->
              <div class="method">
                <div class="method-content">
                  <a name="M5_TS03_Verify_StaffEdit">
                  </a> <!-- M5_TS03_Verify_StaffEdit -->
                  <span class="method-name">M5_TS03_Verify_StaffEdit</span>
                </div> <!-- method-content -->
              </div> <!-- method -->
              <div class="method">
                <div class="method-content">
                  <a name="M5_TS04_Verify_StaffDelete">
                  </a> <!-- M5_TS04_Verify_StaffDelete -->
                  <span class="method-name">M5_TS04_Verify_StaffDelete</span>
                </div> <!-- method-content -->
              </div> <!-- method -->
              <div class="method">
                <div class="method-content">
                  <a name="M5_TS05_Verify_StaffView">
                  </a> <!-- M5_TS05_Verify_StaffView -->
                  <span class="method-name">M5_TS05_Verify_StaffView</span>
                </div> <!-- method-content -->
              </div> <!-- method -->
            </div> <!-- main-panel-content rounded-window-bottom -->
          </div> <!-- suite-Gurukula_Regression_Automation_Suite-class-passed -->
        </div> <!-- panel Gurukula_Regression_Automation_Suite -->
        <div panel-name="test-xml-Gurukula_Regression_Automation_Suite" class="panel">
          <div class="main-panel-header rounded-window-top">
            <span class="header-content">C:\SNow\Regression.xml</span>
          </div> <!-- main-panel-header rounded-window-top -->
          <div class="main-panel-content rounded-window-bottom">
            <pre>
&lt;?xml version=&quot;1.0&quot; encoding=&quot;UTF-8&quot;?&gt;
&lt;!DOCTYPE suite SYSTEM &quot;http://testng.org/testng-1.0.dtd&quot;&gt;
&lt;suite guice-stage=&quot;DEVELOPMENT&quot; name=&quot;Gurukula Regression Automation Suite&quot;&gt;
  &lt;test thread-count=&quot;5&quot; name=&quot;Full Regression Test&quot;&gt;
    &lt;classes&gt;
      &lt;class name=&quot;com.gurukula.tests.LoginTest&quot;/&gt;
      &lt;class name=&quot;com.gurukula.tests.RegistrationTest&quot;/&gt;
      &lt;class name=&quot;com.gurukula.tests.AccountTest&quot;/&gt;
      &lt;class name=&quot;com.gurukula.tests.BranchTest&quot;/&gt;
      &lt;class name=&quot;com.gurukula.tests.StaffTest&quot;/&gt;
    &lt;/classes&gt;
  &lt;/test&gt; &lt;!-- Full Regression Test --&gt;
&lt;/suite&gt; &lt;!-- Gurukula Regression Automation Suite --&gt;
            </pre>
          </div> <!-- main-panel-content rounded-window-bottom -->
        </div> <!-- panel -->
        <div panel-name="testlist-Gurukula_Regression_Automation_Suite" class="panel">
          <div class="main-panel-header rounded-window-top">
            <span class="header-content">Tests for Gurukula Regression Automation Suite</span>
          </div> <!-- main-panel-header rounded-window-top -->
          <div class="main-panel-content rounded-window-bottom">
            <ul>
              <li>
                <span class="test-name">Full Regression Test (5 classes)</span>
              </li>
            </ul>
          </div> <!-- main-panel-content rounded-window-bottom -->
        </div> <!-- panel -->
        <div panel-name="group-Gurukula_Regression_Automation_Suite" class="panel">
          <div class="main-panel-header rounded-window-top">
            <span class="header-content">Groups for Gurukula Regression Automation Suite</span>
          </div> <!-- main-panel-header rounded-window-top -->
          <div class="main-panel-content rounded-window-bottom">
          </div> <!-- main-panel-content rounded-window-bottom -->
        </div> <!-- panel -->
        <div panel-name="times-Gurukula_Regression_Automation_Suite" class="panel">
          <div class="main-panel-header rounded-window-top">
            <span class="header-content">Times for Gurukula Regression Automation Suite</span>
          </div> <!-- main-panel-header rounded-window-top -->
          <div class="main-panel-content rounded-window-bottom">
            <div class="times-div">
              <script type="text/javascript">
suiteTableInitFunctions.push('tableData_Gurukula_Regression_Automation_Suite');
function tableData_Gurukula_Regression_Automation_Suite() {
var data = new google.visualization.DataTable();
data.addColumn('number', 'Number');
data.addColumn('string', 'Method');
data.addColumn('string', 'Class');
data.addColumn('number', 'Time (ms)');
data.addRows(82);
data.setCell(0, 0, 0)
data.setCell(0, 1, 'M2_TS01_Verify_NewUser_Registration')
data.setCell(0, 2, 'com.gurukula.tests.RegistrationTest')
data.setCell(0, 3, 7909);
data.setCell(1, 0, 1)
data.setCell(1, 1, 'M5_TS04_Verify_StaffDelete')
data.setCell(1, 2, 'com.gurukula.tests.StaffTest')
data.setCell(1, 3, 7706);
data.setCell(2, 0, 2)
data.setCell(2, 1, 'M5_TS03_Verify_StaffEdit')
data.setCell(2, 2, 'com.gurukula.tests.StaffTest')
data.setCell(2, 3, 7702);
data.setCell(3, 0, 3)
data.setCell(3, 1, 'M5_TS01_Create_new_staff')
data.setCell(3, 2, 'com.gurukula.tests.StaffTest')
data.setCell(3, 3, 7635);
data.setCell(4, 0, 4)
data.setCell(4, 1, 'M4_TS03_Verify_BranchEdit')
data.setCell(4, 2, 'com.gurukula.tests.BranchTest')
data.setCell(4, 3, 7134);
data.setCell(5, 0, 5)
data.setCell(5, 1, 'M4_TS04_Verify_BranchDelete')
data.setCell(5, 2, 'com.gurukula.tests.BranchTest')
data.setCell(5, 3, 6400);
data.setCell(6, 0, 6)
data.setCell(6, 1, 'M5_TS01_Create_new_staff')
data.setCell(6, 2, 'com.gurukula.tests.StaffTest')
data.setCell(6, 3, 6188);
data.setCell(7, 0, 7)
data.setCell(7, 1, 'M3_TS02_Verify_Change_user_password')
data.setCell(7, 2, 'com.gurukula.tests.AccountTest')
data.setCell(7, 3, 5795);
data.setCell(8, 0, 8)
data.setCell(8, 1, 'M5_TS05_Verify_StaffView')
data.setCell(8, 2, 'com.gurukula.tests.StaffTest')
data.setCell(8, 3, 5137);
data.setCell(9, 0, 9)
data.setCell(9, 1, 'M4_TS05_Verify_BranchView')
data.setCell(9, 2, 'com.gurukula.tests.BranchTest')
data.setCell(9, 3, 5091);
data.setCell(10, 0, 10)
data.setCell(10, 1, 'M5_TS01_Create_new_staff')
data.setCell(10, 2, 'com.gurukula.tests.StaffTest')
data.setCell(10, 3, 5018);
data.setCell(11, 0, 11)
data.setCell(11, 1, 'M5_TS01_Create_new_staff')
data.setCell(11, 2, 'com.gurukula.tests.StaffTest')
data.setCell(11, 3, 5000);
data.setCell(12, 0, 12)
data.setCell(12, 1, 'M4_TS02_Verify_BranchCreationError_Message_Handling')
data.setCell(12, 2, 'com.gurukula.tests.BranchTest')
data.setCell(12, 3, 4821);
data.setCell(13, 0, 13)
data.setCell(13, 1, 'M5_TS01_Create_new_staff')
data.setCell(13, 2, 'com.gurukula.tests.StaffTest')
data.setCell(13, 3, 4787);
data.setCell(14, 0, 14)
data.setCell(14, 1, 'M4_TS01_Create_newBranch')
data.setCell(14, 2, 'com.gurukula.tests.BranchTest')
data.setCell(14, 3, 4664);
data.setCell(15, 0, 15)
data.setCell(15, 1, 'M4_TS01_Create_newBranch')
data.setCell(15, 2, 'com.gurukula.tests.BranchTest')
data.setCell(15, 3, 4390);
data.setCell(16, 0, 16)
data.setCell(16, 1, 'M5_TS01_Create_new_staff')
data.setCell(16, 2, 'com.gurukula.tests.StaffTest')
data.setCell(16, 3, 4317);
data.setCell(17, 0, 17)
data.setCell(17, 1, 'M4_TS01_Create_newBranch')
data.setCell(17, 2, 'com.gurukula.tests.BranchTest')
data.setCell(17, 3, 4193);
data.setCell(18, 0, 18)
data.setCell(18, 1, 'M4_TS01_Create_newBranch')
data.setCell(18, 2, 'com.gurukula.tests.BranchTest')
data.setCell(18, 3, 3993);
data.setCell(19, 0, 19)
data.setCell(19, 1, 'M4_TS01_Create_newBranch')
data.setCell(19, 2, 'com.gurukula.tests.BranchTest')
data.setCell(19, 3, 3959);
data.setCell(20, 0, 20)
data.setCell(20, 1, 'M4_TS02_Verify_BranchCreationError_Message_Handling')
data.setCell(20, 2, 'com.gurukula.tests.BranchTest')
data.setCell(20, 3, 3956);
data.setCell(21, 0, 21)
data.setCell(21, 1, 'M4_TS02_Verify_BranchCreationError_Message_Handling')
data.setCell(21, 2, 'com.gurukula.tests.BranchTest')
data.setCell(21, 3, 3938);
data.setCell(22, 0, 22)
data.setCell(22, 1, 'M2_TS02_VerifyPasswordStrength')
data.setCell(22, 2, 'com.gurukula.tests.RegistrationTest')
data.setCell(22, 3, 3930);
data.setCell(23, 0, 23)
data.setCell(23, 1, 'M4_TS02_Verify_BranchCreationError_Message_Handling')
data.setCell(23, 2, 'com.gurukula.tests.BranchTest')
data.setCell(23, 3, 3264);
data.setCell(24, 0, 24)
data.setCell(24, 1, 'M4_TS02_Verify_BranchCreationError_Message_Handling')
data.setCell(24, 2, 'com.gurukula.tests.BranchTest')
data.setCell(24, 3, 3027);
data.setCell(25, 0, 25)
data.setCell(25, 1, 'M1_TS02_VerifyLogin')
data.setCell(25, 2, 'com.gurukula.tests.LoginTest')
data.setCell(25, 3, 3019);
data.setCell(26, 0, 26)
data.setCell(26, 1, 'M5_TS02_Verify_StaffCreationError_Message_Handling')
data.setCell(26, 2, 'com.gurukula.tests.StaffTest')
data.setCell(26, 3, 2941);
data.setCell(27, 0, 27)
data.setCell(27, 1, 'M4_TS02_Verify_BranchCreationError_Message_Handling')
data.setCell(27, 2, 'com.gurukula.tests.BranchTest')
data.setCell(27, 3, 2918);
data.setCell(28, 0, 28)
data.setCell(28, 1, 'M2_TS03_Registeration_ErrorMessageVerification')
data.setCell(28, 2, 'com.gurukula.tests.RegistrationTest')
data.setCell(28, 3, 2864);
data.setCell(29, 0, 29)
data.setCell(29, 1, 'M4_TS02_Verify_BranchCreationError_Message_Handling')
data.setCell(29, 2, 'com.gurukula.tests.BranchTest')
data.setCell(29, 3, 2858);
data.setCell(30, 0, 30)
data.setCell(30, 1, 'M1_TS03_VerifyInvalidLogin')
data.setCell(30, 2, 'com.gurukula.tests.LoginTest')
data.setCell(30, 3, 2804);
data.setCell(31, 0, 31)
data.setCell(31, 1, 'M3_TS01_Verify_user_settings_change')
data.setCell(31, 2, 'com.gurukula.tests.AccountTest')
data.setCell(31, 3, 2796);
data.setCell(32, 0, 32)
data.setCell(32, 1, 'M2_TS04_VerifyRegistrationEnable')
data.setCell(32, 2, 'com.gurukula.tests.RegistrationTest')
data.setCell(32, 3, 2462);
data.setCell(33, 0, 33)
data.setCell(33, 1, 'M5_TS02_Verify_StaffCreationError_Message_Handling')
data.setCell(33, 2, 'com.gurukula.tests.StaffTest')
data.setCell(33, 3, 2440);
data.setCell(34, 0, 34)
data.setCell(34, 1, 'M5_TS02_Verify_StaffCreationError_Message_Handling')
data.setCell(34, 2, 'com.gurukula.tests.StaffTest')
data.setCell(34, 3, 2387);
data.setCell(35, 0, 35)
data.setCell(35, 1, 'M2_TS02_VerifyPasswordStrength')
data.setCell(35, 2, 'com.gurukula.tests.RegistrationTest')
data.setCell(35, 3, 2305);
data.setCell(36, 0, 36)
data.setCell(36, 1, 'M3_TS03_VerifyPasswordStrength_ChangePwdScreen')
data.setCell(36, 2, 'com.gurukula.tests.AccountTest')
data.setCell(36, 3, 2279);
data.setCell(37, 0, 37)
data.setCell(37, 1, 'M2_TS02_VerifyPasswordStrength')
data.setCell(37, 2, 'com.gurukula.tests.RegistrationTest')
data.setCell(37, 3, 2266);
data.setCell(38, 0, 38)
data.setCell(38, 1, 'M2_TS02_VerifyPasswordStrength')
data.setCell(38, 2, 'com.gurukula.tests.RegistrationTest')
data.setCell(38, 3, 2221);
data.setCell(39, 0, 39)
data.setCell(39, 1, 'M1_TS04_Verify_Reset_your_password')
data.setCell(39, 2, 'com.gurukula.tests.LoginTest')
data.setCell(39, 3, 2209);
data.setCell(40, 0, 40)
data.setCell(40, 1, 'M1_TS03_VerifyInvalidLogin')
data.setCell(40, 2, 'com.gurukula.tests.LoginTest')
data.setCell(40, 3, 1983);
data.setCell(41, 0, 41)
data.setCell(41, 1, 'M1_TS03_VerifyInvalidLogin')
data.setCell(41, 2, 'com.gurukula.tests.LoginTest')
data.setCell(41, 3, 1972);
data.setCell(42, 0, 42)
data.setCell(42, 1, 'M3_TS03_VerifyPasswordStrength_ChangePwdScreen')
data.setCell(42, 2, 'com.gurukula.tests.AccountTest')
data.setCell(42, 3, 1820);
data.setCell(43, 0, 43)
data.setCell(43, 1, 'M4_TS02_Verify_BranchCreationError_Message_Handling')
data.setCell(43, 2, 'com.gurukula.tests.BranchTest')
data.setCell(43, 3, 1809);
data.setCell(44, 0, 44)
data.setCell(44, 1, 'M1_TS04_Verify_Reset_your_password')
data.setCell(44, 2, 'com.gurukula.tests.LoginTest')
data.setCell(44, 3, 1790);
data.setCell(45, 0, 45)
data.setCell(45, 1, 'M1_TS03_VerifyInvalidLogin')
data.setCell(45, 2, 'com.gurukula.tests.LoginTest')
data.setCell(45, 3, 1788);
data.setCell(46, 0, 46)
data.setCell(46, 1, 'M3_TS05_Verify_Invalidate_Session')
data.setCell(46, 2, 'com.gurukula.tests.AccountTest')
data.setCell(46, 3, 1693);
data.setCell(47, 0, 47)
data.setCell(47, 1, 'M3_TS04_VerifySettings_EmailFieldErrors')
data.setCell(47, 2, 'com.gurukula.tests.AccountTest')
data.setCell(47, 3, 1682);
data.setCell(48, 0, 48)
data.setCell(48, 1, 'M1_TS04_Verify_Reset_your_password')
data.setCell(48, 2, 'com.gurukula.tests.LoginTest')
data.setCell(48, 3, 1561);
data.setCell(49, 0, 49)
data.setCell(49, 1, 'M2_TS03_Registeration_ErrorMessageVerification')
data.setCell(49, 2, 'com.gurukula.tests.RegistrationTest')
data.setCell(49, 3, 1487);
data.setCell(50, 0, 50)
data.setCell(50, 1, 'M3_TS03_VerifyPasswordStrength_ChangePwdScreen')
data.setCell(50, 2, 'com.gurukula.tests.AccountTest')
data.setCell(50, 3, 1447);
data.setCell(51, 0, 51)
data.setCell(51, 1, 'M3_TS03_VerifyPasswordStrength_ChangePwdScreen')
data.setCell(51, 2, 'com.gurukula.tests.AccountTest')
data.setCell(51, 3, 1425);
data.setCell(52, 0, 52)
data.setCell(52, 1, 'M2_TS03_Registeration_ErrorMessageVerification')
data.setCell(52, 2, 'com.gurukula.tests.RegistrationTest')
data.setCell(52, 3, 1422);
data.setCell(53, 0, 53)
data.setCell(53, 1, 'M3_TS03_VerifyPasswordStrength_ChangePwdScreen')
data.setCell(53, 2, 'com.gurukula.tests.AccountTest')
data.setCell(53, 3, 1421);
data.setCell(54, 0, 54)
data.setCell(54, 1, 'M2_TS03_Registeration_ErrorMessageVerification')
data.setCell(54, 2, 'com.gurukula.tests.RegistrationTest')
data.setCell(54, 3, 1400);
data.setCell(55, 0, 55)
data.setCell(55, 1, 'M1_TS04_Verify_Reset_your_password')
data.setCell(55, 2, 'com.gurukula.tests.LoginTest')
data.setCell(55, 3, 1352);
data.setCell(56, 0, 56)
data.setCell(56, 1, 'M2_TS03_Registeration_ErrorMessageVerification')
data.setCell(56, 2, 'com.gurukula.tests.RegistrationTest')
data.setCell(56, 3, 1300);
data.setCell(57, 0, 57)
data.setCell(57, 1, 'M3_TS03_VerifyPasswordStrength_ChangePwdScreen')
data.setCell(57, 2, 'com.gurukula.tests.AccountTest')
data.setCell(57, 3, 1267);
data.setCell(58, 0, 58)
data.setCell(58, 1, 'M1_TS04_Verify_Reset_your_password')
data.setCell(58, 2, 'com.gurukula.tests.LoginTest')
data.setCell(58, 3, 1236);
data.setCell(59, 0, 59)
data.setCell(59, 1, 'M3_TS03_VerifyPasswordStrength_ChangePwdScreen')
data.setCell(59, 2, 'com.gurukula.tests.AccountTest')
data.setCell(59, 3, 1227);
data.setCell(60, 0, 60)
data.setCell(60, 1, 'M1_TS04_Verify_Reset_your_password')
data.setCell(60, 2, 'com.gurukula.tests.LoginTest')
data.setCell(60, 3, 1180);
data.setCell(61, 0, 61)
data.setCell(61, 1, 'M3_TS03_VerifyPasswordStrength_ChangePwdScreen')
data.setCell(61, 2, 'com.gurukula.tests.AccountTest')
data.setCell(61, 3, 1177);
data.setCell(62, 0, 62)
data.setCell(62, 1, 'M3_TS04_VerifySettings_EmailFieldErrors')
data.setCell(62, 2, 'com.gurukula.tests.AccountTest')
data.setCell(62, 3, 1100);
data.setCell(63, 0, 63)
data.setCell(63, 1, 'M3_TS03_VerifyPasswordStrength_ChangePwdScreen')
data.setCell(63, 2, 'com.gurukula.tests.AccountTest')
data.setCell(63, 3, 1072);
data.setCell(64, 0, 64)
data.setCell(64, 1, 'M3_TS03_VerifyPasswordStrength_ChangePwdScreen')
data.setCell(64, 2, 'com.gurukula.tests.AccountTest')
data.setCell(64, 3, 1072);
data.setCell(65, 0, 65)
data.setCell(65, 1, 'M2_TS03_Registeration_ErrorMessageVerification')
data.setCell(65, 2, 'com.gurukula.tests.RegistrationTest')
data.setCell(65, 3, 1048);
data.setCell(66, 0, 66)
data.setCell(66, 1, 'M3_TS03_VerifyPasswordStrength_ChangePwdScreen')
data.setCell(66, 2, 'com.gurukula.tests.AccountTest')
data.setCell(66, 3, 1044);
data.setCell(67, 0, 67)
data.setCell(67, 1, 'M3_TS04_VerifySettings_EmailFieldErrors')
data.setCell(67, 2, 'com.gurukula.tests.AccountTest')
data.setCell(67, 3, 1042);
data.setCell(68, 0, 68)
data.setCell(68, 1, 'M3_TS03_VerifyPasswordStrength_ChangePwdScreen')
data.setCell(68, 2, 'com.gurukula.tests.AccountTest')
data.setCell(68, 3, 1030);
data.setCell(69, 0, 69)
data.setCell(69, 1, 'M2_TS03_Registeration_ErrorMessageVerification')
data.setCell(69, 2, 'com.gurukula.tests.RegistrationTest')
data.setCell(69, 3, 1006);
data.setCell(70, 0, 70)
data.setCell(70, 1, 'M3_TS03_VerifyPasswordStrength_ChangePwdScreen')
data.setCell(70, 2, 'com.gurukula.tests.AccountTest')
data.setCell(70, 3, 1001);
data.setCell(71, 0, 71)
data.setCell(71, 1, 'M3_TS04_VerifySettings_EmailFieldErrors')
data.setCell(71, 2, 'com.gurukula.tests.AccountTest')
data.setCell(71, 3, 973);
data.setCell(72, 0, 72)
data.setCell(72, 1, 'M2_TS03_Registeration_ErrorMessageVerification')
data.setCell(72, 2, 'com.gurukula.tests.RegistrationTest')
data.setCell(72, 3, 932);
data.setCell(73, 0, 73)
data.setCell(73, 1, 'M2_TS03_Registeration_ErrorMessageVerification')
data.setCell(73, 2, 'com.gurukula.tests.RegistrationTest')
data.setCell(73, 3, 913);
data.setCell(74, 0, 74)
data.setCell(74, 1, 'M2_TS03_Registeration_ErrorMessageVerification')
data.setCell(74, 2, 'com.gurukula.tests.RegistrationTest')
data.setCell(74, 3, 907);
data.setCell(75, 0, 75)
data.setCell(75, 1, 'M2_TS03_Registeration_ErrorMessageVerification')
data.setCell(75, 2, 'com.gurukula.tests.RegistrationTest')
data.setCell(75, 3, 906);
data.setCell(76, 0, 76)
data.setCell(76, 1, 'M2_TS03_Registeration_ErrorMessageVerification')
data.setCell(76, 2, 'com.gurukula.tests.RegistrationTest')
data.setCell(76, 3, 878);
data.setCell(77, 0, 77)
data.setCell(77, 1, 'M2_TS03_Registeration_ErrorMessageVerification')
data.setCell(77, 2, 'com.gurukula.tests.RegistrationTest')
data.setCell(77, 3, 842);
data.setCell(78, 0, 78)
data.setCell(78, 1, 'M2_TS03_Registeration_ErrorMessageVerification')
data.setCell(78, 2, 'com.gurukula.tests.RegistrationTest')
data.setCell(78, 3, 841);
data.setCell(79, 0, 79)
data.setCell(79, 1, 'M2_TS03_Registeration_ErrorMessageVerification')
data.setCell(79, 2, 'com.gurukula.tests.RegistrationTest')
data.setCell(79, 3, 754);
data.setCell(80, 0, 80)
data.setCell(80, 1, 'M2_TS03_Registeration_ErrorMessageVerification')
data.setCell(80, 2, 'com.gurukula.tests.RegistrationTest')
data.setCell(80, 3, 722);
data.setCell(81, 0, 81)
data.setCell(81, 1, 'M1_TS01_Login_VerifyApplicationIsUp')
data.setCell(81, 2, 'com.gurukula.tests.LoginTest')
data.setCell(81, 3, 68);
window.suiteTableData['Gurukula_Regression_Automation_Suite']= { tableData: data, tableDiv: 'times-div-Gurukula_Regression_Automation_Suite'}
return data;
}
              </script>
              <span class="suite-total-time">Total running time: 3 minutes</span>
              <div id="times-div-Gurukula_Regression_Automation_Suite">
              </div> <!-- times-div-Gurukula_Regression_Automation_Suite -->
            </div> <!-- times-div -->
          </div> <!-- main-panel-content rounded-window-bottom -->
        </div> <!-- panel -->
        <div panel-name="reporter-Gurukula_Regression_Automation_Suite" class="panel">
          <div class="main-panel-header rounded-window-top">
            <span class="header-content">Reporter output for Gurukula Regression Automation Suite</span>
          </div> <!-- main-panel-header rounded-window-top -->
          <div class="main-panel-content rounded-window-bottom">
            <div class="reporter-method-div">
              <span class="reporter-method-name">M2_TS03_Registeration_ErrorMessageVerification(3, a123456789012345678901234567890123456789012345678901, , , , Your login cannot be longer than 50 c...)</span>
              <div class="reporter-method-output-div">
                <span class="reporter-method-output">Click Register a new account link -></span>
                <span class="reporter-method-output">Verification of Login Error Message Your login cannot be longer than 50 characters.-></span>
              </div> <!-- reporter-method-output-div -->
            </div> <!-- reporter-method-div -->
            <div class="reporter-method-div">
              <span class="reporter-method-name">M3_TS04_VerifySettings_EmailFieldErrors(2, a@a.com, Your e-mail is required.)</span>
              <div class="reporter-method-output-div">
                <span class="reporter-method-output">Click Settings sub-menu -></span>
                <span class="reporter-method-output">Verification of Email Error Message Your e-mail is required.-></span>
              </div> <!-- reporter-method-output-div -->
            </div> <!-- reporter-method-div -->
            <div class="reporter-method-div">
              <span class="reporter-method-name">M4_TS04_Verify_BranchDelete</span>
              <div class="reporter-method-output-div">
                <span class="reporter-method-output">Verification of Newly created Branch Name</span>
                <span class="reporter-method-output">Verification of Newly created Branch Code</span>
                <span class="reporter-method-output">Verification of recently deleted Branch Name</span>
                <span class="reporter-method-output">Verification of Newly deleted Branch Code</span>
              </div> <!-- reporter-method-output-div -->
            </div> <!-- reporter-method-div -->
            <div class="reporter-method-div">
              <span class="reporter-method-name">M4_TS05_Verify_BranchView</span>
              <div class="reporter-method-output-div">
                <span class="reporter-method-output">Verification of Newly created Branch Name</span>
                <span class="reporter-method-output">Verification of Newly created Branch Code</span>
                <span class="reporter-method-output">Verification of recently created Branch Name</span>
                <span class="reporter-method-output">Verification of Newly created Branch Code</span>
              </div> <!-- reporter-method-output-div -->
            </div> <!-- reporter-method-div -->
            <div class="reporter-method-div">
              <span class="reporter-method-name">M3_TS04_VerifySettings_EmailFieldErrors(3, a@a, Your e-mail is required to be at least 5 characters.)</span>
              <div class="reporter-method-output-div">
                <span class="reporter-method-output">Click Settings sub-menu -></span>
                <span class="reporter-method-output">Verification of Email Error Message Your e-mail is required to be at least 5 characters.-></span>
              </div> <!-- reporter-method-output-div -->
            </div> <!-- reporter-method-div -->
            <div class="reporter-method-div">
              <span class="reporter-method-name">M2_TS03_Registeration_ErrorMessageVerification(2, A123, email, password, confirmpass, Your login can only contain lower-case letters and digits.)</span>
              <div class="reporter-method-output-div">
                <span class="reporter-method-output">Click Register a new account link -></span>
                <span class="reporter-method-output">Verification of Login Error Message Your login can only contain lower-case letters and digits.-></span>
              </div> <!-- reporter-method-output-div -->
            </div> <!-- reporter-method-div -->
            <div class="reporter-method-div">
              <span class="reporter-method-name">M2_TS03_Registeration_ErrorMessageVerification(9, user, a@abc.com, p, , Your password is required to be at least 5 characters.)</span>
              <div class="reporter-method-output-div">
                <span class="reporter-method-output">Click Register a new account link -></span>
                <span class="reporter-method-output">Verification of Password Error Message Your password is required to be at least 5 characters.-></span>
              </div> <!-- reporter-method-output-div -->
            </div> <!-- reporter-method-div -->
            <div class="reporter-method-div">
              <span class="reporter-method-name">M2_TS03_Registeration_ErrorMessageVerification(13, user, a@a, , password1234567890password1234567890password1234567, Your confirmation password can...)</span>
              <div class="reporter-method-output-div">
                <span class="reporter-method-output">Click Register a new account link -></span>
                <span class="reporter-method-output">Verification of Confirm Password Error Message Your confirmation password cannot be longer than 50 characters.-></span>
              </div> <!-- reporter-method-output-div -->
            </div> <!-- reporter-method-div -->
            <div class="reporter-method-div">
              <span class="reporter-method-name">M3_TS04_VerifySettings_EmailFieldErrors(1, email, Your e-mail is invalid.)</span>
              <div class="reporter-method-output-div">
                <span class="reporter-method-output">Click Settings sub-menu -></span>
                <span class="reporter-method-output">Verification of Email Error Message Your e-mail is invalid.-></span>
              </div> <!-- reporter-method-output-div -->
            </div> <!-- reporter-method-div -->
            <div class="reporter-method-div">
              <span class="reporter-method-name">M4_TS02_Verify_BranchCreationError_Message_Handling(3, BRANCHNAME BRANCHNAME, ITC01, This field cannot be longer than 20 characters.)</span>
              <div class="reporter-method-output-div">
                <span class="reporter-method-output">Verification of Branch Name Error Message This field cannot be longer than 20 characters.-></span>
              </div> <!-- reporter-method-output-div -->
            </div> <!-- reporter-method-div -->
            <div class="reporter-method-div">
              <span class="reporter-method-name">M1_TS01_Login_VerifyApplicationIsUp</span>
              <div class="reporter-method-output-div">
                <span class="reporter-method-output">TC01_Verify Application is running</span>
              </div> <!-- reporter-method-output-div -->
            </div> <!-- reporter-method-div -->
            <div class="reporter-method-div">
              <span class="reporter-method-name">M2_TS03_Registeration_ErrorMessageVerification(14, user, a@a, , 12, Your confirmation password is required to be at least 5 characters.)</span>
              <div class="reporter-method-output-div">
                <span class="reporter-method-output">Click Register a new account link -></span>
                <span class="reporter-method-output">Verification of Confirm Password Error Message Your confirmation password is required to be at least 5 characters.-></span>
              </div> <!-- reporter-method-output-div -->
            </div> <!-- reporter-method-div -->
            <div class="reporter-method-div">
              <span class="reporter-method-name">M3_TS03_VerifyPasswordStrength_ChangePwdScreen(1, Test@2018!!!!!, , Very Strong)</span>
              <div class="reporter-method-output-div">
                <span class="reporter-method-output">Click Passwords sub-menu -></span>
              </div> <!-- reporter-method-output-div -->
            </div> <!-- reporter-method-div -->
            <div class="reporter-method-div">
              <span class="reporter-method-name">M2_TS02_VerifyPasswordStrength(nitish, nitish@opentrash.com, 12345abcde, , Weak)</span>
              <div class="reporter-method-output-div">
                <span class="reporter-method-output">Click Register a new account link -></span>
                <span class="reporter-method-output">Enter Login Name [nitish] -></span>
                <span class="reporter-method-output">Enter Email [nitish@opentrash.com] -></span>
                <span class="reporter-method-output">Enter Password [12345abcde] -></span>
                <span class="reporter-method-output">Enter Confirm Password [] -></span>
              </div> <!-- reporter-method-output-div -->
            </div> <!-- reporter-method-div -->
            <div class="reporter-method-div">
              <span class="reporter-method-name">M4_TS02_Verify_BranchCreationError_Message_Handling(7, BRANCHNAME, ITC01234567, This field cannot be longer than 10 characters.)</span>
              <div class="reporter-method-output-div">
                <span class="reporter-method-output">Verification of Branch Code Error Message This field cannot be longer than 10 characters.-></span>
              </div> <!-- reporter-method-output-div -->
            </div> <!-- reporter-method-div -->
            <div class="reporter-method-div">
              <span class="reporter-method-name">M5_TS02_Verify_StaffCreationError_Message_Handling(2, ProfessorName ProfessorName ProfessorName Professor, This field cannot be longer than 50 characte...)</span>
              <div class="reporter-method-output-div">
                <span class="reporter-method-output">Verification of Branch Name Error Message This field cannot be longer than 50 characters.-></span>
              </div> <!-- reporter-method-output-div -->
            </div> <!-- reporter-method-div -->
            <div class="reporter-method-div">
              <span class="reporter-method-name">M2_TS03_Registeration_ErrorMessageVerification(1, A, email, password, confirmpass, Your login is required.)</span>
              <div class="reporter-method-output-div">
                <span class="reporter-method-output">Click Register a new account link -></span>
                <span class="reporter-method-output">Verification of Login Error Message Your login is required.-></span>
              </div> <!-- reporter-method-output-div -->
            </div> <!-- reporter-method-div -->
            <div class="reporter-method-div">
              <span class="reporter-method-name">M5_TS04_Verify_StaffDelete</span>
              <div class="reporter-method-output-div">
                <span class="reporter-method-output">Verification of Newly created Staff Name</span>
                <span class="reporter-method-output">Verification of Newly created Branch Names</span>
                <span class="reporter-method-output">Verification of recently deleted Staff Name</span>
                <span class="reporter-method-output">Verification of recently deleted Branch Code</span>
              </div> <!-- reporter-method-output-div -->
            </div> <!-- reporter-method-div -->
            <div class="reporter-method-div">
              <span class="reporter-method-name">M4_TS03_Verify_BranchEdit</span>
              <div class="reporter-method-output-div">
                <span class="reporter-method-output">Verification of Newly created Branch Name</span>
                <span class="reporter-method-output">Verification of Newly created Branch Code</span>
                <span class="reporter-method-output">Verification of recently Edited Branch Name</span>
                <span class="reporter-method-output">Verification of Newly Edited Branch Code</span>
              </div> <!-- reporter-method-output-div -->
            </div> <!-- reporter-method-div -->
            <div class="reporter-method-div">
              <span class="reporter-method-name">M1_TS04_Verify_Reset_your_password(2, a@a.com, Your e-mail is required.)</span>
              <div class="reporter-method-output-div">
                <span class="reporter-method-output">TC04_Verify Reset your password functionality</span>
                <span class="reporter-method-output">Verification of Confirm Password Error Message Your e-mail is required.-></span>
              </div> <!-- reporter-method-output-div -->
            </div> <!-- reporter-method-div -->
            <div class="reporter-method-div">
              <span class="reporter-method-name">M2_TS03_Registeration_ErrorMessageVerification(4, user, email, , , Your e-mail is invalid.)</span>
              <div class="reporter-method-output-div">
                <span class="reporter-method-output">Click Register a new account link -></span>
                <span class="reporter-method-output">Verification of Email Error Message Your e-mail is invalid.-></span>
              </div> <!-- reporter-method-output-div -->
            </div> <!-- reporter-method-div -->
            <div class="reporter-method-div">
              <span class="reporter-method-name">M5_TS01_Create_new_staff(Mr Adam Smith, Computers)</span>
              <div class="reporter-method-output-div">
                <span class="reporter-method-output">Verification of Newly created Staff Name</span>
                <span class="reporter-method-output">Verification of Newly created Branch Names</span>
              </div> <!-- reporter-method-output-div -->
            </div> <!-- reporter-method-div -->
            <div class="reporter-method-div">
              <span class="reporter-method-name">M5_TS01_Create_new_staff(Mr Richard Stamm, Java Programming)</span>
              <div class="reporter-method-output-div">
                <span class="reporter-method-output">Verification of Newly created Staff Name</span>
                <span class="reporter-method-output">Verification of Newly created Branch Names</span>
              </div> <!-- reporter-method-output-div -->
            </div> <!-- reporter-method-div -->
            <div class="reporter-method-div">
              <span class="reporter-method-name">M3_TS03_VerifyPasswordStrength_ChangePwdScreen(9, , 112345, Your confirmation password is required.)</span>
              <div class="reporter-method-output-div">
                <span class="reporter-method-output">Click Passwords sub-menu -></span>
                <span class="reporter-method-output">Verification of Confirm Password Error Message Your confirmation password is required.-></span>
              </div> <!-- reporter-method-output-div -->
            </div> <!-- reporter-method-div -->
            <div class="reporter-method-div">
              <span class="reporter-method-name">M5_TS05_Verify_StaffView</span>
              <div class="reporter-method-output-div">
                <span class="reporter-method-output">Verification of Newly created Staff Name</span>
                <span class="reporter-method-output">Verification of Newly created Branch Names</span>
                <span class="reporter-method-output">Verification of recently created Staff Name</span>
                <span class="reporter-method-output">Verification of Newly created Branch Name</span>
              </div> <!-- reporter-method-output-div -->
            </div> <!-- reporter-method-div -->
            <div class="reporter-method-div">
              <span class="reporter-method-name">M1_TS04_Verify_Reset_your_password(5, admin@localhost.com, E-Mail address isn't registered!)</span>
              <div class="reporter-method-output-div">
                <span class="reporter-method-output">TC04_Verify Reset your password functionality</span>
              </div> <!-- reporter-method-output-div -->
            </div> <!-- reporter-method-div -->
            <div class="reporter-method-div">
              <span class="reporter-method-name">M5_TS01_Create_new_staff(Prof Stefan Ring, Computer Networks)</span>
              <div class="reporter-method-output-div">
                <span class="reporter-method-output">Verification of Newly created Staff Name</span>
                <span class="reporter-method-output">Verification of Newly created Branch Names</span>
              </div> <!-- reporter-method-output-div -->
            </div> <!-- reporter-method-div -->
            <div class="reporter-method-div">
              <span class="reporter-method-name">M2_TS03_Registeration_ErrorMessageVerification(10, user, a@abc.com, password1234567890password1234567890password1234567, , Your password cannot be ...)</span>
              <div class="reporter-method-output-div">
                <span class="reporter-method-output">Click Register a new account link -></span>
                <span class="reporter-method-output">Verification of Password Error Message Your password cannot be longer than 50 characters.-></span>
              </div> <!-- reporter-method-output-div -->
            </div> <!-- reporter-method-div -->
            <div class="reporter-method-div">
              <span class="reporter-method-name">M4_TS02_Verify_BranchCreationError_Message_Handling(2, Com, ITC01, This field is required to be at least 5 characters.)</span>
              <div class="reporter-method-output-div">
                <span class="reporter-method-output">Verification of Branch Name Error Message This field is required to be at least 5 characters.-></span>
              </div> <!-- reporter-method-output-div -->
            </div> <!-- reporter-method-div -->
            <div class="reporter-method-div">
              <span class="reporter-method-name">M3_TS03_VerifyPasswordStrength_ChangePwdScreen(7, password1234567890password1234567890password1234567, , Your password cannot be longer than 50 cha...)</span>
              <div class="reporter-method-output-div">
                <span class="reporter-method-output">Click Passwords sub-menu -></span>
                <span class="reporter-method-output">Verification of Password Error Message Your password cannot be longer than 50 characters.-></span>
              </div> <!-- reporter-method-output-div -->
            </div> <!-- reporter-method-div -->
            <div class="reporter-method-div">
              <span class="reporter-method-name">M5_TS01_Create_new_staff(Dr Peter Kokes, Python Programming)</span>
              <div class="reporter-method-output-div">
                <span class="reporter-method-output">Verification of Newly created Staff Name</span>
                <span class="reporter-method-output">Verification of Newly created Branch Names</span>
              </div> <!-- reporter-method-output-div -->
            </div> <!-- reporter-method-div -->
            <div class="reporter-method-div">
              <span class="reporter-method-name">M2_TS03_Registeration_ErrorMessageVerification(16, user, a@a.com, 12345, 45678, The password and its confirmation do not match!)</span>
              <div class="reporter-method-output-div">
                <span class="reporter-method-output">Click Register a new account link -></span>
                <span class="reporter-method-output">Enter Login Name [user] -></span>
                <span class="reporter-method-output">Enter Email [a@a.com] -></span>
                <span class="reporter-method-output">Enter Password [12345] -></span>
                <span class="reporter-method-output">Enter Confirm Password [45678] -></span>
                <span class="reporter-method-output">Verification of Password Mismatch Error Message -></span>
              </div> <!-- reporter-method-output-div -->
            </div> <!-- reporter-method-div -->
            <div class="reporter-method-div">
              <span class="reporter-method-name">M5_TS02_Verify_StaffCreationError_Message_Handling(1, name, This field is required.)</span>
              <div class="reporter-method-output-div">
                <span class="reporter-method-output">Verification of Branch Name Error Message This field is required.-></span>
              </div> <!-- reporter-method-output-div -->
            </div> <!-- reporter-method-div -->
            <div class="reporter-method-div">
              <span class="reporter-method-name">M4_TS01_Create_newBranch(C Programming, CP01)</span>
              <div class="reporter-method-output-div">
                <span class="reporter-method-output">Verification of Newly created Branch Name</span>
                <span class="reporter-method-output">Verification of Newly created Branch Code</span>
              </div> <!-- reporter-method-output-div -->
            </div> <!-- reporter-method-div -->
            <div class="reporter-method-div">
              <span class="reporter-method-name">M5_TS02_Verify_StaffCreationError_Message_Handling(3, Prof Adam1235, This field should follow pattern ^[a-zA-Z\s]*$.)</span>
              <div class="reporter-method-output-div">
                <span class="reporter-method-output">Verification of Branch Name Error Message This field should follow pattern ^[a-zA-Z\s]*$.-></span>
              </div> <!-- reporter-method-output-div -->
            </div> <!-- reporter-method-div -->
            <div class="reporter-method-div">
              <span class="reporter-method-name">M3_TS03_VerifyPasswordStrength_ChangePwdScreen(5, password, , Your password is required.)</span>
              <div class="reporter-method-output-div">
                <span class="reporter-method-output">Click Passwords sub-menu -></span>
                <span class="reporter-method-output">Verification of Password Error Message Your password is required.-></span>
              </div> <!-- reporter-method-output-div -->
            </div> <!-- reporter-method-div -->
            <div class="reporter-method-div">
              <span class="reporter-method-name">M3_TS03_VerifyPasswordStrength_ChangePwdScreen(6, p, , Your password is required to be at least 5 characters.)</span>
              <div class="reporter-method-output-div">
                <span class="reporter-method-output">Click Passwords sub-menu -></span>
                <span class="reporter-method-output">Verification of Password Error Message Your password is required to be at least 5 characters.-></span>
              </div> <!-- reporter-method-output-div -->
            </div> <!-- reporter-method-div -->
            <div class="reporter-method-div">
              <span class="reporter-method-name">M1_TS04_Verify_Reset_your_password(1, email, Your e-mail is invalid.)</span>
              <div class="reporter-method-output-div">
                <span class="reporter-method-output">TC04_Verify Reset your password functionality</span>
                <span class="reporter-method-output">Verification of Confirm Password Error Message Your e-mail is invalid.-></span>
              </div> <!-- reporter-method-output-div -->
            </div> <!-- reporter-method-div -->
            <div class="reporter-method-div">
              <span class="reporter-method-name">M2_TS03_Registeration_ErrorMessageVerification(8, user, a@abc.com, password, , Your password is required.)</span>
              <div class="reporter-method-output-div">
                <span class="reporter-method-output">Click Register a new account link -></span>
                <span class="reporter-method-output">Verification of Password Error Message Your password is required.-></span>
              </div> <!-- reporter-method-output-div -->
            </div> <!-- reporter-method-div -->
            <div class="reporter-method-div">
              <span class="reporter-method-name">M3_TS03_VerifyPasswordStrength_ChangePwdScreen(10, , password1234567890password1234567890password1234567, Your confirmation password cannot be long...)</span>
              <div class="reporter-method-output-div">
                <span class="reporter-method-output">Click Passwords sub-menu -></span>
                <span class="reporter-method-output">Verification of Confirm Password Error Message Your confirmation password cannot be longer than 50 characters.-></span>
              </div> <!-- reporter-method-output-div -->
            </div> <!-- reporter-method-div -->
            <div class="reporter-method-div">
              <span class="reporter-method-name">M3_TS03_VerifyPasswordStrength_ChangePwdScreen(2, Test@2018, , Strong)</span>
              <div class="reporter-method-output-div">
                <span class="reporter-method-output">Click Passwords sub-menu -></span>
              </div> <!-- reporter-method-output-div -->
            </div> <!-- reporter-method-div -->
            <div class="reporter-method-div">
              <span class="reporter-method-name">M3_TS03_VerifyPasswordStrength_ChangePwdScreen(4, 12345abcde, , Weak)</span>
              <div class="reporter-method-output-div">
                <span class="reporter-method-output">Click Passwords sub-menu -></span>
              </div> <!-- reporter-method-output-div -->
            </div> <!-- reporter-method-div -->
            <div class="reporter-method-div">
              <span class="reporter-method-name">M2_TS03_Registeration_ErrorMessageVerification(12, user, a@a, , 112345, Your confirmation password is required.)</span>
              <div class="reporter-method-output-div">
                <span class="reporter-method-output">Click Register a new account link -></span>
                <span class="reporter-method-output">Verification of Confirm Password Error Message Your confirmation password is required.-></span>
              </div> <!-- reporter-method-output-div -->
            </div> <!-- reporter-method-div -->
            <div class="reporter-method-div">
              <span class="reporter-method-name">M3_TS03_VerifyPasswordStrength_ChangePwdScreen(3, 12345, , Very Weak)</span>
              <div class="reporter-method-output-div">
                <span class="reporter-method-output">Click Passwords sub-menu -></span>
              </div> <!-- reporter-method-output-div -->
            </div> <!-- reporter-method-div -->
            <div class="reporter-method-div">
              <span class="reporter-method-name">M3_TS03_VerifyPasswordStrength_ChangePwdScreen(11, , 12, Your confirmation password is required to be at least 5 characters.)</span>
              <div class="reporter-method-output-div">
                <span class="reporter-method-output">Click Passwords sub-menu -></span>
                <span class="reporter-method-output">Verification of Confirm Password Error Message Your confirmation password is required to be at least 5 characters.-></span>
              </div> <!-- reporter-method-output-div -->
            </div> <!-- reporter-method-div -->
            <div class="reporter-method-div">
              <span class="reporter-method-name">M4_TS02_Verify_BranchCreationError_Message_Handling(1, , , This field is required.)</span>
              <div class="reporter-method-output-div">
                <span class="reporter-method-output">Verification of Branch Name Error Message This field is required.-></span>
              </div> <!-- reporter-method-output-div -->
            </div> <!-- reporter-method-div -->
            <div class="reporter-method-div">
              <span class="reporter-method-name">M4_TS02_Verify_BranchCreationError_Message_Handling(8, BRANCHNAME, abcd01, This field should follow pattern ^[A-Z0-9]*$.)</span>
              <div class="reporter-method-output-div">
                <span class="reporter-method-output">Verification of Branch Code Error Message This field should follow pattern ^[A-Z0-9]*$.-></span>
              </div> <!-- reporter-method-output-div -->
            </div> <!-- reporter-method-div -->
            <div class="reporter-method-div">
              <span class="reporter-method-name">M2_TS03_Registeration_ErrorMessageVerification(5, user, a@a.com, , , Your e-mail is required.)</span>
              <div class="reporter-method-output-div">
                <span class="reporter-method-output">Click Register a new account link -></span>
                <span class="reporter-method-output">Verification of Email Error Message Your e-mail is required.-></span>
              </div> <!-- reporter-method-output-div -->
            </div> <!-- reporter-method-div -->
            <div class="reporter-method-div">
              <span class="reporter-method-name">M4_TS02_Verify_BranchCreationError_Message_Handling(6, BRANCHNAME, I, This field is required to be at least 2 characters.)</span>
              <div class="reporter-method-output-div">
                <span class="reporter-method-output">Verification of Branch Code Error Message This field is required to be at least 2 characters.-></span>
              </div> <!-- reporter-method-output-div -->
            </div> <!-- reporter-method-div -->
            <div class="reporter-method-div">
              <span class="reporter-method-name">M2_TS02_VerifyPasswordStrength(nitish, nitish@opentrash.com, Test@2018!!!!!, , Very Strong)</span>
              <div class="reporter-method-output-div">
                <span class="reporter-method-output">Click Register a new account link -></span>
                <span class="reporter-method-output">Enter Login Name [nitish] -></span>
                <span class="reporter-method-output">Enter Email [nitish@opentrash.com] -></span>
                <span class="reporter-method-output">Enter Password [Test@2018!!!!!] -></span>
                <span class="reporter-method-output">Enter Confirm Password [] -></span>
              </div> <!-- reporter-method-output-div -->
            </div> <!-- reporter-method-div -->
            <div class="reporter-method-div">
              <span class="reporter-method-name">M5_TS01_Create_new_staff(Mr Empty, )</span>
              <div class="reporter-method-output-div">
                <span class="reporter-method-output">Verification of Newly created Staff Name</span>
                <span class="reporter-method-output">Verification of Newly created Branch Names</span>
              </div> <!-- reporter-method-output-div -->
            </div> <!-- reporter-method-div -->
            <div class="reporter-method-div">
              <span class="reporter-method-name">M4_TS02_Verify_BranchCreationError_Message_Handling(5, , , This field is required.)</span>
              <div class="reporter-method-output-div">
                <span class="reporter-method-output">Verification of Branch Code Error Message This field is required.-></span>
              </div> <!-- reporter-method-output-div -->
            </div> <!-- reporter-method-div -->
            <div class="reporter-method-div">
              <span class="reporter-method-name">M2_TS03_Registeration_ErrorMessageVerification(6, user, a@a, , , Your e-mail is required to be at least 5 characters.)</span>
              <div class="reporter-method-output-div">
                <span class="reporter-method-output">Click Register a new account link -></span>
                <span class="reporter-method-output">Verification of Email Error Message Your e-mail is required to be at least 5 characters.-></span>
              </div> <!-- reporter-method-output-div -->
            </div> <!-- reporter-method-div -->
            <div class="reporter-method-div">
              <span class="reporter-method-name">M4_TS01_Create_newBranch(Python Programming, CP02)</span>
              <div class="reporter-method-output-div">
                <span class="reporter-method-output">Verification of Newly created Branch Name</span>
                <span class="reporter-method-output">Verification of Newly created Branch Code</span>
              </div> <!-- reporter-method-output-div -->
            </div> <!-- reporter-method-div -->
            <div class="reporter-method-div">
              <span class="reporter-method-name">M4_TS01_Create_newBranch(Computers, ITC01)</span>
              <div class="reporter-method-output-div">
                <span class="reporter-method-output">Verification of Newly created Branch Name</span>
                <span class="reporter-method-output">Verification of Newly created Branch Code</span>
              </div> <!-- reporter-method-output-div -->
            </div> <!-- reporter-method-div -->
            <div class="reporter-method-div">
              <span class="reporter-method-name">M2_TS02_VerifyPasswordStrength(nitish, nitish@opentrash.com, Test@2018, , Strong)</span>
              <div class="reporter-method-output-div">
                <span class="reporter-method-output">Click Register a new account link -></span>
                <span class="reporter-method-output">Enter Login Name [nitish] -></span>
                <span class="reporter-method-output">Enter Email [nitish@opentrash.com] -></span>
                <span class="reporter-method-output">Enter Password [Test@2018] -></span>
                <span class="reporter-method-output">Enter Confirm Password [] -></span>
              </div> <!-- reporter-method-output-div -->
            </div> <!-- reporter-method-div -->
            <div class="reporter-method-div">
              <span class="reporter-method-name">M4_TS02_Verify_BranchCreationError_Message_Handling(4, Branch124, ITC01, This field should follow pattern ^[a-zA-Z\s]*$.)</span>
              <div class="reporter-method-output-div">
                <span class="reporter-method-output">Verification of Branch Name Error Message This field should follow pattern ^[a-zA-Z\s]*$.-></span>
              </div> <!-- reporter-method-output-div -->
            </div> <!-- reporter-method-div -->
            <div class="reporter-method-div">
              <span class="reporter-method-name">M5_TS03_Verify_StaffEdit</span>
              <div class="reporter-method-output-div">
                <span class="reporter-method-output">Verification of Newly created Staff Name</span>
                <span class="reporter-method-output">Verification of Newly created Branch Names</span>
                <span class="reporter-method-output">Verification of recently Edited Staff Name</span>
                <span class="reporter-method-output">Verification of Newly Edited Branch Code</span>
              </div> <!-- reporter-method-output-div -->
            </div> <!-- reporter-method-div -->
            <div class="reporter-method-div">
              <span class="reporter-method-name">M2_TS02_VerifyPasswordStrength(nitish, nitish@opentrash.com, 12345, , Very Weak)</span>
              <div class="reporter-method-output-div">
                <span class="reporter-method-output">Click Register a new account link -></span>
                <span class="reporter-method-output">Enter Login Name [nitish] -></span>
                <span class="reporter-method-output">Enter Email [nitish@opentrash.com] -></span>
                <span class="reporter-method-output">Enter Password [12345] -></span>
                <span class="reporter-method-output">Enter Confirm Password [] -></span>
              </div> <!-- reporter-method-output-div -->
            </div> <!-- reporter-method-div -->
            <div class="reporter-method-div">
              <span class="reporter-method-name">M4_TS01_Create_newBranch(Computer Networks, CN01)</span>
              <div class="reporter-method-output-div">
                <span class="reporter-method-output">Verification of Newly created Branch Name</span>
                <span class="reporter-method-output">Verification of Newly created Branch Code</span>
              </div> <!-- reporter-method-output-div -->
            </div> <!-- reporter-method-div -->
            <div class="reporter-method-div">
              <span class="reporter-method-name">M5_TS01_Create_new_staff(Mrs Elizabeth Sen, Computer Networks)</span>
              <div class="reporter-method-output-div">
                <span class="reporter-method-output">Verification of Newly created Staff Name</span>
                <span class="reporter-method-output">Verification of Newly created Branch Names</span>
              </div> <!-- reporter-method-output-div -->
            </div> <!-- reporter-method-div -->
            <div class="reporter-method-div">
              <span class="reporter-method-name">M1_TS04_Verify_Reset_your_password(3, a@a, Your e-mail is required to be at least 5 characters.)</span>
              <div class="reporter-method-output-div">
                <span class="reporter-method-output">TC04_Verify Reset your password functionality</span>
                <span class="reporter-method-output">Verification of Confirm Password Error Message Your e-mail is required to be at least 5 characters.-></span>
              </div> <!-- reporter-method-output-div -->
            </div> <!-- reporter-method-div -->
            <div class="reporter-method-div">
              <span class="reporter-method-name">M4_TS01_Create_newBranch(Java Programming, CP03)</span>
              <div class="reporter-method-output-div">
                <span class="reporter-method-output">Verification of Newly created Branch Name</span>
                <span class="reporter-method-output">Verification of Newly created Branch Code</span>
              </div> <!-- reporter-method-output-div -->
            </div> <!-- reporter-method-div -->
            <div class="reporter-method-div">
              <span class="reporter-method-name">M1_TS02_VerifyLogin(admin, admin)</span>
              <div class="reporter-method-output-div">
                <span class="reporter-method-output">Step 1 : Click Login Button</span>
                <span class="reporter-method-output">Step 2 : Enter Username <admin></span>
                <span class="reporter-method-output">Step 3 : Enter Password <admin></span>
                <span class="reporter-method-output">Step 4 : Click Authenticate Button</span>
                <span class="reporter-method-output">Step 5 : Verify Login should be sucessful
</span>
                <span class="reporter-method-output">Step 6 : Logout user</span>
              </div> <!-- reporter-method-output-div -->
            </div> <!-- reporter-method-div -->
            <div class="reporter-method-div">
              <span class="reporter-method-name">M2_TS03_Registeration_ErrorMessageVerification(7, user, email1234567890123456789012345678901234567812@com, , , Your e-mail cannot be longer than 50...)</span>
              <div class="reporter-method-output-div">
                <span class="reporter-method-output">Click Register a new account link -></span>
                <span class="reporter-method-output">Verification of Email Error Message -></span>
              </div> <!-- reporter-method-output-div -->
            </div> <!-- reporter-method-div -->
            <div class="reporter-method-div">
              <span class="reporter-method-name">M1_TS04_Verify_Reset_your_password(4, email1234567890123456789012345678901234567812@com, Your e-mail cannot be longer than 50 character...)</span>
              <div class="reporter-method-output-div">
                <span class="reporter-method-output">TC04_Verify Reset your password functionality</span>
                <span class="reporter-method-output">Verification of Confirm Password Error Message -></span>
              </div> <!-- reporter-method-output-div -->
            </div> <!-- reporter-method-div -->
            <div class="reporter-method-div">
              <span class="reporter-method-name">M2_TS03_Registeration_ErrorMessageVerification(15, user, a@a, , 12345$, Password should begin with a alphabet and should contain a number and a spe...)</span>
              <div class="reporter-method-output-div">
                <span class="reporter-method-output">Click Register a new account link -></span>
                <span class="reporter-method-output">Verification of Confirm Password Error Message -></span>
              </div> <!-- reporter-method-output-div -->
            </div> <!-- reporter-method-div -->
            <div class="reporter-method-div">
              <span class="reporter-method-name">M1_TS04_Verify_Reset_your_password(6, admin@localhost, Success!)</span>
              <div class="reporter-method-output-div">
                <span class="reporter-method-output">TC04_Verify Reset your password functionality</span>
              </div> <!-- reporter-method-output-div -->
            </div> <!-- reporter-method-div -->
            <div class="reporter-method-div">
              <span class="reporter-method-name">M2_TS03_Registeration_ErrorMessageVerification(11, user, a@abc.com, 12345$, , Password should begin with a alphabet and should contain a number and...)</span>
              <div class="reporter-method-output-div">
                <span class="reporter-method-output">Click Register a new account link -></span>
                <span class="reporter-method-output">Verification of Password Error Message -></span>
              </div> <!-- reporter-method-output-div -->
            </div> <!-- reporter-method-div -->
            <div class="reporter-method-div">
              <span class="reporter-method-name">M3_TS03_VerifyPasswordStrength_ChangePwdScreen(13, 12345, 45678, The password and its confirmation do not match!)</span>
              <div class="reporter-method-output-div">
                <span class="reporter-method-output">Click Passwords sub-menu -></span>
                <span class="reporter-method-output">Verification of Password Mismatch Error Message -></span>
              </div> <!-- reporter-method-output-div -->
            </div> <!-- reporter-method-div -->
            <div class="reporter-method-div">
              <span class="reporter-method-name">M3_TS03_VerifyPasswordStrength_ChangePwdScreen(12, , 12345$, Password should begin with a alphabet and should contain a number and a special charac...)</span>
              <div class="reporter-method-output-div">
                <span class="reporter-method-output">Click Passwords sub-menu -></span>
                <span class="reporter-method-output">Verification of Confirm Password Error Message -></span>
              </div> <!-- reporter-method-output-div -->
            </div> <!-- reporter-method-div -->
            <div class="reporter-method-div">
              <span class="reporter-method-name">M3_TS03_VerifyPasswordStrength_ChangePwdScreen(8, 12345$, , Password should begin with a alphabet and should contain a number and a special charact...)</span>
              <div class="reporter-method-output-div">
                <span class="reporter-method-output">Click Passwords sub-menu -></span>
                <span class="reporter-method-output">Verification of Password Error Message -></span>
              </div> <!-- reporter-method-output-div -->
            </div> <!-- reporter-method-div -->
            <div class="reporter-method-div">
              <span class="reporter-method-name">M2_TS01_Verify_NewUser_Registration(nitish, nitish@opentrash.com, Test@2018!!!!!, Test@2018!!!!!)</span>
              <div class="reporter-method-output-div">
                <span class="reporter-method-output">Click Register a new account link -></span>
                <span class="reporter-method-output">Enter Login Name [nitish] -></span>
                <span class="reporter-method-output">Enter Email [nitish@opentrash.com] -></span>
                <span class="reporter-method-output">Enter Password [Test@2018!!!!!] -></span>
                <span class="reporter-method-output">Enter Confirm Password [Test@2018!!!!!] -></span>
                <span class="reporter-method-output">Click Register Button -></span>
                <span class="reporter-method-output">Verify Success Message</span>
              </div> <!-- reporter-method-output-div -->
            </div> <!-- reporter-method-div -->
            <div class="reporter-method-div">
              <span class="reporter-method-name">M3_TS04_VerifySettings_EmailFieldErrors(4, email1234567890123456789012345678901234567812@com, Your e-mail cannot be longer than 50 character...)</span>
              <div class="reporter-method-output-div">
                <span class="reporter-method-output">Click Settings sub-menu -></span>
                <span class="reporter-method-output">Verification of Email Error Message -></span>
              </div> <!-- reporter-method-output-div -->
            </div> <!-- reporter-method-div -->
          </div> <!-- main-panel-content rounded-window-bottom -->
        </div> <!-- panel -->
        <div panel-name="ignored-methods-Gurukula_Regression_Automation_Suite" class="panel">
          <div class="main-panel-header rounded-window-top">
            <span class="header-content">0 ignored methods</span>
          </div> <!-- main-panel-header rounded-window-top -->
          <div class="main-panel-content rounded-window-bottom">
          </div> <!-- main-panel-content rounded-window-bottom -->
        </div> <!-- panel -->
        <div panel-name="chronological-Gurukula_Regression_Automation_Suite" class="panel">
          <div class="main-panel-header rounded-window-top">
            <span class="header-content">Methods in chronological order</span>
          </div> <!-- main-panel-header rounded-window-top -->
          <div class="main-panel-content rounded-window-bottom">
            <div class="chronological-class">
              <div class="chronological-class-name">com.gurukula.tests.AccountTest</div> <!-- chronological-class-name -->
              <div class="configuration-test before">
                <span class="method-name">startTest</span>
                <span class="method-start">0 ms</span>
              </div> <!-- configuration-test before -->
            </div> <!-- chronological-class -->
            <div class="chronological-class">
              <div class="chronological-class-name">com.gurukula.tests.BranchTest</div> <!-- chronological-class-name -->
              <div class="configuration-test before">
                <span class="method-name">startTest</span>
                <span class="method-start">16714 ms</span>
              </div> <!-- configuration-test before -->
            </div> <!-- chronological-class -->
            <div class="chronological-class">
              <div class="chronological-class-name">com.gurukula.tests.LoginTest</div> <!-- chronological-class-name -->
              <div class="configuration-test before">
                <span class="method-name">startTest</span>
                <span class="method-start">30280 ms</span>
              </div> <!-- configuration-test before -->
            </div> <!-- chronological-class -->
            <div class="chronological-class">
              <div class="chronological-class-name">com.gurukula.tests.RegistrationTest</div> <!-- chronological-class-name -->
              <div class="configuration-test before">
                <span class="method-name">startTest</span>
                <span class="method-start">42333 ms</span>
              </div> <!-- configuration-test before -->
            </div> <!-- chronological-class -->
            <div class="chronological-class">
              <div class="chronological-class-name">com.gurukula.tests.StaffTest</div> <!-- chronological-class-name -->
              <div class="configuration-test before">
                <span class="method-name">startTest</span>
                <span class="method-start">59989 ms</span>
              </div> <!-- configuration-test before -->
            </div> <!-- chronological-class -->
            <div class="chronological-class">
              <div class="chronological-class-name">com.gurukula.tests.LoginTest</div> <!-- chronological-class-name -->
              <div class="test-method">
                <span class="method-name">M1_TS01_Login_VerifyApplicationIsUp</span>
                <span class="method-start">76760 ms</span>
              </div> <!-- test-method -->
              <div class="configuration-method after">
                <span class="method-name">goToHomePage</span>
                <span class="method-start">76834 ms</span>
              </div> <!-- configuration-method after -->
              <div class="test-method">
                <span class="method-name">M1_TS02_VerifyLogin(admin, admin)</span>
                <span class="method-start">77339 ms</span>
              </div> <!-- test-method -->
              <div class="configuration-method after">
                <span class="method-name">goToHomePage</span>
                <span class="method-start">80362 ms</span>
              </div> <!-- configuration-method after -->
              <div class="test-method">
                <span class="method-name">M1_TS03_VerifyInvalidLogin( ,  )</span>
                <span class="method-start">80686 ms</span>
              </div> <!-- test-method -->
              <div class="configuration-method after">
                <span class="method-name">goToHomePage</span>
                <span class="method-start">83490 ms</span>
              </div> <!-- configuration-method after -->
              <div class="test-method">
                <span class="method-name">M1_TS03_VerifyInvalidLogin(admin, 123456)</span>
                <span class="method-start">83800 ms</span>
              </div> <!-- test-method -->
              <div class="configuration-method after">
                <span class="method-name">goToHomePage</span>
                <span class="method-start">85588 ms</span>
              </div> <!-- configuration-method after -->
              <div class="test-method">
                <span class="method-name">M1_TS03_VerifyInvalidLogin(user, admin)</span>
                <span class="method-start">85866 ms</span>
              </div> <!-- test-method -->
              <div class="configuration-method after">
                <span class="method-name">goToHomePage</span>
                <span class="method-start">87849 ms</span>
              </div> <!-- configuration-method after -->
              <div class="test-method">
                <span class="method-name">M1_TS03_VerifyInvalidLogin(Tom, 123456)</span>
                <span class="method-start">88178 ms</span>
              </div> <!-- test-method -->
              <div class="configuration-method after">
                <span class="method-name">goToHomePage</span>
                <span class="method-start">90165 ms</span>
              </div> <!-- configuration-method after -->
              <div class="test-method">
                <span class="method-name">M1_TS04_Verify_Reset_your_password(1, email, Your e-mail is invalid.)</span>
                <span class="method-start">90497 ms</span>
              </div> <!-- test-method -->
              <div class="configuration-method after">
                <span class="method-name">goToHomePage</span>
                <span class="method-start">91735 ms</span>
              </div> <!-- configuration-method after -->
              <div class="test-method">
                <span class="method-name">M1_TS04_Verify_Reset_your_password(2, a@a.com, Your e-mail is required.)</span>
                <span class="method-start">91991 ms</span>
              </div> <!-- test-method -->
              <div class="configuration-method after">
                <span class="method-name">goToHomePage</span>
                <span class="method-start">93171 ms</span>
              </div> <!-- configuration-method after -->
              <div class="test-method">
                <span class="method-name">M1_TS04_Verify_Reset_your_password(3, a@a, Your e-mail is required to be at least 5 characters.)</span>
                <span class="method-start">93694 ms</span>
              </div> <!-- test-method -->
              <div class="configuration-method after">
                <span class="method-name">goToHomePage</span>
                <span class="method-start">95046 ms</span>
              </div> <!-- configuration-method after -->
              <div class="test-method">
                <img src="failed.png">
                </img>
                <span class="method-name">M1_TS04_Verify_Reset_your_password(4, email1234567890123456789012345678901234567812@com, Your e-mail cannot be longer than 50 character...)</span>
                <span class="method-start">95536 ms</span>
              </div> <!-- test-method -->
              <div class="configuration-method after">
                <span class="method-name">goToHomePage</span>
                <span class="method-start">97756 ms</span>
              </div> <!-- configuration-method after -->
              <div class="test-method">
                <span class="method-name">M1_TS04_Verify_Reset_your_password(5, admin@localhost.com, E-Mail address isn't registered!)</span>
                <span class="method-start">98020 ms</span>
              </div> <!-- test-method -->
              <div class="configuration-method after">
                <span class="method-name">goToHomePage</span>
                <span class="method-start">99581 ms</span>
              </div> <!-- configuration-method after -->
              <div class="test-method">
                <img src="failed.png">
                </img>
                <span class="method-name">M1_TS04_Verify_Reset_your_password(6, admin@localhost, Success!)</span>
                <span class="method-start">99861 ms</span>
              </div> <!-- test-method -->
              <div class="configuration-method after">
                <span class="method-name">goToHomePage</span>
                <span class="method-start">101655 ms</span>
              </div> <!-- configuration-method after -->
            </div> <!-- chronological-class -->
            <div class="chronological-class">
              <div class="chronological-class-name">com.gurukula.tests.RegistrationTest</div> <!-- chronological-class-name -->
              <div class="test-method">
                <img src="failed.png">
                </img>
                <span class="method-name">M2_TS01_Verify_NewUser_Registration(nitish, nitish@opentrash.com, Test@2018!!!!!, Test@2018!!!!!)</span>
                <span class="method-start">101954 ms</span>
              </div> <!-- test-method -->
              <div class="configuration-method after">
                <span class="method-name">goToHomePage</span>
                <span class="method-start">109863 ms</span>
              </div> <!-- configuration-method after -->
              <div class="test-method">
                <span class="method-name">M2_TS02_VerifyPasswordStrength(nitish, nitish@opentrash.com, Test@2018!!!!!, , Very Strong)</span>
                <span class="method-start">110497 ms</span>
              </div> <!-- test-method -->
              <div class="configuration-method after">
                <span class="method-name">goToHomePage</span>
                <span class="method-start">114443 ms</span>
              </div> <!-- configuration-method after -->
              <div class="test-method">
                <span class="method-name">M2_TS02_VerifyPasswordStrength(nitish, nitish@opentrash.com, Test@2018, , Strong)</span>
                <span class="method-start">114849 ms</span>
              </div> <!-- test-method -->
              <div class="configuration-method after">
                <span class="method-name">goToHomePage</span>
                <span class="method-start">117130 ms</span>
              </div> <!-- configuration-method after -->
              <div class="test-method">
                <span class="method-name">M2_TS02_VerifyPasswordStrength(nitish, nitish@opentrash.com, 12345, , Very Weak)</span>
                <span class="method-start">117725 ms</span>
              </div> <!-- test-method -->
              <div class="configuration-method after">
                <span class="method-name">goToHomePage</span>
                <span class="method-start">119946 ms</span>
              </div> <!-- configuration-method after -->
              <div class="test-method">
                <span class="method-name">M2_TS02_VerifyPasswordStrength(nitish, nitish@opentrash.com, 12345abcde, , Weak)</span>
                <span class="method-start">120260 ms</span>
              </div> <!-- test-method -->
              <div class="configuration-method after">
                <span class="method-name">goToHomePage</span>
                <span class="method-start">122567 ms</span>
              </div> <!-- configuration-method after -->
              <div class="test-method">
                <span class="method-name">M2_TS03_Registeration_ErrorMessageVerification(1, A, email, password, confirmpass, Your login is required.)</span>
                <span class="method-start">122828 ms</span>
              </div> <!-- test-method -->
              <div class="configuration-method after">
                <span class="method-name">goToHomePage</span>
                <span class="method-start">123876 ms</span>
              </div> <!-- configuration-method after -->
              <div class="test-method">
                <span class="method-name">M2_TS03_Registeration_ErrorMessageVerification(2, A123, email, password, confirmpass, Your login can only contain lower-case letters and digits.)</span>
                <span class="method-start">124197 ms</span>
              </div> <!-- test-method -->
              <div class="configuration-method after">
                <span class="method-name">goToHomePage</span>
                <span class="method-start">125110 ms</span>
              </div> <!-- configuration-method after -->
              <div class="test-method">
                <span class="method-name">M2_TS03_Registeration_ErrorMessageVerification(3, a123456789012345678901234567890123456789012345678901, , , , Your login cannot be longer than 50 c...)</span>
                <span class="method-start">125449 ms</span>
              </div> <!-- test-method -->
              <div class="configuration-method after">
                <span class="method-name">goToHomePage</span>
                <span class="method-start">126751 ms</span>
              </div> <!-- configuration-method after -->
              <div class="test-method">
                <span class="method-name">M2_TS03_Registeration_ErrorMessageVerification(4, user, email, , , Your e-mail is invalid.)</span>
                <span class="method-start">127034 ms</span>
              </div> <!-- test-method -->
              <div class="configuration-method after">
                <span class="method-name">goToHomePage</span>
                <span class="method-start">127877 ms</span>
              </div> <!-- configuration-method after -->
              <div class="test-method">
                <span class="method-name">M2_TS03_Registeration_ErrorMessageVerification(5, user, a@a.com, , , Your e-mail is required.)</span>
                <span class="method-start">128146 ms</span>
              </div> <!-- test-method -->
              <div class="configuration-method after">
                <span class="method-name">goToHomePage</span>
                <span class="method-start">129078 ms</span>
              </div> <!-- configuration-method after -->
              <div class="test-method">
                <span class="method-name">M2_TS03_Registeration_ErrorMessageVerification(6, user, a@a, , , Your e-mail is required to be at least 5 characters.)</span>
                <span class="method-start">129402 ms</span>
              </div> <!-- test-method -->
              <div class="configuration-method after">
                <span class="method-name">goToHomePage</span>
                <span class="method-start">130310 ms</span>
              </div> <!-- configuration-method after -->
              <div class="test-method">
                <img src="failed.png">
                </img>
                <span class="method-name">M2_TS03_Registeration_ErrorMessageVerification(7, user, email1234567890123456789012345678901234567812@com, , , Your e-mail cannot be longer than 50...)</span>
                <span class="method-start">130597 ms</span>
              </div> <!-- test-method -->
              <div class="configuration-method after">
                <span class="method-name">goToHomePage</span>
                <span class="method-start">132000 ms</span>
              </div> <!-- configuration-method after -->
              <div class="test-method">
                <span class="method-name">M2_TS03_Registeration_ErrorMessageVerification(8, user, a@abc.com, password, , Your password is required.)</span>
                <span class="method-start">132372 ms</span>
              </div> <!-- test-method -->
              <div class="configuration-method after">
                <span class="method-name">goToHomePage</span>
                <span class="method-start">133266 ms</span>
              </div> <!-- configuration-method after -->
              <div class="test-method">
                <span class="method-name">M2_TS03_Registeration_ErrorMessageVerification(9, user, a@abc.com, p, , Your password is required to be at least 5 characters.)</span>
                <span class="method-start">133539 ms</span>
              </div> <!-- test-method -->
              <div class="configuration-method after">
                <span class="method-name">goToHomePage</span>
                <span class="method-start">134309 ms</span>
              </div> <!-- configuration-method after -->
              <div class="test-method">
                <span class="method-name">M2_TS03_Registeration_ErrorMessageVerification(10, user, a@abc.com, password1234567890password1234567890password1234567, , Your password cannot be ...)</span>
                <span class="method-start">134734 ms</span>
              </div> <!-- test-method -->
              <div class="configuration-method after">
                <span class="method-name">goToHomePage</span>
                <span class="method-start">136223 ms</span>
              </div> <!-- configuration-method after -->
              <div class="test-method">
                <img src="failed.png">
                </img>
                <span class="method-name">M2_TS03_Registeration_ErrorMessageVerification(11, user, a@abc.com, 12345$, , Password should begin with a alphabet and should contain a number and...)</span>
                <span class="method-start">136524 ms</span>
              </div> <!-- test-method -->
              <div class="configuration-method after">
                <span class="method-name">goToHomePage</span>
                <span class="method-start">137249 ms</span>
              </div> <!-- configuration-method after -->
              <div class="test-method">
                <span class="method-name">M2_TS03_Registeration_ErrorMessageVerification(12, user, a@a, , 112345, Your confirmation password is required.)</span>
                <span class="method-start">137549 ms</span>
              </div> <!-- test-method -->
              <div class="configuration-method after">
                <span class="method-name">goToHomePage</span>
                <span class="method-start">138456 ms</span>
              </div> <!-- configuration-method after -->
              <div class="test-method">
                <span class="method-name">M2_TS03_Registeration_ErrorMessageVerification(13, user, a@a, , password1234567890password1234567890password1234567, Your confirmation password can...)</span>
                <span class="method-start">138759 ms</span>
              </div> <!-- test-method -->
              <div class="configuration-method after">
                <span class="method-name">goToHomePage</span>
                <span class="method-start">140183 ms</span>
              </div> <!-- configuration-method after -->
              <div class="test-method">
                <span class="method-name">M2_TS03_Registeration_ErrorMessageVerification(14, user, a@a, , 12, Your confirmation password is required to be at least 5 characters.)</span>
                <span class="method-start">140587 ms</span>
              </div> <!-- test-method -->
              <div class="configuration-method after">
                <span class="method-name">goToHomePage</span>
                <span class="method-start">141430 ms</span>
              </div> <!-- configuration-method after -->
              <div class="test-method">
                <img src="failed.png">
                </img>
                <span class="method-name">M2_TS03_Registeration_ErrorMessageVerification(15, user, a@a, , 12345$, Password should begin with a alphabet and should contain a number and a spe...)</span>
                <span class="method-start">141706 ms</span>
              </div> <!-- test-method -->
              <div class="configuration-method after">
                <span class="method-name">goToHomePage</span>
                <span class="method-start">142712 ms</span>
              </div> <!-- configuration-method after -->
              <div class="test-method">
                <span class="method-name">M2_TS03_Registeration_ErrorMessageVerification(16, user, a@a.com, 12345, 45678, The password and its confirmation do not match!)</span>
                <span class="method-start">143107 ms</span>
              </div> <!-- test-method -->
              <div class="configuration-method after">
                <span class="method-name">goToHomePage</span>
                <span class="method-start">145973 ms</span>
              </div> <!-- configuration-method after -->
              <div class="test-method">
                <span class="method-name">M2_TS04_VerifyRegistrationEnable</span>
                <span class="method-start">146280 ms</span>
              </div> <!-- test-method -->
              <div class="configuration-method after">
                <span class="method-name">goToHomePage</span>
                <span class="method-start">148743 ms</span>
              </div> <!-- configuration-method after -->
            </div> <!-- chronological-class -->
            <div class="chronological-class">
              <div class="chronological-class-name">com.gurukula.tests.AccountTest</div> <!-- chronological-class-name -->
              <div class="test-method">
                <img src="failed.png">
                </img>
                <span class="method-name">M3_TS01_Verify_user_settings_change</span>
                <span class="method-start">149025 ms</span>
              </div> <!-- test-method -->
              <div class="configuration-method after">
                <span class="method-name">goToHomePage</span>
                <span class="method-start">151821 ms</span>
              </div> <!-- configuration-method after -->
              <div class="test-method">
                <img src="failed.png">
                </img>
                <span class="method-name">M3_TS02_Verify_Change_user_password</span>
                <span class="method-start">152171 ms</span>
              </div> <!-- test-method -->
              <div class="configuration-method after">
                <span class="method-name">goToHomePage</span>
                <span class="method-start">157966 ms</span>
              </div> <!-- configuration-method after -->
              <div class="test-method">
                <span class="method-name">M3_TS03_VerifyPasswordStrength_ChangePwdScreen(1, Test@2018!!!!!, , Very Strong)</span>
                <span class="method-start">158310 ms</span>
              </div> <!-- test-method -->
              <div class="configuration-method after">
                <span class="method-name">goToHomePage</span>
                <span class="method-start">159577 ms</span>
              </div> <!-- configuration-method after -->
              <div class="test-method">
                <span class="method-name">M3_TS03_VerifyPasswordStrength_ChangePwdScreen(2, Test@2018, , Strong)</span>
                <span class="method-start">159946 ms</span>
              </div> <!-- test-method -->
              <div class="configuration-method after">
                <span class="method-name">goToHomePage</span>
                <span class="method-start">161123 ms</span>
              </div> <!-- configuration-method after -->
              <div class="test-method">
                <span class="method-name">M3_TS03_VerifyPasswordStrength_ChangePwdScreen(3, 12345, , Very Weak)</span>
                <span class="method-start">161499 ms</span>
              </div> <!-- test-method -->
              <div class="configuration-method after">
                <span class="method-name">goToHomePage</span>
                <span class="method-start">162726 ms</span>
              </div> <!-- configuration-method after -->
              <div class="test-method">
                <span class="method-name">M3_TS03_VerifyPasswordStrength_ChangePwdScreen(4, 12345abcde, , Weak)</span>
                <span class="method-start">162988 ms</span>
              </div> <!-- test-method -->
              <div class="configuration-method after">
                <span class="method-name">goToHomePage</span>
                <span class="method-start">164060 ms</span>
              </div> <!-- configuration-method after -->
              <div class="test-method">
                <span class="method-name">M3_TS03_VerifyPasswordStrength_ChangePwdScreen(5, password, , Your password is required.)</span>
                <span class="method-start">164420 ms</span>
              </div> <!-- test-method -->
              <div class="configuration-method after">
                <span class="method-name">goToHomePage</span>
                <span class="method-start">165841 ms</span>
              </div> <!-- configuration-method after -->
              <div class="test-method">
                <span class="method-name">M3_TS03_VerifyPasswordStrength_ChangePwdScreen(6, p, , Your password is required to be at least 5 characters.)</span>
                <span class="method-start">166189 ms</span>
              </div> <!-- test-method -->
              <div class="configuration-method after">
                <span class="method-name">goToHomePage</span>
                <span class="method-start">167219 ms</span>
              </div> <!-- configuration-method after -->
              <div class="test-method">
                <span class="method-name">M3_TS03_VerifyPasswordStrength_ChangePwdScreen(7, password1234567890password1234567890password1234567, , Your password cannot be longer than 50 cha...)</span>
                <span class="method-start">167781 ms</span>
              </div> <!-- test-method -->
              <div class="configuration-method after">
                <span class="method-name">goToHomePage</span>
                <span class="method-start">170061 ms</span>
              </div> <!-- configuration-method after -->
              <div class="test-method">
                <img src="failed.png">
                </img>
                <span class="method-name">M3_TS03_VerifyPasswordStrength_ChangePwdScreen(8, 12345$, , Password should begin with a alphabet and should contain a number and a special charact...)</span>
                <span class="method-start">170480 ms</span>
              </div> <!-- test-method -->
              <div class="configuration-method after">
                <span class="method-name">goToHomePage</span>
                <span class="method-start">171556 ms</span>
              </div> <!-- configuration-method after -->
              <div class="test-method">
                <span class="method-name">M3_TS03_VerifyPasswordStrength_ChangePwdScreen(9, , 112345, Your confirmation password is required.)</span>
                <span class="method-start">171867 ms</span>
              </div> <!-- test-method -->
              <div class="configuration-method after">
                <span class="method-name">goToHomePage</span>
                <span class="method-start">173292 ms</span>
              </div> <!-- configuration-method after -->
              <div class="test-method">
                <span class="method-name">M3_TS03_VerifyPasswordStrength_ChangePwdScreen(10, , password1234567890password1234567890password1234567, Your confirmation password cannot be long...)</span>
                <span class="method-start">173569 ms</span>
              </div> <!-- test-method -->
              <div class="configuration-method after">
                <span class="method-name">goToHomePage</span>
                <span class="method-start">175018 ms</span>
              </div> <!-- configuration-method after -->
              <div class="test-method">
                <span class="method-name">M3_TS03_VerifyPasswordStrength_ChangePwdScreen(11, , 12, Your confirmation password is required to be at least 5 characters.)</span>
                <span class="method-start">175383 ms</span>
              </div> <!-- test-method -->
              <div class="configuration-method after">
                <span class="method-name">goToHomePage</span>
                <span class="method-start">176429 ms</span>
              </div> <!-- configuration-method after -->
              <div class="test-method">
                <img src="failed.png">
                </img>
                <span class="method-name">M3_TS03_VerifyPasswordStrength_ChangePwdScreen(12, , 12345$, Password should begin with a alphabet and should contain a number and a special charac...)</span>
                <span class="method-start">176670 ms</span>
              </div> <!-- test-method -->
              <div class="configuration-method after">
                <span class="method-name">goToHomePage</span>
                <span class="method-start">177671 ms</span>
              </div> <!-- configuration-method after -->
              <div class="test-method">
                <img src="failed.png">
                </img>
                <span class="method-name">M3_TS03_VerifyPasswordStrength_ChangePwdScreen(13, 12345, 45678, The password and its confirmation do not match!)</span>
                <span class="method-start">177941 ms</span>
              </div> <!-- test-method -->
              <div class="configuration-method after">
                <span class="method-name">goToHomePage</span>
                <span class="method-start">179765 ms</span>
              </div> <!-- configuration-method after -->
              <div class="test-method">
                <span class="method-name">M3_TS04_VerifySettings_EmailFieldErrors(1, email, Your e-mail is invalid.)</span>
                <span class="method-start">180022 ms</span>
              </div> <!-- test-method -->
              <div class="configuration-method after">
                <span class="method-name">goToHomePage</span>
                <span class="method-start">181064 ms</span>
              </div> <!-- configuration-method after -->
              <div class="test-method">
                <span class="method-name">M3_TS04_VerifySettings_EmailFieldErrors(2, a@a.com, Your e-mail is required.)</span>
                <span class="method-start">181436 ms</span>
              </div> <!-- test-method -->
              <div class="configuration-method after">
                <span class="method-name">goToHomePage</span>
                <span class="method-start">182536 ms</span>
              </div> <!-- configuration-method after -->
              <div class="test-method">
                <span class="method-name">M3_TS04_VerifySettings_EmailFieldErrors(3, a@a, Your e-mail is required to be at least 5 characters.)</span>
                <span class="method-start">182826 ms</span>
              </div> <!-- test-method -->
              <div class="configuration-method after">
                <span class="method-name">goToHomePage</span>
                <span class="method-start">183799 ms</span>
              </div> <!-- configuration-method after -->
              <div class="test-method">
                <img src="failed.png">
                </img>
                <span class="method-name">M3_TS04_VerifySettings_EmailFieldErrors(4, email1234567890123456789012345678901234567812@com, Your e-mail cannot be longer than 50 character...)</span>
                <span class="method-start">184099 ms</span>
              </div> <!-- test-method -->
              <div class="configuration-method after">
                <span class="method-name">goToHomePage</span>
                <span class="method-start">185785 ms</span>
              </div> <!-- configuration-method after -->
              <div class="test-method">
                <img src="failed.png">
                </img>
                <span class="method-name">M3_TS05_Verify_Invalidate_Session</span>
                <span class="method-start">186069 ms</span>
              </div> <!-- test-method -->
              <div class="configuration-method after">
                <span class="method-name">goToHomePage</span>
                <span class="method-start">187764 ms</span>
              </div> <!-- configuration-method after -->
            </div> <!-- chronological-class -->
            <div class="chronological-class">
              <div class="chronological-class-name">com.gurukula.tests.BranchTest</div> <!-- chronological-class-name -->
              <div class="test-method">
                <span class="method-name">M4_TS01_Create_newBranch(Computers, ITC01)</span>
                <span class="method-start">188063 ms</span>
              </div> <!-- test-method -->
              <div class="configuration-method after">
                <span class="method-name">goToHomePage</span>
                <span class="method-start">192727 ms</span>
              </div> <!-- configuration-method after -->
              <div class="test-method">
                <span class="method-name">M4_TS01_Create_newBranch(Computer Networks, CN01)</span>
                <span class="method-start">193177 ms</span>
              </div> <!-- test-method -->
              <div class="configuration-method after">
                <span class="method-name">goToHomePage</span>
                <span class="method-start">197151 ms</span>
              </div> <!-- configuration-method after -->
              <div class="test-method">
                <span class="method-name">M4_TS01_Create_newBranch(C Programming, CP01)</span>
                <span class="method-start">197496 ms</span>
              </div> <!-- test-method -->
              <div class="configuration-method after">
                <span class="method-name">goToHomePage</span>
                <span class="method-start">201489 ms</span>
              </div> <!-- configuration-method after -->
              <div class="test-method">
                <span class="method-name">M4_TS01_Create_newBranch(Python Programming, CP02)</span>
                <span class="method-start">201809 ms</span>
              </div> <!-- test-method -->
              <div class="configuration-method after">
                <span class="method-name">goToHomePage</span>
                <span class="method-start">206199 ms</span>
              </div> <!-- configuration-method after -->
              <div class="test-method">
                <span class="method-name">M4_TS01_Create_newBranch(Java Programming, CP03)</span>
                <span class="method-start">206507 ms</span>
              </div> <!-- test-method -->
              <div class="configuration-method after">
                <span class="method-name">goToHomePage</span>
                <span class="method-start">210700 ms</span>
              </div> <!-- configuration-method after -->
              <div class="test-method">
                <span class="method-name">M4_TS02_Verify_BranchCreationError_Message_Handling(1, , , This field is required.)</span>
                <span class="method-start">211032 ms</span>
              </div> <!-- test-method -->
              <div class="configuration-method after">
                <span class="method-name">goToHomePage</span>
                <span class="method-start">212842 ms</span>
              </div> <!-- configuration-method after -->
              <div class="test-method">
                <span class="method-name">M4_TS02_Verify_BranchCreationError_Message_Handling(2, Com, ITC01, This field is required to be at least 5 characters.)</span>
                <span class="method-start">213234 ms</span>
              </div> <!-- test-method -->
              <div class="configuration-method after">
                <span class="method-name">goToHomePage</span>
                <span class="method-start">216264 ms</span>
              </div> <!-- configuration-method after -->
              <div class="test-method">
                <span class="method-name">M4_TS02_Verify_BranchCreationError_Message_Handling(3, BRANCHNAME BRANCHNAME, ITC01, This field cannot be longer than 20 characters.)</span>
                <span class="method-start">216612 ms</span>
              </div> <!-- test-method -->
              <div class="configuration-method after">
                <span class="method-name">goToHomePage</span>
                <span class="method-start">219531 ms</span>
              </div> <!-- configuration-method after -->
              <div class="test-method">
                <span class="method-name">M4_TS02_Verify_BranchCreationError_Message_Handling(4, Branch124, ITC01, This field should follow pattern ^[a-zA-Z\s]*$.)</span>
                <span class="method-start">219890 ms</span>
              </div> <!-- test-method -->
              <div class="configuration-method after">
                <span class="method-name">goToHomePage</span>
                <span class="method-start">222749 ms</span>
              </div> <!-- configuration-method after -->
              <div class="test-method">
                <span class="method-name">M4_TS02_Verify_BranchCreationError_Message_Handling(5, , , This field is required.)</span>
                <span class="method-start">223129 ms</span>
              </div> <!-- test-method -->
              <div class="configuration-method after">
                <span class="method-name">goToHomePage</span>
                <span class="method-start">226393 ms</span>
              </div> <!-- configuration-method after -->
              <div class="test-method">
                <span class="method-name">M4_TS02_Verify_BranchCreationError_Message_Handling(6, BRANCHNAME, I, This field is required to be at least 2 characters.)</span>
                <span class="method-start">227008 ms</span>
              </div> <!-- test-method -->
              <div class="configuration-method after">
                <span class="method-name">goToHomePage</span>
                <span class="method-start">231831 ms</span>
              </div> <!-- configuration-method after -->
              <div class="test-method">
                <span class="method-name">M4_TS02_Verify_BranchCreationError_Message_Handling(7, BRANCHNAME, ITC01234567, This field cannot be longer than 10 characters.)</span>
                <span class="method-start">232193 ms</span>
              </div> <!-- test-method -->
              <div class="configuration-method after">
                <span class="method-name">goToHomePage</span>
                <span class="method-start">236133 ms</span>
              </div> <!-- configuration-method after -->
              <div class="test-method">
                <span class="method-name">M4_TS02_Verify_BranchCreationError_Message_Handling(8, BRANCHNAME, abcd01, This field should follow pattern ^[A-Z0-9]*$.)</span>
                <span class="method-start">236619 ms</span>
              </div> <!-- test-method -->
              <div class="configuration-method after">
                <span class="method-name">goToHomePage</span>
                <span class="method-start">240576 ms</span>
              </div> <!-- configuration-method after -->
              <div class="test-method">
                <span class="method-name">M4_TS03_Verify_BranchEdit</span>
                <span class="method-start">240944 ms</span>
              </div> <!-- test-method -->
              <div class="configuration-method after">
                <span class="method-name">goToHomePage</span>
                <span class="method-start">248079 ms</span>
              </div> <!-- configuration-method after -->
              <div class="test-method">
                <span class="method-name">M4_TS04_Verify_BranchDelete</span>
                <span class="method-start">248422 ms</span>
              </div> <!-- test-method -->
              <div class="configuration-method after">
                <span class="method-name">goToHomePage</span>
                <span class="method-start">254822 ms</span>
              </div> <!-- configuration-method after -->
              <div class="test-method">
                <span class="method-name">M4_TS05_Verify_BranchView</span>
                <span class="method-start">255207 ms</span>
              </div> <!-- test-method -->
              <div class="configuration-method after">
                <span class="method-name">goToHomePage</span>
                <span class="method-start">260300 ms</span>
              </div> <!-- configuration-method after -->
            </div> <!-- chronological-class -->
            <div class="chronological-class">
              <div class="chronological-class-name">com.gurukula.tests.StaffTest</div> <!-- chronological-class-name -->
              <div class="test-method">
                <span class="method-name">M5_TS01_Create_new_staff(Mr Adam Smith, Computers)</span>
                <span class="method-start">260590 ms</span>
              </div> <!-- test-method -->
              <div class="configuration-method after">
                <span class="method-name">goToHomePage</span>
                <span class="method-start">266778 ms</span>
              </div> <!-- configuration-method after -->
              <div class="test-method">
                <span class="method-name">M5_TS01_Create_new_staff(Mrs Elizabeth Sen, Computer Networks)</span>
                <span class="method-start">267153 ms</span>
              </div> <!-- test-method -->
              <div class="configuration-method after">
                <span class="method-name">goToHomePage</span>
                <span class="method-start">272171 ms</span>
              </div> <!-- configuration-method after -->
              <div class="test-method">
                <span class="method-name">M5_TS01_Create_new_staff(Dr Peter Kokes, Python Programming)</span>
                <span class="method-start">272886 ms</span>
              </div> <!-- test-method -->
              <div class="configuration-method after">
                <span class="method-name">goToHomePage</span>
                <span class="method-start">277203 ms</span>
              </div> <!-- configuration-method after -->
              <div class="test-method">
                <span class="method-name">M5_TS01_Create_new_staff(Prof Stefan Ring, Computer Networks)</span>
                <span class="method-start">277533 ms</span>
              </div> <!-- test-method -->
              <div class="configuration-method after">
                <span class="method-name">goToHomePage</span>
                <span class="method-start">282320 ms</span>
              </div> <!-- configuration-method after -->
              <div class="test-method">
                <span class="method-name">M5_TS01_Create_new_staff(Mr Richard Stamm, Java Programming)</span>
                <span class="method-start">282652 ms</span>
              </div> <!-- test-method -->
              <div class="configuration-method after">
                <span class="method-name">goToHomePage</span>
                <span class="method-start">290287 ms</span>
              </div> <!-- configuration-method after -->
              <div class="test-method">
                <span class="method-name">M5_TS01_Create_new_staff(Mr Empty, )</span>
                <span class="method-start">290867 ms</span>
              </div> <!-- test-method -->
              <div class="configuration-method after">
                <span class="method-name">goToHomePage</span>
                <span class="method-start">295867 ms</span>
              </div> <!-- configuration-method after -->
              <div class="test-method">
                <span class="method-name">M5_TS02_Verify_StaffCreationError_Message_Handling(1, name, This field is required.)</span>
                <span class="method-start">296638 ms</span>
              </div> <!-- test-method -->
              <div class="configuration-method after">
                <span class="method-name">goToHomePage</span>
                <span class="method-start">299080 ms</span>
              </div> <!-- configuration-method after -->
              <div class="test-method">
                <span class="method-name">M5_TS02_Verify_StaffCreationError_Message_Handling(2, ProfessorName ProfessorName ProfessorName Professor, This field cannot be longer than 50 characte...)</span>
                <span class="method-start">299475 ms</span>
              </div> <!-- test-method -->
              <div class="configuration-method after">
                <span class="method-name">goToHomePage</span>
                <span class="method-start">302418 ms</span>
              </div> <!-- configuration-method after -->
              <div class="test-method">
                <span class="method-name">M5_TS02_Verify_StaffCreationError_Message_Handling(3, Prof Adam1235, This field should follow pattern ^[a-zA-Z\s]*$.)</span>
                <span class="method-start">302769 ms</span>
              </div> <!-- test-method -->
              <div class="configuration-method after">
                <span class="method-name">goToHomePage</span>
                <span class="method-start">305158 ms</span>
              </div> <!-- configuration-method after -->
              <div class="test-method">
                <span class="method-name">M5_TS03_Verify_StaffEdit</span>
                <span class="method-start">305511 ms</span>
              </div> <!-- test-method -->
              <div class="configuration-method after">
                <span class="method-name">goToHomePage</span>
                <span class="method-start">313213 ms</span>
              </div> <!-- configuration-method after -->
              <div class="test-method">
                <span class="method-name">M5_TS04_Verify_StaffDelete</span>
                <span class="method-start">313605 ms</span>
              </div> <!-- test-method -->
              <div class="configuration-method after">
                <span class="method-name">goToHomePage</span>
                <span class="method-start">321312 ms</span>
              </div> <!-- configuration-method after -->
              <div class="test-method">
                <span class="method-name">M5_TS05_Verify_StaffView</span>
                <span class="method-start">321639 ms</span>
              </div> <!-- test-method -->
              <div class="configuration-method after">
                <span class="method-name">goToHomePage</span>
                <span class="method-start">326776 ms</span>
              </div> <!-- configuration-method after -->
            </div> <!-- chronological-class -->
            <div class="chronological-class">
              <div class="chronological-class-name">com.gurukula.tests.AccountTest</div> <!-- chronological-class-name -->
              <div class="configuration-test after">
                <span class="method-name">finishTest</span>
                <span class="method-start">327063 ms</span>
              </div> <!-- configuration-test after -->
            </div> <!-- chronological-class -->
            <div class="chronological-class">
              <div class="chronological-class-name">com.gurukula.tests.BranchTest</div> <!-- chronological-class-name -->
              <div class="configuration-test after">
                <span class="method-name">finishTest</span>
                <span class="method-start">328616 ms</span>
              </div> <!-- configuration-test after -->
            </div> <!-- chronological-class -->
            <div class="chronological-class">
              <div class="chronological-class-name">com.gurukula.tests.LoginTest</div> <!-- chronological-class-name -->
              <div class="configuration-test after">
                <span class="method-name">finishTest</span>
                <span class="method-start">330275 ms</span>
              </div> <!-- configuration-test after -->
            </div> <!-- chronological-class -->
            <div class="chronological-class">
              <div class="chronological-class-name">com.gurukula.tests.RegistrationTest</div> <!-- chronological-class-name -->
              <div class="configuration-test after">
                <span class="method-name">finishTest</span>
                <span class="method-start">331366 ms</span>
              </div> <!-- configuration-test after -->
            </div> <!-- chronological-class -->
            <div class="chronological-class">
              <div class="chronological-class-name">com.gurukula.tests.StaffTest</div> <!-- chronological-class-name -->
              <div class="configuration-test after">
                <span class="method-name">finishTest</span>
                <span class="method-start">332511 ms</span>
              </div> <!-- configuration-test after -->
          </div> <!-- main-panel-content rounded-window-bottom -->
        </div> <!-- panel -->
      </div> <!-- main-panel-root -->
    </div> <!-- wrapper -->
  </body>
</html>
